{"/Users/yonghee/Documents/project/pokit/src/entities/day-plan/lib/blockIcons.ts": {"path":"/Users/yonghee/Documents/project/pokit/src/entities/day-plan/lib/blockIcons.ts","statementMap":{"0":{"start":{"line":6,"column":2},"end":{"line":6,"column":59}},"1":{"start":{"line":6,"column":34},"end":{"line":6,"column":59}},"2":{"start":{"line":7,"column":2},"end":{"line":7,"column":56}},"3":{"start":{"line":7,"column":34},"end":{"line":7,"column":56}},"4":{"start":{"line":8,"column":2},"end":{"line":8,"column":51}},"5":{"start":{"line":8,"column":31},"end":{"line":8,"column":51}},"6":{"start":{"line":9,"column":2},"end":{"line":9,"column":51}},"7":{"start":{"line":9,"column":32},"end":{"line":9,"column":51}},"8":{"start":{"line":10,"column":2},"end":{"line":10,"column":50}},"9":{"start":{"line":10,"column":32},"end":{"line":10,"column":50}},"10":{"start":{"line":11,"column":2},"end":{"line":11,"column":22}}},"fnMap":{"0":{"name":"getBlockTimelineIcon","decl":{"start":{"line":5,"column":16},"end":{"line":5,"column":36}},"loc":{"start":{"line":5,"column":83},"end":{"line":12,"column":1}},"line":5}},"branchMap":{"0":{"loc":{"start":{"line":6,"column":2},"end":{"line":6,"column":59}},"type":"if","locations":[{"start":{"line":6,"column":2},"end":{"line":6,"column":59}},{"start":{},"end":{}}],"line":6},"1":{"loc":{"start":{"line":7,"column":2},"end":{"line":7,"column":56}},"type":"if","locations":[{"start":{"line":7,"column":2},"end":{"line":7,"column":56}},{"start":{},"end":{}}],"line":7},"2":{"loc":{"start":{"line":8,"column":2},"end":{"line":8,"column":51}},"type":"if","locations":[{"start":{"line":8,"column":2},"end":{"line":8,"column":51}},{"start":{},"end":{}}],"line":8},"3":{"loc":{"start":{"line":9,"column":2},"end":{"line":9,"column":51}},"type":"if","locations":[{"start":{"line":9,"column":2},"end":{"line":9,"column":51}},{"start":{},"end":{}}],"line":9},"4":{"loc":{"start":{"line":10,"column":2},"end":{"line":10,"column":50}},"type":"if","locations":[{"start":{"line":10,"column":2},"end":{"line":10,"column":50}},{"start":{},"end":{}}],"line":10}},"s":{"0":6,"1":1,"2":5,"3":1,"4":4,"5":1,"6":3,"7":1,"8":2,"9":1,"10":1},"f":{"0":6},"b":{"0":[1,5],"1":[1,4],"2":[1,3],"3":[1,2],"4":[1,1]},"_coverageSchema":"1a1c01bbd47fc00a2c39e90264f33305004495a9","hash":"ce7891e8f9d01e55833e872ba7447c35fbfe6c9a"}
,"/Users/yonghee/Documents/project/pokit/src/entities/day-plan/lib/categoryKeyByDisplayNameResolver.ts": {"path":"/Users/yonghee/Documents/project/pokit/src/entities/day-plan/lib/categoryKeyByDisplayNameResolver.ts","statementMap":{"0":{"start":{"line":3,"column":32},"end":{"line":3,"column":36}},"1":{"start":{"line":7,"column":2},"end":{"line":7,"column":18}},"2":{"start":{"line":11,"column":12},"end":{"line":11,"column":24}},"3":{"start":{"line":12,"column":2},"end":{"line":12,"column":22}},"4":{"start":{"line":12,"column":10},"end":{"line":12,"column":22}},"5":{"start":{"line":13,"column":2},"end":{"line":13,"column":31}}},"fnMap":{"0":{"name":"registerCategoryKeyByDisplayNameResolver","decl":{"start":{"line":6,"column":16},"end":{"line":6,"column":56}},"loc":{"start":{"line":6,"column":86},"end":{"line":8,"column":1}},"line":6},"1":{"name":"resolveRegisteredCategoryKeyByDisplayName","decl":{"start":{"line":10,"column":16},"end":{"line":10,"column":57}},"loc":{"start":{"line":10,"column":88},"end":{"line":14,"column":1}},"line":10}},"branchMap":{"0":{"loc":{"start":{"line":12,"column":2},"end":{"line":12,"column":22}},"type":"if","locations":[{"start":{"line":12,"column":2},"end":{"line":12,"column":22}},{"start":{},"end":{}}],"line":12},"1":{"loc":{"start":{"line":13,"column":9},"end":{"line":13,"column":30}},"type":"binary-expr","locations":[{"start":{"line":13,"column":9},"end":{"line":13,"column":22}},{"start":{"line":13,"column":26},"end":{"line":13,"column":30}}],"line":13}},"s":{"0":5,"1":2,"2":10,"3":10,"4":1,"5":9},"f":{"0":2,"1":10},"b":{"0":[1,9],"1":[9,8]},"_coverageSchema":"1a1c01bbd47fc00a2c39e90264f33305004495a9","hash":"817278eac2c2180d56db307d3e26f3a3e6db3441"}
,"/Users/yonghee/Documents/project/pokit/src/entities/day-plan/lib/categoryReminderCatalog.ts": {"path":"/Users/yonghee/Documents/project/pokit/src/entities/day-plan/lib/categoryReminderCatalog.ts","statementMap":{"0":{"start":{"line":5,"column":38},"end":{"line":15,"column":10}},"1":{"start":{"line":19,"column":39},"end":{"line":38,"column":1}},"2":{"start":{"line":41,"column":2},"end":{"line":41,"column":53}},"3":{"start":{"line":41,"column":36},"end":{"line":41,"column":53}},"4":{"start":{"line":42,"column":2},"end":{"line":42,"column":28}}},"fnMap":{"0":{"name":"categoryReminderLabelKo","decl":{"start":{"line":40,"column":16},"end":{"line":40,"column":39}},"loc":{"start":{"line":40,"column":61},"end":{"line":43,"column":1}},"line":40}},"branchMap":{"0":{"loc":{"start":{"line":41,"column":2},"end":{"line":41,"column":53}},"type":"if","locations":[{"start":{"line":41,"column":2},"end":{"line":41,"column":53}},{"start":{},"end":{}}],"line":41},"1":{"loc":{"start":{"line":42,"column":9},"end":{"line":42,"column":27}},"type":"binary-expr","locations":[{"start":{"line":42,"column":9},"end":{"line":42,"column":20}},{"start":{"line":42,"column":24},"end":{"line":42,"column":27}}],"line":42}},"s":{"0":1,"1":1,"2":3,"3":1,"4":2},"f":{"0":3},"b":{"0":[1,2],"1":[2,1]},"_coverageSchema":"1a1c01bbd47fc00a2c39e90264f33305004495a9","hash":"ea0650b3390e3290be934ec88d0402db065a5c7c"}
,"/Users/yonghee/Documents/project/pokit/src/entities/day-plan/lib/customCatalogGroup.ts": {"path":"/Users/yonghee/Documents/project/pokit/src/entities/day-plan/lib/customCatalogGroup.ts","statementMap":{"0":{"start":{"line":9,"column":41},"end":{"line":9,"column":76}},"1":{"start":{"line":12,"column":84},"end":{"line":15,"column":1}},"2":{"start":{"line":17,"column":87},"end":{"line":22,"column":1}},"3":{"start":{"line":25,"column":2},"end":{"line":25,"column":70}}},"fnMap":{"0":{"name":"isSystemCatalogGroupKey","decl":{"start":{"line":24,"column":16},"end":{"line":24,"column":39}},"loc":{"start":{"line":24,"column":79},"end":{"line":26,"column":1}},"line":24}},"branchMap":{},"s":{"0":1,"1":1,"2":1,"3":3},"f":{"0":3},"b":{},"_coverageSchema":"1a1c01bbd47fc00a2c39e90264f33305004495a9","hash":"cd38cad43108a3e11880876efcb35deda64d3485"}
,"/Users/yonghee/Documents/project/pokit/src/entities/day-plan/lib/customFlowCategoryKey.ts": {"path":"/Users/yonghee/Documents/project/pokit/src/entities/day-plan/lib/customFlowCategoryKey.ts","statementMap":{"0":{"start":{"line":1,"column":43},"end":{"line":1,"column":65}},"1":{"start":{"line":6,"column":2},"end":{"line":6,"column":104}},"2":{"start":{"line":10,"column":20},"end":{"line":10,"column":87}},"3":{"start":{"line":12,"column":4},"end":{"line":13,"column":75}},"4":{"start":{"line":14,"column":2},"end":{"line":14,"column":46}},"5":{"start":{"line":19,"column":2},"end":{"line":19,"column":58}},"6":{"start":{"line":19,"column":45},"end":{"line":19,"column":58}},"7":{"start":{"line":20,"column":15},"end":{"line":23,"column":3}},"8":{"start":{"line":24,"column":2},"end":{"line":24,"column":49}}},"fnMap":{"0":{"name":"isCustomFlowCategoryKey","decl":{"start":{"line":5,"column":16},"end":{"line":5,"column":39}},"loc":{"start":{"line":5,"column":79},"end":{"line":7,"column":1}},"line":5},"1":{"name":"createCustomFlowCategoryId","decl":{"start":{"line":9,"column":16},"end":{"line":9,"column":42}},"loc":{"start":{"line":9,"column":68},"end":{"line":15,"column":1}},"line":9},"2":{"name":"defaultCustomFlowPickerLabel","decl":{"start":{"line":18,"column":16},"end":{"line":18,"column":44}},"loc":{"start":{"line":18,"column":74},"end":{"line":25,"column":1}},"line":18}},"branchMap":{"0":{"loc":{"start":{"line":6,"column":9},"end":{"line":6,"column":103}},"type":"binary-expr","locations":[{"start":{"line":6,"column":9},"end":{"line":6,"column":50}},{"start":{"line":6,"column":54},"end":{"line":6,"column":103}}],"line":6},"1":{"loc":{"start":{"line":12,"column":4},"end":{"line":13,"column":75}},"type":"binary-expr","locations":[{"start":{"line":12,"column":4},"end":{"line":12,"column":36}},{"start":{"line":13,"column":4},"end":{"line":13,"column":75}}],"line":12},"2":{"loc":{"start":{"line":19,"column":2},"end":{"line":19,"column":58}},"type":"if","locations":[{"start":{"line":19,"column":2},"end":{"line":19,"column":58}},{"start":{},"end":{}}],"line":19},"3":{"loc":{"start":{"line":24,"column":9},"end":{"line":24,"column":48}},"type":"cond-expr","locations":[{"start":{"line":24,"column":27},"end":{"line":24,"column":40}},{"start":{"line":24,"column":43},"end":{"line":24,"column":48}}],"line":24}},"s":{"0":2,"1":9,"2":1,"3":1,"4":1,"5":2,"6":1,"7":1,"8":1},"f":{"0":9,"1":1,"2":2},"b":{"0":[9,5],"1":[1,0],"2":[1,1],"3":[1,0]},"_coverageSchema":"1a1c01bbd47fc00a2c39e90264f33305004495a9","hash":"d3e4cba8800b8452c954bf6e52c1eee5b7c948a3"}
,"/Users/yonghee/Documents/project/pokit/src/entities/day-plan/lib/dayPlanFlowBlock.ts": {"path":"/Users/yonghee/Documents/project/pokit/src/entities/day-plan/lib/dayPlanFlowBlock.ts","statementMap":{"0":{"start":{"line":8,"column":2},"end":{"line":8,"column":43}},"1":{"start":{"line":12,"column":2},"end":{"line":12,"column":43}}},"fnMap":{"0":{"name":"isDayPlanFlowBlock","decl":{"start":{"line":7,"column":16},"end":{"line":7,"column":34}},"loc":{"start":{"line":7,"column":65},"end":{"line":9,"column":1}},"line":7},"1":{"name":"filterDayPlanFlowBlocks","decl":{"start":{"line":11,"column":16},"end":{"line":11,"column":39}},"loc":{"start":{"line":11,"column":80},"end":{"line":13,"column":1}},"line":11}},"branchMap":{},"s":{"0":8,"1":2},"f":{"0":8,"1":2},"b":{},"_coverageSchema":"1a1c01bbd47fc00a2c39e90264f33305004495a9","hash":"e4ea7c790e5cd849bfbfe9788b3aba52ec50dbf9"}
,"/Users/yonghee/Documents/project/pokit/src/entities/day-plan/lib/dayPlanRuntimeTime.ts": {"path":"/Users/yonghee/Documents/project/pokit/src/entities/day-plan/lib/dayPlanRuntimeTime.ts","statementMap":{"0":{"start":{"line":7,"column":12},"end":{"line":7,"column":53}},"1":{"start":{"line":8,"column":2},"end":{"line":8,"column":22}},"2":{"start":{"line":8,"column":10},"end":{"line":8,"column":22}},"3":{"start":{"line":9,"column":15},"end":{"line":9,"column":27}},"4":{"start":{"line":10,"column":16},"end":{"line":10,"column":28}},"5":{"start":{"line":11,"column":14},"end":{"line":11,"column":26}},"6":{"start":{"line":12,"column":2},"end":{"line":12,"column":94}},"7":{"start":{"line":12,"column":82},"end":{"line":12,"column":94}},"8":{"start":{"line":13,"column":2},"end":{"line":13,"column":30}},"9":{"start":{"line":17,"column":17},"end":{"line":17,"column":38}},"10":{"start":{"line":18,"column":2},"end":{"line":18,"column":27}},"11":{"start":{"line":18,"column":15},"end":{"line":18,"column":27}},"12":{"start":{"line":19,"column":15},"end":{"line":19,"column":78}},"13":{"start":{"line":20,"column":2},"end":{"line":20,"column":51}},"14":{"start":{"line":28,"column":2},"end":{"line":31,"column":3}},"15":{"start":{"line":29,"column":20},"end":{"line":29,"column":53}},"16":{"start":{"line":30,"column":4},"end":{"line":30,"column":59}},"17":{"start":{"line":32,"column":2},"end":{"line":32,"column":57}},"18":{"start":{"line":41,"column":16},"end":{"line":41,"column":50}},"19":{"start":{"line":42,"column":2},"end":{"line":42,"column":33}},"20":{"start":{"line":42,"column":21},"end":{"line":42,"column":33}},"21":{"start":{"line":43,"column":2},"end":{"line":43,"column":24}},"22":{"start":{"line":47,"column":12},"end":{"line":47,"column":24}},"23":{"start":{"line":48,"column":23},"end":{"line":48,"column":71}},"24":{"start":{"line":49,"column":2},"end":{"line":49,"column":40}},"25":{"start":{"line":49,"column":20},"end":{"line":49,"column":40}},"26":{"start":{"line":50,"column":2},"end":{"line":50,"column":33}},"27":{"start":{"line":50,"column":18},"end":{"line":50,"column":33}},"28":{"start":{"line":51,"column":2},"end":{"line":51,"column":46}},"29":{"start":{"line":51,"column":32},"end":{"line":51,"column":46}},"30":{"start":{"line":52,"column":2},"end":{"line":52,"column":35}},"31":{"start":{"line":52,"column":18},"end":{"line":52,"column":35}},"32":{"start":{"line":53,"column":2},"end":{"line":53,"column":50}},"33":{"start":{"line":53,"column":35},"end":{"line":53,"column":50}},"34":{"start":{"line":54,"column":2},"end":{"line":54,"column":58}},"35":{"start":{"line":54,"column":38},"end":{"line":54,"column":58}},"36":{"start":{"line":55,"column":2},"end":{"line":55,"column":44}},"37":{"start":{"line":55,"column":20},"end":{"line":55,"column":44}},"38":{"start":{"line":56,"column":2},"end":{"line":56,"column":46}},"39":{"start":{"line":56,"column":25},"end":{"line":56,"column":46}},"40":{"start":{"line":57,"column":2},"end":{"line":57,"column":38}},"41":{"start":{"line":57,"column":18},"end":{"line":57,"column":38}},"42":{"start":{"line":58,"column":2},"end":{"line":58,"column":32}},"43":{"start":{"line":58,"column":18},"end":{"line":58,"column":32}},"44":{"start":{"line":59,"column":2},"end":{"line":59,"column":76}},"45":{"start":{"line":59,"column":58},"end":{"line":59,"column":76}},"46":{"start":{"line":60,"column":2},"end":{"line":60,"column":36}},"47":{"start":{"line":60,"column":19},"end":{"line":60,"column":36}},"48":{"start":{"line":61,"column":2},"end":{"line":61,"column":35}},"49":{"start":{"line":61,"column":18},"end":{"line":61,"column":35}},"50":{"start":{"line":62,"column":2},"end":{"line":62,"column":39}},"51":{"start":{"line":62,"column":21},"end":{"line":62,"column":39}},"52":{"start":{"line":63,"column":2},"end":{"line":63,"column":50}},"53":{"start":{"line":63,"column":35},"end":{"line":63,"column":50}},"54":{"start":{"line":64,"column":2},"end":{"line":64,"column":55}},"55":{"start":{"line":64,"column":37},"end":{"line":64,"column":55}},"56":{"start":{"line":65,"column":2},"end":{"line":65,"column":56}},"57":{"start":{"line":65,"column":41},"end":{"line":65,"column":56}},"58":{"start":{"line":66,"column":2},"end":{"line":81,"column":3}},"59":{"start":{"line":80,"column":4},"end":{"line":80,"column":19}},"60":{"start":{"line":82,"column":2},"end":{"line":82,"column":51}},"61":{"start":{"line":82,"column":34},"end":{"line":82,"column":51}},"62":{"start":{"line":83,"column":2},"end":{"line":83,"column":49}},"63":{"start":{"line":83,"column":34},"end":{"line":83,"column":49}},"64":{"start":{"line":84,"column":2},"end":{"line":84,"column":38}},"65":{"start":{"line":84,"column":20},"end":{"line":84,"column":38}},"66":{"start":{"line":85,"column":2},"end":{"line":85,"column":35}},"67":{"start":{"line":85,"column":20},"end":{"line":85,"column":35}},"68":{"start":{"line":86,"column":2},"end":{"line":86,"column":14}},"69":{"start":{"line":93,"column":13},"end":{"line":93,"column":82}},"70":{"start":{"line":94,"column":2},"end":{"line":94,"column":20}},"71":{"start":{"line":94,"column":10},"end":{"line":94,"column":20}},"72":{"start":{"line":95,"column":2},"end":{"line":95,"column":59}},"73":{"start":{"line":105,"column":20},"end":{"line":105,"column":69}},"74":{"start":{"line":106,"column":18},"end":{"line":106,"column":52}},"75":{"start":{"line":107,"column":2},"end":{"line":107,"column":56}},"76":{"start":{"line":107,"column":44},"end":{"line":107,"column":56}},"77":{"start":{"line":108,"column":2},"end":{"line":108,"column":40}},"78":{"start":{"line":108,"column":28},"end":{"line":108,"column":40}},"79":{"start":{"line":109,"column":2},"end":{"line":113,"column":4}}},"fnMap":{"0":{"name":"parseDateKey","decl":{"start":{"line":6,"column":9},"end":{"line":6,"column":21}},"loc":{"start":{"line":6,"column":92},"end":{"line":14,"column":1}},"line":6},"1":{"name":"minuteOffsetToDateMs","decl":{"start":{"line":16,"column":16},"end":{"line":16,"column":36}},"loc":{"start":{"line":16,"column":91},"end":{"line":21,"column":1}},"line":16},"2":{"name":"blockEndWallTimeMs","decl":{"start":{"line":24,"column":16},"end":{"line":24,"column":34}},"loc":{"start":{"line":27,"column":17},"end":{"line":33,"column":1}},"line":27},"3":{"name":"isBlockEndInPastForDateKey","decl":{"start":{"line":36,"column":16},"end":{"line":36,"column":42}},"loc":{"start":{"line":40,"column":11},"end":{"line":44,"column":1}},"line":40},"4":{"name":"resolveCategoryKeyFromLabel","decl":{"start":{"line":46,"column":16},"end":{"line":46,"column":43}},"loc":{"start":{"line":46,"column":74},"end":{"line":87,"column":1}},"line":46},"5":{"name":"resolveBlockCategoryKey","decl":{"start":{"line":90,"column":16},"end":{"line":90,"column":39}},"loc":{"start":{"line":92,"column":17},"end":{"line":96,"column":1}},"line":92},"6":{"name":"toRuntimeTiming","decl":{"start":{"line":104,"column":16},"end":{"line":104,"column":31}},"loc":{"start":{"line":104,"column":99},"end":{"line":114,"column":1}},"line":104}},"branchMap":{"0":{"loc":{"start":{"line":8,"column":2},"end":{"line":8,"column":22}},"type":"if","locations":[{"start":{"line":8,"column":2},"end":{"line":8,"column":22}},{"start":{},"end":{}}],"line":8},"1":{"loc":{"start":{"line":12,"column":2},"end":{"line":12,"column":94}},"type":"if","locations":[{"start":{"line":12,"column":2},"end":{"line":12,"column":94}},{"start":{},"end":{}}],"line":12},"2":{"loc":{"start":{"line":12,"column":6},"end":{"line":12,"column":80}},"type":"binary-expr","locations":[{"start":{"line":12,"column":6},"end":{"line":12,"column":28}},{"start":{"line":12,"column":32},"end":{"line":12,"column":55}},{"start":{"line":12,"column":59},"end":{"line":12,"column":80}}],"line":12},"3":{"loc":{"start":{"line":18,"column":2},"end":{"line":18,"column":27}},"type":"if","locations":[{"start":{"line":18,"column":2},"end":{"line":18,"column":27}},{"start":{},"end":{}}],"line":18},"4":{"loc":{"start":{"line":28,"column":2},"end":{"line":31,"column":3}},"type":"if","locations":[{"start":{"line":28,"column":2},"end":{"line":31,"column":3}},{"start":{},"end":{}}],"line":28},"5":{"loc":{"start":{"line":39,"column":2},"end":{"line":39,"column":28}},"type":"default-arg","locations":[{"start":{"line":39,"column":18},"end":{"line":39,"column":28}}],"line":39},"6":{"loc":{"start":{"line":42,"column":2},"end":{"line":42,"column":33}},"type":"if","locations":[{"start":{"line":42,"column":2},"end":{"line":42,"column":33}},{"start":{},"end":{}}],"line":42},"7":{"loc":{"start":{"line":49,"column":2},"end":{"line":49,"column":40}},"type":"if","locations":[{"start":{"line":49,"column":2},"end":{"line":49,"column":40}},{"start":{},"end":{}}],"line":49},"8":{"loc":{"start":{"line":50,"column":2},"end":{"line":50,"column":33}},"type":"if","locations":[{"start":{"line":50,"column":2},"end":{"line":50,"column":33}},{"start":{},"end":{}}],"line":50},"9":{"loc":{"start":{"line":51,"column":2},"end":{"line":51,"column":46}},"type":"if","locations":[{"start":{"line":51,"column":2},"end":{"line":51,"column":46}},{"start":{},"end":{}}],"line":51},"10":{"loc":{"start":{"line":51,"column":6},"end":{"line":51,"column":30}},"type":"binary-expr","locations":[{"start":{"line":51,"column":6},"end":{"line":51,"column":16}},{"start":{"line":51,"column":20},"end":{"line":51,"column":30}}],"line":51},"11":{"loc":{"start":{"line":52,"column":2},"end":{"line":52,"column":35}},"type":"if","locations":[{"start":{"line":52,"column":2},"end":{"line":52,"column":35}},{"start":{},"end":{}}],"line":52},"12":{"loc":{"start":{"line":53,"column":2},"end":{"line":53,"column":50}},"type":"if","locations":[{"start":{"line":53,"column":2},"end":{"line":53,"column":50}},{"start":{},"end":{}}],"line":53},"13":{"loc":{"start":{"line":53,"column":6},"end":{"line":53,"column":33}},"type":"binary-expr","locations":[{"start":{"line":53,"column":6},"end":{"line":53,"column":16}},{"start":{"line":53,"column":20},"end":{"line":53,"column":33}}],"line":53},"14":{"loc":{"start":{"line":54,"column":2},"end":{"line":54,"column":58}},"type":"if","locations":[{"start":{"line":54,"column":2},"end":{"line":54,"column":58}},{"start":{},"end":{}}],"line":54},"15":{"loc":{"start":{"line":54,"column":6},"end":{"line":54,"column":36}},"type":"binary-expr","locations":[{"start":{"line":54,"column":6},"end":{"line":54,"column":20}},{"start":{"line":54,"column":24},"end":{"line":54,"column":36}}],"line":54},"16":{"loc":{"start":{"line":55,"column":2},"end":{"line":55,"column":44}},"type":"if","locations":[{"start":{"line":55,"column":2},"end":{"line":55,"column":44}},{"start":{},"end":{}}],"line":55},"17":{"loc":{"start":{"line":56,"column":2},"end":{"line":56,"column":46}},"type":"if","locations":[{"start":{"line":56,"column":2},"end":{"line":56,"column":46}},{"start":{},"end":{}}],"line":56},"18":{"loc":{"start":{"line":57,"column":2},"end":{"line":57,"column":38}},"type":"if","locations":[{"start":{"line":57,"column":2},"end":{"line":57,"column":38}},{"start":{},"end":{}}],"line":57},"19":{"loc":{"start":{"line":58,"column":2},"end":{"line":58,"column":32}},"type":"if","locations":[{"start":{"line":58,"column":2},"end":{"line":58,"column":32}},{"start":{},"end":{}}],"line":58},"20":{"loc":{"start":{"line":59,"column":2},"end":{"line":59,"column":76}},"type":"if","locations":[{"start":{"line":59,"column":2},"end":{"line":59,"column":76}},{"start":{},"end":{}}],"line":59},"21":{"loc":{"start":{"line":59,"column":6},"end":{"line":59,"column":56}},"type":"binary-expr","locations":[{"start":{"line":59,"column":6},"end":{"line":59,"column":22}},{"start":{"line":59,"column":26},"end":{"line":59,"column":39}},{"start":{"line":59,"column":43},"end":{"line":59,"column":56}}],"line":59},"22":{"loc":{"start":{"line":60,"column":2},"end":{"line":60,"column":36}},"type":"if","locations":[{"start":{"line":60,"column":2},"end":{"line":60,"column":36}},{"start":{},"end":{}}],"line":60},"23":{"loc":{"start":{"line":61,"column":2},"end":{"line":61,"column":35}},"type":"if","locations":[{"start":{"line":61,"column":2},"end":{"line":61,"column":35}},{"start":{},"end":{}}],"line":61},"24":{"loc":{"start":{"line":62,"column":2},"end":{"line":62,"column":39}},"type":"if","locations":[{"start":{"line":62,"column":2},"end":{"line":62,"column":39}},{"start":{},"end":{}}],"line":62},"25":{"loc":{"start":{"line":63,"column":2},"end":{"line":63,"column":50}},"type":"if","locations":[{"start":{"line":63,"column":2},"end":{"line":63,"column":50}},{"start":{},"end":{}}],"line":63},"26":{"loc":{"start":{"line":63,"column":6},"end":{"line":63,"column":33}},"type":"binary-expr","locations":[{"start":{"line":63,"column":6},"end":{"line":63,"column":19}},{"start":{"line":63,"column":23},"end":{"line":63,"column":33}}],"line":63},"27":{"loc":{"start":{"line":64,"column":2},"end":{"line":64,"column":55}},"type":"if","locations":[{"start":{"line":64,"column":2},"end":{"line":64,"column":55}},{"start":{},"end":{}}],"line":64},"28":{"loc":{"start":{"line":64,"column":6},"end":{"line":64,"column":35}},"type":"binary-expr","locations":[{"start":{"line":64,"column":6},"end":{"line":64,"column":21}},{"start":{"line":64,"column":25},"end":{"line":64,"column":35}}],"line":64},"29":{"loc":{"start":{"line":65,"column":2},"end":{"line":65,"column":56}},"type":"if","locations":[{"start":{"line":65,"column":2},"end":{"line":65,"column":56}},{"start":{},"end":{}}],"line":65},"30":{"loc":{"start":{"line":65,"column":6},"end":{"line":65,"column":39}},"type":"binary-expr","locations":[{"start":{"line":65,"column":6},"end":{"line":65,"column":22}},{"start":{"line":65,"column":26},"end":{"line":65,"column":39}}],"line":65},"31":{"loc":{"start":{"line":66,"column":2},"end":{"line":81,"column":3}},"type":"if","locations":[{"start":{"line":66,"column":2},"end":{"line":81,"column":3}},{"start":{},"end":{}}],"line":66},"32":{"loc":{"start":{"line":67,"column":4},"end":{"line":78,"column":14}},"type":"binary-expr","locations":[{"start":{"line":67,"column":4},"end":{"line":67,"column":14}},{"start":{"line":68,"column":4},"end":{"line":68,"column":15}},{"start":{"line":69,"column":4},"end":{"line":69,"column":15}},{"start":{"line":70,"column":4},"end":{"line":70,"column":18}},{"start":{"line":71,"column":4},"end":{"line":71,"column":20}},{"start":{"line":72,"column":4},"end":{"line":72,"column":18}},{"start":{"line":73,"column":4},"end":{"line":73,"column":21}},{"start":{"line":74,"column":4},"end":{"line":74,"column":15}},{"start":{"line":75,"column":4},"end":{"line":75,"column":14}},{"start":{"line":76,"column":4},"end":{"line":76,"column":14}},{"start":{"line":77,"column":4},"end":{"line":77,"column":16}},{"start":{"line":78,"column":4},"end":{"line":78,"column":14}}],"line":67},"33":{"loc":{"start":{"line":82,"column":2},"end":{"line":82,"column":51}},"type":"if","locations":[{"start":{"line":82,"column":2},"end":{"line":82,"column":51}},{"start":{},"end":{}}],"line":82},"34":{"loc":{"start":{"line":82,"column":6},"end":{"line":82,"column":32}},"type":"binary-expr","locations":[{"start":{"line":82,"column":6},"end":{"line":82,"column":16}},{"start":{"line":82,"column":20},"end":{"line":82,"column":32}}],"line":82},"35":{"loc":{"start":{"line":83,"column":2},"end":{"line":83,"column":49}},"type":"if","locations":[{"start":{"line":83,"column":2},"end":{"line":83,"column":49}},{"start":{},"end":{}}],"line":83},"36":{"loc":{"start":{"line":83,"column":6},"end":{"line":83,"column":32}},"type":"binary-expr","locations":[{"start":{"line":83,"column":6},"end":{"line":83,"column":16}},{"start":{"line":83,"column":20},"end":{"line":83,"column":32}}],"line":83},"37":{"loc":{"start":{"line":84,"column":2},"end":{"line":84,"column":38}},"type":"if","locations":[{"start":{"line":84,"column":2},"end":{"line":84,"column":38}},{"start":{},"end":{}}],"line":84},"38":{"loc":{"start":{"line":85,"column":2},"end":{"line":85,"column":35}},"type":"if","locations":[{"start":{"line":85,"column":2},"end":{"line":85,"column":35}},{"start":{},"end":{}}],"line":85},"39":{"loc":{"start":{"line":93,"column":13},"end":{"line":93,"column":82}},"type":"cond-expr","locations":[{"start":{"line":93,"column":53},"end":{"line":93,"column":77}},{"start":{"line":93,"column":80},"end":{"line":93,"column":82}}],"line":93},"40":{"loc":{"start":{"line":94,"column":2},"end":{"line":94,"column":20}},"type":"if","locations":[{"start":{"line":94,"column":2},"end":{"line":94,"column":20}},{"start":{},"end":{}}],"line":94},"41":{"loc":{"start":{"line":95,"column":37},"end":{"line":95,"column":57}},"type":"binary-expr","locations":[{"start":{"line":95,"column":37},"end":{"line":95,"column":51}},{"start":{"line":95,"column":55},"end":{"line":95,"column":57}}],"line":95},"42":{"loc":{"start":{"line":107,"column":2},"end":{"line":107,"column":56}},"type":"if","locations":[{"start":{"line":107,"column":2},"end":{"line":107,"column":56}},{"start":{},"end":{}}],"line":107},"43":{"loc":{"start":{"line":107,"column":6},"end":{"line":107,"column":42}},"type":"binary-expr","locations":[{"start":{"line":107,"column":6},"end":{"line":107,"column":23}},{"start":{"line":107,"column":27},"end":{"line":107,"column":42}}],"line":107},"44":{"loc":{"start":{"line":108,"column":2},"end":{"line":108,"column":40}},"type":"if","locations":[{"start":{"line":108,"column":2},"end":{"line":108,"column":40}},{"start":{},"end":{}}],"line":108}},"s":{"0":13,"1":13,"2":1,"3":12,"4":12,"5":12,"6":12,"7":0,"8":12,"9":13,"10":13,"11":1,"12":12,"13":12,"14":7,"15":1,"16":1,"17":6,"18":3,"19":3,"20":0,"21":3,"22":7,"23":7,"24":7,"25":0,"26":7,"27":0,"28":7,"29":0,"30":7,"31":4,"32":3,"33":0,"34":3,"35":0,"36":3,"37":0,"38":3,"39":0,"40":3,"41":0,"42":3,"43":0,"44":3,"45":0,"46":3,"47":0,"48":3,"49":0,"50":3,"51":0,"52":3,"53":0,"54":3,"55":0,"56":3,"57":0,"58":3,"59":0,"60":3,"61":0,"62":3,"63":1,"64":2,"65":0,"66":2,"67":0,"68":2,"69":4,"70":4,"71":2,"72":2,"73":3,"74":3,"75":3,"76":0,"77":3,"78":1,"79":2},"f":{"0":13,"1":13,"2":7,"3":3,"4":7,"5":4,"6":3},"b":{"0":[1,12],"1":[0,12],"2":[12,12,12],"3":[1,12],"4":[1,6],"5":[2],"6":[0,3],"7":[0,7],"8":[0,7],"9":[0,7],"10":[7,7],"11":[4,3],"12":[0,3],"13":[3,3],"14":[0,3],"15":[3,3],"16":[0,3],"17":[0,3],"18":[0,3],"19":[0,3],"20":[0,3],"21":[3,3,3],"22":[0,3],"23":[0,3],"24":[0,3],"25":[0,3],"26":[3,3],"27":[0,3],"28":[3,3],"29":[0,3],"30":[3,3],"31":[0,3],"32":[3,3,3,3,3,3,3,3,3,3,3,3],"33":[0,3],"34":[3,3],"35":[1,2],"36":[3,2],"37":[0,2],"38":[0,2],"39":[2,2],"40":[2,2],"41":[2,0],"42":[0,3],"43":[3,3],"44":[1,2]},"_coverageSchema":"1a1c01bbd47fc00a2c39e90264f33305004495a9","hash":"103ed424ea12b3061ba113ace2fcd47ffd26f115"}
,"/Users/yonghee/Documents/project/pokit/src/entities/day-plan/lib/dayPlanTime.ts": {"path":"/Users/yonghee/Documents/project/pokit/src/entities/day-plan/lib/dayPlanTime.ts","statementMap":{"0":{"start":{"line":7,"column":2},"end":{"line":7,"column":48}},"1":{"start":{"line":12,"column":2},"end":{"line":14,"column":3}},"2":{"start":{"line":13,"column":4},"end":{"line":13,"column":38}},"3":{"start":{"line":15,"column":2},"end":{"line":15,"column":26}},"4":{"start":{"line":19,"column":2},"end":{"line":21,"column":3}},"5":{"start":{"line":20,"column":4},"end":{"line":20,"column":79}},"6":{"start":{"line":22,"column":2},"end":{"line":22,"column":67}},"7":{"start":{"line":26,"column":2},"end":{"line":28,"column":3}},"8":{"start":{"line":27,"column":4},"end":{"line":27,"column":19}},"9":{"start":{"line":29,"column":12},"end":{"line":29,"column":55}},"10":{"start":{"line":30,"column":14},"end":{"line":30,"column":32}},"11":{"start":{"line":31,"column":14},"end":{"line":31,"column":20}},"12":{"start":{"line":32,"column":15},"end":{"line":32,"column":23}},"13":{"start":{"line":33,"column":14},"end":{"line":33,"column":44}},"14":{"start":{"line":34,"column":17},"end":{"line":34,"column":35}},"15":{"start":{"line":35,"column":2},"end":{"line":35,"column":60}},"16":{"start":{"line":43,"column":12},"end":{"line":43,"column":23}},"17":{"start":{"line":44,"column":2},"end":{"line":44,"column":40}},"18":{"start":{"line":44,"column":21},"end":{"line":44,"column":40}},"19":{"start":{"line":45,"column":12},"end":{"line":45,"column":33}},"20":{"start":{"line":46,"column":2},"end":{"line":46,"column":30}},"21":{"start":{"line":46,"column":18},"end":{"line":46,"column":30}},"22":{"start":{"line":47,"column":2},"end":{"line":47,"column":32}},"23":{"start":{"line":51,"column":2},"end":{"line":51,"column":97}},"24":{"start":{"line":55,"column":2},"end":{"line":55,"column":55}},"25":{"start":{"line":55,"column":36},"end":{"line":55,"column":53}},"26":{"start":{"line":68,"column":2},"end":{"line":68,"column":40}},"27":{"start":{"line":79,"column":17},"end":{"line":79,"column":72}},"28":{"start":{"line":80,"column":16},"end":{"line":84,"column":3}},"29":{"start":{"line":82,"column":6},"end":{"line":83,"column":101}},"30":{"start":{"line":85,"column":2},"end":{"line":85,"column":23}},"31":{"start":{"line":96,"column":17},"end":{"line":96,"column":72}},"32":{"start":{"line":97,"column":2},"end":{"line":101,"column":4}},"33":{"start":{"line":99,"column":6},"end":{"line":100,"column":101}},"34":{"start":{"line":106,"column":2},"end":{"line":106,"column":83}},"35":{"start":{"line":106,"column":35},"end":{"line":106,"column":78}},"36":{"start":{"line":115,"column":15},"end":{"line":115,"column":66}},"37":{"start":{"line":116,"column":17},"end":{"line":116,"column":42}},"38":{"start":{"line":117,"column":2},"end":{"line":117,"column":53}},"39":{"start":{"line":117,"column":28},"end":{"line":117,"column":43}},"40":{"start":{"line":127,"column":15},"end":{"line":127,"column":66}},"41":{"start":{"line":128,"column":17},"end":{"line":128,"column":42}},"42":{"start":{"line":129,"column":14},"end":{"line":129,"column":57}},"43":{"start":{"line":129,"column":38},"end":{"line":129,"column":56}},"44":{"start":{"line":130,"column":2},"end":{"line":130,"column":90}},"45":{"start":{"line":130,"column":18},"end":{"line":130,"column":90}},"46":{"start":{"line":132,"column":2},"end":{"line":135,"column":3}},"47":{"start":{"line":132,"column":15},"end":{"line":132,"column":22}},"48":{"start":{"line":133,"column":14},"end":{"line":133,"column":23}},"49":{"start":{"line":134,"column":4},"end":{"line":134,"column":39}},"50":{"start":{"line":134,"column":30},"end":{"line":134,"column":39}},"51":{"start":{"line":136,"column":2},"end":{"line":136,"column":14}}},"fnMap":{"0":{"name":"getLocalMinutesOfDayNow","decl":{"start":{"line":6,"column":16},"end":{"line":6,"column":39}},"loc":{"start":{"line":6,"column":72},"end":{"line":8,"column":1}},"line":6},"1":{"name":"effectiveEndMinutesExclusive","decl":{"start":{"line":11,"column":16},"end":{"line":11,"column":44}},"loc":{"start":{"line":11,"column":74},"end":{"line":16,"column":1}},"line":11},"2":{"name":"blockDurationSec","decl":{"start":{"line":18,"column":16},"end":{"line":18,"column":32}},"loc":{"start":{"line":18,"column":62},"end":{"line":23,"column":1}},"line":18},"3":{"name":"formatMinuteOfDayKo","decl":{"start":{"line":25,"column":16},"end":{"line":25,"column":35}},"loc":{"start":{"line":25,"column":61},"end":{"line":36,"column":1}},"line":25},"4":{"name":"formatHhmmClockKo","decl":{"start":{"line":42,"column":16},"end":{"line":42,"column":33}},"loc":{"start":{"line":42,"column":56},"end":{"line":48,"column":1}},"line":42},"5":{"name":"formatBlockTimeRange","decl":{"start":{"line":50,"column":16},"end":{"line":50,"column":36}},"loc":{"start":{"line":50,"column":66},"end":{"line":52,"column":1}},"line":50},"6":{"name":"sortDayPlanBlocks","decl":{"start":{"line":54,"column":16},"end":{"line":54,"column":33}},"loc":{"start":{"line":54,"column":74},"end":{"line":56,"column":1}},"line":54},"7":{"name":"(anonymous_7)","decl":{"start":{"line":55,"column":26},"end":{"line":55,"column":27}},"loc":{"start":{"line":55,"column":36},"end":{"line":55,"column":53}},"line":55},"8":{"name":"dayPlanTimeRangesOverlap","decl":{"start":{"line":62,"column":16},"end":{"line":62,"column":40}},"loc":{"start":{"line":67,"column":11},"end":{"line":69,"column":1}},"line":67},"9":{"name":"findOverlappingDayPlanBlock","decl":{"start":{"line":72,"column":16},"end":{"line":72,"column":43}},"loc":{"start":{"line":78,"column":23},"end":{"line":86,"column":1}},"line":78},"10":{"name":"(anonymous_10)","decl":{"start":{"line":81,"column":4},"end":{"line":81,"column":5}},"loc":{"start":{"line":82,"column":6},"end":{"line":83,"column":101}},"line":82},"11":{"name":"findOverlappingDayPlanBlocks","decl":{"start":{"line":89,"column":16},"end":{"line":89,"column":44}},"loc":{"start":{"line":95,"column":18},"end":{"line":102,"column":1}},"line":95},"12":{"name":"(anonymous_12)","decl":{"start":{"line":98,"column":4},"end":{"line":98,"column":5}},"loc":{"start":{"line":99,"column":6},"end":{"line":100,"column":101}},"line":99},"13":{"name":"totalPlannedMinutes","decl":{"start":{"line":105,"column":16},"end":{"line":105,"column":35}},"loc":{"start":{"line":105,"column":68},"end":{"line":107,"column":1}},"line":105},"14":{"name":"(anonymous_14)","decl":{"start":{"line":106,"column":23},"end":{"line":106,"column":24}},"loc":{"start":{"line":106,"column":35},"end":{"line":106,"column":78}},"line":106},"15":{"name":"getFirstPendingBlock","decl":{"start":{"line":110,"column":16},"end":{"line":110,"column":36}},"loc":{"start":{"line":114,"column":23},"end":{"line":118,"column":1}},"line":114},"16":{"name":"(anonymous_16)","decl":{"start":{"line":117,"column":21},"end":{"line":117,"column":22}},"loc":{"start":{"line":117,"column":28},"end":{"line":117,"column":43}},"line":117},"17":{"name":"getNextPendingAfter","decl":{"start":{"line":121,"column":16},"end":{"line":121,"column":35}},"loc":{"start":{"line":126,"column":23},"end":{"line":137,"column":1}},"line":126},"18":{"name":"(anonymous_18)","decl":{"start":{"line":129,"column":31},"end":{"line":129,"column":32}},"loc":{"start":{"line":129,"column":38},"end":{"line":129,"column":56}},"line":129}},"branchMap":{"0":{"loc":{"start":{"line":6,"column":40},"end":{"line":6,"column":62}},"type":"default-arg","locations":[{"start":{"line":6,"column":52},"end":{"line":6,"column":62}}],"line":6},"1":{"loc":{"start":{"line":12,"column":2},"end":{"line":14,"column":3}},"type":"if","locations":[{"start":{"line":12,"column":2},"end":{"line":14,"column":3}},{"start":{},"end":{}}],"line":12},"2":{"loc":{"start":{"line":19,"column":2},"end":{"line":21,"column":3}},"type":"if","locations":[{"start":{"line":19,"column":2},"end":{"line":21,"column":3}},{"start":{},"end":{}}],"line":19},"3":{"loc":{"start":{"line":26,"column":2},"end":{"line":28,"column":3}},"type":"if","locations":[{"start":{"line":26,"column":2},"end":{"line":28,"column":3}},{"start":{},"end":{}}],"line":26},"4":{"loc":{"start":{"line":33,"column":14},"end":{"line":33,"column":44}},"type":"cond-expr","locations":[{"start":{"line":33,"column":31},"end":{"line":33,"column":33}},{"start":{"line":33,"column":36},"end":{"line":33,"column":44}}],"line":33},"5":{"loc":{"start":{"line":34,"column":17},"end":{"line":34,"column":35}},"type":"cond-expr","locations":[{"start":{"line":34,"column":24},"end":{"line":34,"column":28}},{"start":{"line":34,"column":31},"end":{"line":34,"column":35}}],"line":34},"6":{"loc":{"start":{"line":44,"column":2},"end":{"line":44,"column":40}},"type":"if","locations":[{"start":{"line":44,"column":2},"end":{"line":44,"column":40}},{"start":{},"end":{}}],"line":44},"7":{"loc":{"start":{"line":46,"column":2},"end":{"line":46,"column":30}},"type":"if","locations":[{"start":{"line":46,"column":2},"end":{"line":46,"column":30}},{"start":{},"end":{}}],"line":46},"8":{"loc":{"start":{"line":68,"column":9},"end":{"line":68,"column":39}},"type":"binary-expr","locations":[{"start":{"line":68,"column":9},"end":{"line":68,"column":22}},{"start":{"line":68,"column":26},"end":{"line":68,"column":39}}],"line":68},"9":{"loc":{"start":{"line":79,"column":17},"end":{"line":79,"column":72}},"type":"cond-expr","locations":[{"start":{"line":79,"column":39},"end":{"line":79,"column":59}},{"start":{"line":79,"column":62},"end":{"line":79,"column":72}}],"line":79},"10":{"loc":{"start":{"line":82,"column":6},"end":{"line":83,"column":101}},"type":"binary-expr","locations":[{"start":{"line":82,"column":6},"end":{"line":82,"column":29}},{"start":{"line":83,"column":6},"end":{"line":83,"column":101}}],"line":82},"11":{"loc":{"start":{"line":85,"column":9},"end":{"line":85,"column":22}},"type":"binary-expr","locations":[{"start":{"line":85,"column":9},"end":{"line":85,"column":14}},{"start":{"line":85,"column":18},"end":{"line":85,"column":22}}],"line":85},"12":{"loc":{"start":{"line":96,"column":17},"end":{"line":96,"column":72}},"type":"cond-expr","locations":[{"start":{"line":96,"column":39},"end":{"line":96,"column":59}},{"start":{"line":96,"column":62},"end":{"line":96,"column":72}}],"line":96},"13":{"loc":{"start":{"line":99,"column":6},"end":{"line":100,"column":101}},"type":"binary-expr","locations":[{"start":{"line":99,"column":6},"end":{"line":99,"column":29}},{"start":{"line":100,"column":6},"end":{"line":100,"column":101}}],"line":99},"14":{"loc":{"start":{"line":117,"column":9},"end":{"line":117,"column":52}},"type":"binary-expr","locations":[{"start":{"line":117,"column":9},"end":{"line":117,"column":44}},{"start":{"line":117,"column":48},"end":{"line":117,"column":52}}],"line":117},"15":{"loc":{"start":{"line":130,"column":2},"end":{"line":130,"column":90}},"type":"if","locations":[{"start":{"line":130,"column":2},"end":{"line":130,"column":90}},{"start":{},"end":{}}],"line":130},"16":{"loc":{"start":{"line":134,"column":4},"end":{"line":134,"column":39}},"type":"if","locations":[{"start":{"line":134,"column":4},"end":{"line":134,"column":39}},{"start":{},"end":{}}],"line":134},"17":{"loc":{"start":{"line":134,"column":8},"end":{"line":134,"column":28}},"type":"binary-expr","locations":[{"start":{"line":134,"column":8},"end":{"line":134,"column":9}},{"start":{"line":134,"column":13},"end":{"line":134,"column":28}}],"line":134}},"s":{"0":1,"1":8,"2":1,"3":7,"4":4,"5":1,"6":3,"7":2,"8":0,"9":2,"10":2,"11":2,"12":2,"13":2,"14":2,"15":2,"16":2,"17":2,"18":1,"19":1,"20":1,"21":0,"22":1,"23":0,"24":8,"25":9,"26":8,"27":4,"28":4,"29":4,"30":4,"31":1,"32":1,"33":3,"34":1,"35":2,"36":2,"37":2,"38":2,"39":3,"40":3,"41":3,"42":3,"43":6,"44":3,"45":0,"46":3,"47":3,"48":2,"49":2,"50":2,"51":1},"f":{"0":1,"1":8,"2":4,"3":2,"4":2,"5":0,"6":8,"7":9,"8":8,"9":4,"10":4,"11":1,"12":3,"13":1,"14":2,"15":2,"16":3,"17":3,"18":6},"b":{"0":[0],"1":[1,7],"2":[1,3],"3":[0,2],"4":[0,2],"5":[1,1],"6":[1,1],"7":[0,1],"8":[8,8],"9":[0,4],"10":[4,3],"11":[4,2],"12":[0,1],"13":[3,3],"14":[2,0],"15":[0,3],"16":[2,0],"17":[2,2]},"_coverageSchema":"1a1c01bbd47fc00a2c39e90264f33305004495a9","hash":"01ec3907b4847f8c71e4a850ee1b69deb69531c5"}
,"/Users/yonghee/Documents/project/pokit/src/entities/day-plan/lib/dayPlanTimeMath.ts": {"path":"/Users/yonghee/Documents/project/pokit/src/entities/day-plan/lib/dayPlanTimeMath.ts","statementMap":{"0":{"start":{"line":4,"column":42},"end":{"line":4,"column":44}},"1":{"start":{"line":7,"column":33},"end":{"line":7,"column":34}},"2":{"start":{"line":10,"column":52},"end":{"line":10,"column":55}},"3":{"start":{"line":14,"column":2},"end":{"line":16,"column":3}},"4":{"start":{"line":15,"column":4},"end":{"line":15,"column":19}},"5":{"start":{"line":17,"column":12},"end":{"line":17,"column":68}},"6":{"start":{"line":18,"column":2},"end":{"line":18,"column":36}},"7":{"start":{"line":18,"column":21},"end":{"line":18,"column":36}},"8":{"start":{"line":19,"column":12},"end":{"line":19,"column":30}},"9":{"start":{"line":20,"column":14},"end":{"line":20,"column":20}},"10":{"start":{"line":21,"column":2},"end":{"line":21,"column":73}},"11":{"start":{"line":25,"column":2},"end":{"line":25,"column":43}},"12":{"start":{"line":33,"column":19},"end":{"line":33,"column":47}},"13":{"start":{"line":34,"column":15},"end":{"line":34,"column":55}},"14":{"start":{"line":35,"column":15},"end":{"line":35,"column":64}},"15":{"start":{"line":36,"column":13},"end":{"line":36,"column":58}},"16":{"start":{"line":37,"column":2},"end":{"line":37,"column":37}},"17":{"start":{"line":37,"column":22},"end":{"line":37,"column":37}},"18":{"start":{"line":38,"column":2},"end":{"line":40,"column":3}},"19":{"start":{"line":39,"column":4},"end":{"line":39,"column":66}},"20":{"start":{"line":41,"column":2},"end":{"line":43,"column":3}},"21":{"start":{"line":42,"column":4},"end":{"line":42,"column":60}},"22":{"start":{"line":44,"column":2},"end":{"line":47,"column":4}},"23":{"start":{"line":55,"column":2},"end":{"line":55,"column":83}}},"fnMap":{"0":{"name":"formatMinutesToHHmm","decl":{"start":{"line":13,"column":16},"end":{"line":13,"column":35}},"loc":{"start":{"line":13,"column":66},"end":{"line":22,"column":1}},"line":13},"1":{"name":"snapMinutes","decl":{"start":{"line":24,"column":16},"end":{"line":24,"column":27}},"loc":{"start":{"line":24,"column":87},"end":{"line":26,"column":1}},"line":24},"2":{"name":"defaultEditorBlockTimesFromNow","decl":{"start":{"line":29,"column":16},"end":{"line":29,"column":46}},"loc":{"start":{"line":32,"column":42},"end":{"line":48,"column":1}},"line":32},"3":{"name":"defaultPriorityWindowFromNow","decl":{"start":{"line":51,"column":16},"end":{"line":51,"column":44}},"loc":{"start":{"line":54,"column":2},"end":{"line":56,"column":1}},"line":54}},"branchMap":{"0":{"loc":{"start":{"line":14,"column":2},"end":{"line":16,"column":3}},"type":"if","locations":[{"start":{"line":14,"column":2},"end":{"line":16,"column":3}},{"start":{},"end":{}}],"line":14},"1":{"loc":{"start":{"line":18,"column":2},"end":{"line":18,"column":36}},"type":"if","locations":[{"start":{"line":18,"column":2},"end":{"line":18,"column":36}},{"start":{},"end":{}}],"line":18},"2":{"loc":{"start":{"line":24,"column":45},"end":{"line":24,"column":77}},"type":"default-arg","locations":[{"start":{"line":24,"column":60},"end":{"line":24,"column":77}}],"line":24},"3":{"loc":{"start":{"line":30,"column":2},"end":{"line":30,"column":24}},"type":"default-arg","locations":[{"start":{"line":30,"column":14},"end":{"line":30,"column":24}}],"line":30},"4":{"loc":{"start":{"line":31,"column":2},"end":{"line":31,"column":26}},"type":"default-arg","locations":[{"start":{"line":31,"column":24},"end":{"line":31,"column":26}}],"line":31},"5":{"loc":{"start":{"line":37,"column":2},"end":{"line":37,"column":37}},"type":"if","locations":[{"start":{"line":37,"column":2},"end":{"line":37,"column":37}},{"start":{},"end":{}}],"line":37},"6":{"loc":{"start":{"line":38,"column":2},"end":{"line":40,"column":3}},"type":"if","locations":[{"start":{"line":38,"column":2},"end":{"line":40,"column":3}},{"start":{},"end":{}}],"line":38},"7":{"loc":{"start":{"line":41,"column":2},"end":{"line":43,"column":3}},"type":"if","locations":[{"start":{"line":41,"column":2},"end":{"line":43,"column":3}},{"start":{},"end":{}}],"line":41},"8":{"loc":{"start":{"line":51,"column":45},"end":{"line":51,"column":67}},"type":"default-arg","locations":[{"start":{"line":51,"column":57},"end":{"line":51,"column":67}}],"line":51}},"s":{"0":1,"1":1,"2":1,"3":7,"4":0,"5":7,"6":7,"7":2,"8":5,"9":5,"10":5,"11":5,"12":1,"13":1,"14":1,"15":1,"16":1,"17":0,"18":1,"19":0,"20":1,"21":0,"22":1,"23":0},"f":{"0":7,"1":5,"2":1,"3":0},"b":{"0":[0,7],"1":[2,5],"2":[3],"3":[0],"4":[0],"5":[0,1],"6":[0,1],"7":[0,1],"8":[0]},"_coverageSchema":"1a1c01bbd47fc00a2c39e90264f33305004495a9","hash":"6f089380bf1c09c0f337721fee7941ee9cc18a33"}
,"/Users/yonghee/Documents/project/pokit/src/entities/day-plan/lib/defaultBlocks.ts": {"path":"/Users/yonghee/Documents/project/pokit/src/entities/day-plan/lib/defaultBlocks.ts","statementMap":{"0":{"start":{"line":7,"column":55},"end":{"line":7,"column":57}}},"fnMap":{},"branchMap":{},"s":{"0":0},"f":{},"b":{}}
,"/Users/yonghee/Documents/project/pokit/src/entities/day-plan/lib/goalCategorySessionConfig.ts": {"path":"/Users/yonghee/Documents/project/pokit/src/entities/day-plan/lib/goalCategorySessionConfig.ts","statementMap":{"0":{"start":{"line":7,"column":2},"end":{"line":7,"column":80}},"1":{"start":{"line":11,"column":12},"end":{"line":11,"column":49}},"2":{"start":{"line":12,"column":2},"end":{"line":12,"column":46}},"3":{"start":{"line":26,"column":12},"end":{"line":26,"column":22}},"4":{"start":{"line":27,"column":18},"end":{"line":27,"column":71}},"5":{"start":{"line":28,"column":18},"end":{"line":28,"column":35}},"6":{"start":{"line":29,"column":18},"end":{"line":29,"column":88}},"7":{"start":{"line":30,"column":28},"end":{"line":39,"column":8}},"8":{"start":{"line":32,"column":53},"end":{"line":32,"column":87}},"9":{"start":{"line":33,"column":21},"end":{"line":37,"column":9}},"10":{"start":{"line":38,"column":23},"end":{"line":38,"column":40}},"11":{"start":{"line":40,"column":20},"end":{"line":40,"column":46}},"12":{"start":{"line":41,"column":2},"end":{"line":41,"column":48}},"13":{"start":{"line":45,"column":2},"end":{"line":45,"column":64}},"14":{"start":{"line":52,"column":12},"end":{"line":52,"column":22}},"15":{"start":{"line":53,"column":21},"end":{"line":53,"column":75}},"16":{"start":{"line":54,"column":21},"end":{"line":54,"column":41}},"17":{"start":{"line":55,"column":21},"end":{"line":55,"column":100}},"18":{"start":{"line":56,"column":2},"end":{"line":56,"column":36}},"19":{"start":{"line":60,"column":2},"end":{"line":60,"column":43}},"20":{"start":{"line":71,"column":12},"end":{"line":71,"column":22}},"21":{"start":{"line":72,"column":21},"end":{"line":72,"column":75}},"22":{"start":{"line":73,"column":21},"end":{"line":73,"column":41}},"23":{"start":{"line":74,"column":21},"end":{"line":74,"column":100}},"24":{"start":{"line":75,"column":20},"end":{"line":75,"column":54}},"25":{"start":{"line":76,"column":2},"end":{"line":76,"column":47}},"26":{"start":{"line":80,"column":2},"end":{"line":80,"column":61}},"27":{"start":{"line":93,"column":20},"end":{"line":93,"column":22}},"28":{"start":{"line":94,"column":20},"end":{"line":94,"column":27}},"29":{"start":{"line":97,"column":12},"end":{"line":97,"column":22}},"30":{"start":{"line":98,"column":21},"end":{"line":98,"column":98}},"31":{"start":{"line":99,"column":21},"end":{"line":99,"column":41}},"32":{"start":{"line":100,"column":21},"end":{"line":100,"column":100}},"33":{"start":{"line":101,"column":27},"end":{"line":101,"column":52}},"34":{"start":{"line":102,"column":26},"end":{"line":105,"column":3}},"35":{"start":{"line":106,"column":26},"end":{"line":106,"column":50}},"36":{"start":{"line":107,"column":25},"end":{"line":110,"column":3}},"37":{"start":{"line":111,"column":24},"end":{"line":111,"column":52}},"38":{"start":{"line":112,"column":29},"end":{"line":115,"column":3}},"39":{"start":{"line":116,"column":25},"end":{"line":116,"column":88}},"40":{"start":{"line":117,"column":2},"end":{"line":124,"column":4}},"41":{"start":{"line":128,"column":2},"end":{"line":135,"column":4}},"42":{"start":{"line":151,"column":12},"end":{"line":151,"column":22}},"43":{"start":{"line":152,"column":17},"end":{"line":152,"column":73}},"44":{"start":{"line":153,"column":19},"end":{"line":153,"column":36}},"45":{"start":{"line":154,"column":18},"end":{"line":154,"column":89}},"46":{"start":{"line":156,"column":44},"end":{"line":156,"column":48}},"47":{"start":{"line":157,"column":2},"end":{"line":159,"column":3}},"48":{"start":{"line":158,"column":4},"end":{"line":158,"column":38}},"49":{"start":{"line":160,"column":20},"end":{"line":160,"column":47}},"50":{"start":{"line":161,"column":28},"end":{"line":164,"column":3}},"51":{"start":{"line":167,"column":4},"end":{"line":167,"column":73}},"52":{"start":{"line":169,"column":2},"end":{"line":169,"column":83}},"53":{"start":{"line":173,"column":2},"end":{"line":179,"column":4}},"54":{"start":{"line":184,"column":12},"end":{"line":184,"column":68}},"55":{"start":{"line":185,"column":12},"end":{"line":185,"column":30}},"56":{"start":{"line":186,"column":14},"end":{"line":186,"column":20}},"57":{"start":{"line":187,"column":2},"end":{"line":187,"column":73}},"58":{"start":{"line":191,"column":12},"end":{"line":191,"column":53}},"59":{"start":{"line":192,"column":17},"end":{"line":192,"column":64}},"60":{"start":{"line":193,"column":2},"end":{"line":193,"column":39}},"61":{"start":{"line":193,"column":23},"end":{"line":193,"column":39}},"62":{"start":{"line":194,"column":2},"end":{"line":194,"column":39}},"63":{"start":{"line":216,"column":12},"end":{"line":216,"column":22}},"64":{"start":{"line":217,"column":20},"end":{"line":217,"column":45}},"65":{"start":{"line":219,"column":22},"end":{"line":219,"column":75}},"66":{"start":{"line":220,"column":30},"end":{"line":220,"column":69}},"67":{"start":{"line":221,"column":22},"end":{"line":221,"column":75}},"68":{"start":{"line":226,"column":2},"end":{"line":241,"column":3}},"69":{"start":{"line":228,"column":4},"end":{"line":228,"column":71}},"70":{"start":{"line":229,"column":4},"end":{"line":229,"column":65}},"71":{"start":{"line":230,"column":4},"end":{"line":230,"column":68}},"72":{"start":{"line":231,"column":9},"end":{"line":241,"column":3}},"73":{"start":{"line":233,"column":4},"end":{"line":233,"column":33}},"74":{"start":{"line":234,"column":4},"end":{"line":234,"column":31}},"75":{"start":{"line":235,"column":4},"end":{"line":235,"column":32}},"76":{"start":{"line":238,"column":4},"end":{"line":238,"column":22}},"77":{"start":{"line":239,"column":4},"end":{"line":239,"column":20}},"78":{"start":{"line":240,"column":4},"end":{"line":240,"column":21}},"79":{"start":{"line":243,"column":22},"end":{"line":243,"column":67}},"80":{"start":{"line":244,"column":20},"end":{"line":244,"column":63}},"81":{"start":{"line":245,"column":21},"end":{"line":245,"column":65}},"82":{"start":{"line":247,"column":23},"end":{"line":247,"column":76}},"83":{"start":{"line":248,"column":22},"end":{"line":248,"column":61}},"84":{"start":{"line":250,"column":19},"end":{"line":250,"column":39}},"85":{"start":{"line":251,"column":21},"end":{"line":254,"column":3}},"86":{"start":{"line":257,"column":4},"end":{"line":257,"column":76}},"87":{"start":{"line":262,"column":2},"end":{"line":279,"column":3}},"88":{"start":{"line":267,"column":27},"end":{"line":267,"column":59}},"89":{"start":{"line":268,"column":4},"end":{"line":268,"column":92}},"90":{"start":{"line":269,"column":4},"end":{"line":269,"column":86}},"91":{"start":{"line":270,"column":4},"end":{"line":270,"column":89}},"92":{"start":{"line":271,"column":9},"end":{"line":279,"column":3}},"93":{"start":{"line":272,"column":4},"end":{"line":272,"column":26}},"94":{"start":{"line":273,"column":4},"end":{"line":273,"column":24}},"95":{"start":{"line":274,"column":4},"end":{"line":274,"column":25}},"96":{"start":{"line":276,"column":4},"end":{"line":276,"column":25}},"97":{"start":{"line":277,"column":4},"end":{"line":277,"column":23}},"98":{"start":{"line":278,"column":4},"end":{"line":278,"column":24}},"99":{"start":{"line":281,"column":2},"end":{"line":294,"column":4}},"100":{"start":{"line":298,"column":2},"end":{"line":311,"column":4}},"101":{"start":{"line":328,"column":49},"end":{"line":328,"column":60}},"102":{"start":{"line":331,"column":14},"end":{"line":331,"column":76}},"103":{"start":{"line":332,"column":12},"end":{"line":332,"column":34}},"104":{"start":{"line":333,"column":2},"end":{"line":333,"column":62}},"105":{"start":{"line":338,"column":14},"end":{"line":338,"column":76}},"106":{"start":{"line":339,"column":12},"end":{"line":339,"column":34}},"107":{"start":{"line":340,"column":2},"end":{"line":340,"column":33}},"108":{"start":{"line":344,"column":12},"end":{"line":344,"column":22}},"109":{"start":{"line":345,"column":22},"end":{"line":345,"column":49}},"110":{"start":{"line":346,"column":42},"end":{"line":355,"column":8}},"111":{"start":{"line":348,"column":53},"end":{"line":348,"column":87}},"112":{"start":{"line":349,"column":21},"end":{"line":353,"column":9}},"113":{"start":{"line":354,"column":23},"end":{"line":354,"column":40}},"114":{"start":{"line":357,"column":2},"end":{"line":357,"column":36}},"115":{"start":{"line":361,"column":2},"end":{"line":364,"column":4}},"116":{"start":{"line":380,"column":2},"end":{"line":389,"column":4}}},"fnMap":{"0":{"name":"asObj","decl":{"start":{"line":6,"column":9},"end":{"line":6,"column":14}},"loc":{"start":{"line":6,"column":54},"end":{"line":8,"column":1}},"line":6},"1":{"name":"clampStr","decl":{"start":{"line":10,"column":9},"end":{"line":10,"column":17}},"loc":{"start":{"line":10,"column":51},"end":{"line":13,"column":1}},"line":10},"2":{"name":"normalizeWorkDetailConfig","decl":{"start":{"line":25,"column":16},"end":{"line":25,"column":41}},"loc":{"start":{"line":25,"column":78},"end":{"line":42,"column":1}},"line":25},"3":{"name":"(anonymous_3)","decl":{"start":{"line":32,"column":16},"end":{"line":32,"column":17}},"loc":{"start":{"line":32,"column":53},"end":{"line":32,"column":87}},"line":32},"4":{"name":"(anonymous_4)","decl":{"start":{"line":33,"column":13},"end":{"line":33,"column":14}},"loc":{"start":{"line":33,"column":21},"end":{"line":37,"column":9}},"line":33},"5":{"name":"(anonymous_5)","decl":{"start":{"line":38,"column":16},"end":{"line":38,"column":17}},"loc":{"start":{"line":38,"column":23},"end":{"line":38,"column":40}},"line":38},"6":{"name":"getInitialWorkDataConfig","decl":{"start":{"line":44,"column":16},"end":{"line":44,"column":40}},"loc":{"start":{"line":44,"column":65},"end":{"line":46,"column":1}},"line":44},"7":{"name":"normalizeMeditationDetailConfig","decl":{"start":{"line":51,"column":16},"end":{"line":51,"column":47}},"loc":{"start":{"line":51,"column":90},"end":{"line":57,"column":1}},"line":51},"8":{"name":"getInitialMeditationDataConfig","decl":{"start":{"line":59,"column":16},"end":{"line":59,"column":46}},"loc":{"start":{"line":59,"column":77},"end":{"line":61,"column":1}},"line":59},"9":{"name":"normalizeYogaDetailConfig","decl":{"start":{"line":70,"column":16},"end":{"line":70,"column":41}},"loc":{"start":{"line":70,"column":78},"end":{"line":77,"column":1}},"line":70},"10":{"name":"getInitialYogaDataConfig","decl":{"start":{"line":79,"column":16},"end":{"line":79,"column":40}},"loc":{"start":{"line":79,"column":65},"end":{"line":81,"column":1}},"line":79},"11":{"name":"normalizeFastingDetailConfig","decl":{"start":{"line":96,"column":16},"end":{"line":96,"column":44}},"loc":{"start":{"line":96,"column":84},"end":{"line":125,"column":1}},"line":96},"12":{"name":"getInitialFastingDataConfig","decl":{"start":{"line":127,"column":16},"end":{"line":127,"column":43}},"loc":{"start":{"line":127,"column":71},"end":{"line":136,"column":1}},"line":127},"13":{"name":"normalizeWaterDetailConfig","decl":{"start":{"line":150,"column":16},"end":{"line":150,"column":42}},"loc":{"start":{"line":150,"column":80},"end":{"line":170,"column":1}},"line":150},"14":{"name":"getInitialWaterDataConfig","decl":{"start":{"line":172,"column":16},"end":{"line":172,"column":41}},"loc":{"start":{"line":172,"column":67},"end":{"line":180,"column":1}},"line":172},"15":{"name":"formatHHmmFromMinutes","decl":{"start":{"line":183,"column":9},"end":{"line":183,"column":30}},"loc":{"start":{"line":183,"column":61},"end":{"line":188,"column":1}},"line":183},"16":{"name":"normalizeMedicineHHmm","decl":{"start":{"line":190,"column":9},"end":{"line":190,"column":30}},"loc":{"start":{"line":190,"column":71},"end":{"line":195,"column":1}},"line":190},"17":{"name":"normalizeMedicineDetailConfig","decl":{"start":{"line":215,"column":16},"end":{"line":215,"column":45}},"loc":{"start":{"line":215,"column":86},"end":{"line":295,"column":1}},"line":215},"18":{"name":"getInitialMedicineDataConfig","decl":{"start":{"line":297,"column":16},"end":{"line":297,"column":44}},"loc":{"start":{"line":297,"column":73},"end":{"line":312,"column":1}},"line":297},"19":{"name":"getOtherCategoryResolvedDisplayLabel","decl":{"start":{"line":330,"column":16},"end":{"line":330,"column":52}},"loc":{"start":{"line":330,"column":82},"end":{"line":334,"column":1}},"line":330},"20":{"name":"readTrimmedOtherCustomDisplayNameFromRaw","decl":{"start":{"line":337,"column":16},"end":{"line":337,"column":56}},"loc":{"start":{"line":337,"column":93},"end":{"line":341,"column":1}},"line":337},"21":{"name":"normalizeOtherDetailConfig","decl":{"start":{"line":343,"column":16},"end":{"line":343,"column":42}},"loc":{"start":{"line":343,"column":80},"end":{"line":358,"column":1}},"line":343},"22":{"name":"(anonymous_22)","decl":{"start":{"line":348,"column":16},"end":{"line":348,"column":17}},"loc":{"start":{"line":348,"column":53},"end":{"line":348,"column":87}},"line":348},"23":{"name":"(anonymous_23)","decl":{"start":{"line":349,"column":13},"end":{"line":349,"column":14}},"loc":{"start":{"line":349,"column":21},"end":{"line":353,"column":9}},"line":349},"24":{"name":"(anonymous_24)","decl":{"start":{"line":354,"column":16},"end":{"line":354,"column":17}},"loc":{"start":{"line":354,"column":23},"end":{"line":354,"column":40}},"line":354},"25":{"name":"getInitialOtherDataConfig","decl":{"start":{"line":360,"column":16},"end":{"line":360,"column":41}},"loc":{"start":{"line":360,"column":67},"end":{"line":365,"column":1}},"line":360},"26":{"name":"emptyCategorySessionConfigs","decl":{"start":{"line":379,"column":16},"end":{"line":379,"column":43}},"loc":{"start":{"line":379,"column":79},"end":{"line":390,"column":1}},"line":379}},"branchMap":{"0":{"loc":{"start":{"line":7,"column":9},"end":{"line":7,"column":79}},"type":"cond-expr","locations":[{"start":{"line":7,"column":43},"end":{"line":7,"column":73}},{"start":{"line":7,"column":77},"end":{"line":7,"column":79}}],"line":7},"1":{"loc":{"start":{"line":7,"column":9},"end":{"line":7,"column":39}},"type":"binary-expr","locations":[{"start":{"line":7,"column":9},"end":{"line":7,"column":12}},{"start":{"line":7,"column":16},"end":{"line":7,"column":39}}],"line":7},"2":{"loc":{"start":{"line":11,"column":12},"end":{"line":11,"column":49}},"type":"cond-expr","locations":[{"start":{"line":11,"column":36},"end":{"line":11,"column":44}},{"start":{"line":11,"column":47},"end":{"line":11,"column":49}}],"line":11},"3":{"loc":{"start":{"line":12,"column":9},"end":{"line":12,"column":45}},"type":"cond-expr","locations":[{"start":{"line":12,"column":26},"end":{"line":12,"column":41}},{"start":{"line":12,"column":44},"end":{"line":12,"column":45}}],"line":12},"4":{"loc":{"start":{"line":27,"column":45},"end":{"line":27,"column":69}},"type":"binary-expr","locations":[{"start":{"line":27,"column":45},"end":{"line":27,"column":62}},{"start":{"line":27,"column":66},"end":{"line":27,"column":69}}],"line":27},"5":{"loc":{"start":{"line":29,"column":48},"end":{"line":29,"column":86}},"type":"cond-expr","locations":[{"start":{"line":29,"column":75},"end":{"line":29,"column":82}},{"start":{"line":29,"column":85},"end":{"line":29,"column":86}}],"line":29},"6":{"loc":{"start":{"line":30,"column":28},"end":{"line":39,"column":8}},"type":"cond-expr","locations":[{"start":{"line":31,"column":6},"end":{"line":38,"column":41}},{"start":{"line":39,"column":6},"end":{"line":39,"column":8}}],"line":30},"7":{"loc":{"start":{"line":32,"column":53},"end":{"line":32,"column":87}},"type":"binary-expr","locations":[{"start":{"line":32,"column":53},"end":{"line":32,"column":62}},{"start":{"line":32,"column":66},"end":{"line":32,"column":87}}],"line":32},"8":{"loc":{"start":{"line":34,"column":14},"end":{"line":34,"column":93}},"type":"cond-expr","locations":[{"start":{"line":34,"column":41},"end":{"line":34,"column":45}},{"start":{"line":34,"column":48},"end":{"line":34,"column":93}}],"line":34},"9":{"loc":{"start":{"line":36,"column":16},"end":{"line":36,"column":60}},"type":"cond-expr","locations":[{"start":{"line":36,"column":46},"end":{"line":36,"column":52}},{"start":{"line":36,"column":55},"end":{"line":36,"column":60}}],"line":36},"10":{"loc":{"start":{"line":53,"column":47},"end":{"line":53,"column":73}},"type":"binary-expr","locations":[{"start":{"line":53,"column":47},"end":{"line":53,"column":67}},{"start":{"line":53,"column":71},"end":{"line":53,"column":73}}],"line":53},"11":{"loc":{"start":{"line":55,"column":54},"end":{"line":55,"column":98}},"type":"cond-expr","locations":[{"start":{"line":55,"column":84},"end":{"line":55,"column":94}},{"start":{"line":55,"column":97},"end":{"line":55,"column":98}}],"line":55},"12":{"loc":{"start":{"line":72,"column":47},"end":{"line":72,"column":73}},"type":"binary-expr","locations":[{"start":{"line":72,"column":47},"end":{"line":72,"column":67}},{"start":{"line":72,"column":71},"end":{"line":72,"column":73}}],"line":72},"13":{"loc":{"start":{"line":74,"column":54},"end":{"line":74,"column":98}},"type":"cond-expr","locations":[{"start":{"line":74,"column":84},"end":{"line":74,"column":94}},{"start":{"line":74,"column":97},"end":{"line":74,"column":98}}],"line":74},"14":{"loc":{"start":{"line":75,"column":20},"end":{"line":75,"column":54}},"type":"binary-expr","locations":[{"start":{"line":75,"column":20},"end":{"line":75,"column":45}},{"start":{"line":75,"column":49},"end":{"line":75,"column":54}}],"line":75},"15":{"loc":{"start":{"line":98,"column":65},"end":{"line":98,"column":96}},"type":"binary-expr","locations":[{"start":{"line":98,"column":65},"end":{"line":98,"column":85}},{"start":{"line":98,"column":89},"end":{"line":98,"column":96}}],"line":98},"16":{"loc":{"start":{"line":100,"column":54},"end":{"line":100,"column":98}},"type":"cond-expr","locations":[{"start":{"line":100,"column":84},"end":{"line":100,"column":94}},{"start":{"line":100,"column":97},"end":{"line":100,"column":98}}],"line":100},"17":{"loc":{"start":{"line":104,"column":18},"end":{"line":104,"column":75}},"type":"cond-expr","locations":[{"start":{"line":104,"column":54},"end":{"line":104,"column":70}},{"start":{"line":104,"column":73},"end":{"line":104,"column":75}}],"line":104},"18":{"loc":{"start":{"line":109,"column":18},"end":{"line":109,"column":90}},"type":"cond-expr","locations":[{"start":{"line":109,"column":53},"end":{"line":109,"column":68}},{"start":{"line":109,"column":71},"end":{"line":109,"column":90}}],"line":109},"19":{"loc":{"start":{"line":114,"column":16},"end":{"line":114,"column":68}},"type":"cond-expr","locations":[{"start":{"line":114,"column":49},"end":{"line":114,"column":62}},{"start":{"line":114,"column":65},"end":{"line":114,"column":68}}],"line":114},"20":{"loc":{"start":{"line":116,"column":25},"end":{"line":116,"column":88}},"type":"cond-expr","locations":[{"start":{"line":116,"column":65},"end":{"line":116,"column":81}},{"start":{"line":116,"column":84},"end":{"line":116,"column":88}}],"line":116},"21":{"loc":{"start":{"line":152,"column":47},"end":{"line":152,"column":71}},"type":"binary-expr","locations":[{"start":{"line":152,"column":47},"end":{"line":152,"column":63}},{"start":{"line":152,"column":67},"end":{"line":152,"column":71}}],"line":152},"22":{"loc":{"start":{"line":154,"column":47},"end":{"line":154,"column":87}},"type":"cond-expr","locations":[{"start":{"line":154,"column":75},"end":{"line":154,"column":83}},{"start":{"line":154,"column":86},"end":{"line":154,"column":87}}],"line":154},"23":{"loc":{"start":{"line":157,"column":2},"end":{"line":159,"column":3}},"type":"if","locations":[{"start":{"line":157,"column":2},"end":{"line":159,"column":3}},{"start":{},"end":{}}],"line":157},"24":{"loc":{"start":{"line":157,"column":6},"end":{"line":157,"column":65}},"type":"binary-expr","locations":[{"start":{"line":157,"column":6},"end":{"line":157,"column":32}},{"start":{"line":157,"column":36},"end":{"line":157,"column":65}}],"line":157},"25":{"loc":{"start":{"line":163,"column":22},"end":{"line":163,"column":77}},"type":"cond-expr","locations":[{"start":{"line":163,"column":51},"end":{"line":163,"column":72}},{"start":{"line":163,"column":75},"end":{"line":163,"column":77}}],"line":163},"26":{"loc":{"start":{"line":167,"column":4},"end":{"line":167,"column":73}},"type":"cond-expr","locations":[{"start":{"line":167,"column":47},"end":{"line":167,"column":66}},{"start":{"line":167,"column":69},"end":{"line":167,"column":73}}],"line":167},"27":{"loc":{"start":{"line":191,"column":12},"end":{"line":191,"column":53}},"type":"cond-expr","locations":[{"start":{"line":191,"column":38},"end":{"line":191,"column":48}},{"start":{"line":191,"column":51},"end":{"line":191,"column":53}}],"line":191},"28":{"loc":{"start":{"line":192,"column":36},"end":{"line":192,"column":63}},"type":"cond-expr","locations":[{"start":{"line":192,"column":51},"end":{"line":192,"column":52}},{"start":{"line":192,"column":55},"end":{"line":192,"column":63}}],"line":192},"29":{"loc":{"start":{"line":193,"column":2},"end":{"line":193,"column":39}},"type":"if","locations":[{"start":{"line":193,"column":2},"end":{"line":193,"column":39}},{"start":{},"end":{}}],"line":193},"30":{"loc":{"start":{"line":219,"column":22},"end":{"line":219,"column":75}},"type":"binary-expr","locations":[{"start":{"line":219,"column":22},"end":{"line":219,"column":38}},{"start":{"line":219,"column":42},"end":{"line":219,"column":56}},{"start":{"line":219,"column":60},"end":{"line":219,"column":75}}],"line":219},"31":{"loc":{"start":{"line":220,"column":30},"end":{"line":220,"column":69}},"type":"binary-expr","locations":[{"start":{"line":220,"column":30},"end":{"line":220,"column":48}},{"start":{"line":220,"column":52},"end":{"line":220,"column":69}}],"line":220},"32":{"loc":{"start":{"line":221,"column":47},"end":{"line":221,"column":73}},"type":"binary-expr","locations":[{"start":{"line":221,"column":47},"end":{"line":221,"column":68}},{"start":{"line":221,"column":72},"end":{"line":221,"column":73}}],"line":221},"33":{"loc":{"start":{"line":226,"column":2},"end":{"line":241,"column":3}},"type":"if","locations":[{"start":{"line":226,"column":2},"end":{"line":241,"column":3}},{"start":{"line":231,"column":9},"end":{"line":241,"column":3}}],"line":226},"34":{"loc":{"start":{"line":228,"column":16},"end":{"line":228,"column":70}},"type":"cond-expr","locations":[{"start":{"line":228,"column":51},"end":{"line":228,"column":62}},{"start":{"line":228,"column":65},"end":{"line":228,"column":70}}],"line":228},"35":{"loc":{"start":{"line":229,"column":14},"end":{"line":229,"column":64}},"type":"cond-expr","locations":[{"start":{"line":229,"column":47},"end":{"line":229,"column":56}},{"start":{"line":229,"column":59},"end":{"line":229,"column":64}}],"line":229},"36":{"loc":{"start":{"line":230,"column":15},"end":{"line":230,"column":67}},"type":"cond-expr","locations":[{"start":{"line":230,"column":49},"end":{"line":230,"column":59}},{"start":{"line":230,"column":62},"end":{"line":230,"column":67}}],"line":230},"37":{"loc":{"start":{"line":231,"column":9},"end":{"line":241,"column":3}},"type":"if","locations":[{"start":{"line":231,"column":9},"end":{"line":241,"column":3}},{"start":{"line":236,"column":9},"end":{"line":241,"column":3}}],"line":231},"38":{"loc":{"start":{"line":253,"column":26},"end":{"line":253,"column":66}},"type":"cond-expr","locations":[{"start":{"line":253,"column":54},"end":{"line":253,"column":62}},{"start":{"line":253,"column":65},"end":{"line":253,"column":66}}],"line":253},"39":{"loc":{"start":{"line":257,"column":4},"end":{"line":257,"column":76}},"type":"cond-expr","locations":[{"start":{"line":257,"column":46},"end":{"line":257,"column":64}},{"start":{"line":257,"column":67},"end":{"line":257,"column":76}}],"line":257},"40":{"loc":{"start":{"line":262,"column":2},"end":{"line":279,"column":3}},"type":"if","locations":[{"start":{"line":262,"column":2},"end":{"line":279,"column":3}},{"start":{"line":271,"column":9},"end":{"line":279,"column":3}}],"line":262},"41":{"loc":{"start":{"line":263,"column":4},"end":{"line":265,"column":39}},"type":"binary-expr","locations":[{"start":{"line":263,"column":4},"end":{"line":263,"column":40}},{"start":{"line":264,"column":4},"end":{"line":264,"column":38}},{"start":{"line":265,"column":4},"end":{"line":265,"column":39}}],"line":263},"42":{"loc":{"start":{"line":268,"column":20},"end":{"line":268,"column":91}},"type":"cond-expr","locations":[{"start":{"line":268,"column":59},"end":{"line":268,"column":74}},{"start":{"line":268,"column":77},"end":{"line":268,"column":91}}],"line":268},"43":{"loc":{"start":{"line":269,"column":18},"end":{"line":269,"column":85}},"type":"cond-expr","locations":[{"start":{"line":269,"column":55},"end":{"line":269,"column":68}},{"start":{"line":269,"column":71},"end":{"line":269,"column":85}}],"line":269},"44":{"loc":{"start":{"line":270,"column":19},"end":{"line":270,"column":88}},"type":"cond-expr","locations":[{"start":{"line":270,"column":57},"end":{"line":270,"column":71}},{"start":{"line":270,"column":74},"end":{"line":270,"column":88}}],"line":270},"45":{"loc":{"start":{"line":271,"column":9},"end":{"line":279,"column":3}},"type":"if","locations":[{"start":{"line":271,"column":9},"end":{"line":279,"column":3}},{"start":{"line":275,"column":9},"end":{"line":279,"column":3}}],"line":271},"46":{"loc":{"start":{"line":331,"column":41},"end":{"line":331,"column":75}},"type":"binary-expr","locations":[{"start":{"line":331,"column":41},"end":{"line":331,"column":44}},{"start":{"line":331,"column":48},"end":{"line":331,"column":75}}],"line":331},"47":{"loc":{"start":{"line":333,"column":9},"end":{"line":333,"column":61}},"type":"cond-expr","locations":[{"start":{"line":333,"column":24},"end":{"line":333,"column":25}},{"start":{"line":333,"column":28},"end":{"line":333,"column":61}}],"line":333},"48":{"loc":{"start":{"line":338,"column":41},"end":{"line":338,"column":75}},"type":"binary-expr","locations":[{"start":{"line":338,"column":41},"end":{"line":338,"column":44}},{"start":{"line":338,"column":48},"end":{"line":338,"column":75}}],"line":338},"49":{"loc":{"start":{"line":340,"column":9},"end":{"line":340,"column":32}},"type":"cond-expr","locations":[{"start":{"line":340,"column":24},"end":{"line":340,"column":25}},{"start":{"line":340,"column":28},"end":{"line":340,"column":32}}],"line":340},"50":{"loc":{"start":{"line":346,"column":42},"end":{"line":355,"column":8}},"type":"cond-expr","locations":[{"start":{"line":347,"column":6},"end":{"line":354,"column":41}},{"start":{"line":355,"column":6},"end":{"line":355,"column":8}}],"line":346},"51":{"loc":{"start":{"line":348,"column":53},"end":{"line":348,"column":87}},"type":"binary-expr","locations":[{"start":{"line":348,"column":53},"end":{"line":348,"column":62}},{"start":{"line":348,"column":66},"end":{"line":348,"column":87}}],"line":348},"52":{"loc":{"start":{"line":350,"column":14},"end":{"line":350,"column":93}},"type":"cond-expr","locations":[{"start":{"line":350,"column":41},"end":{"line":350,"column":45}},{"start":{"line":350,"column":48},"end":{"line":350,"column":93}}],"line":350},"53":{"loc":{"start":{"line":352,"column":16},"end":{"line":352,"column":60}},"type":"cond-expr","locations":[{"start":{"line":352,"column":46},"end":{"line":352,"column":52}},{"start":{"line":352,"column":55},"end":{"line":352,"column":60}}],"line":352}},"s":{"0":12,"1":11,"2":11,"3":2,"4":2,"5":2,"6":2,"7":2,"8":2,"9":2,"10":2,"11":2,"12":2,"13":1,"14":1,"15":1,"16":1,"17":1,"18":1,"19":0,"20":1,"21":1,"22":1,"23":1,"24":1,"25":1,"26":1,"27":1,"28":1,"29":1,"30":1,"31":1,"32":1,"33":1,"34":1,"35":1,"36":1,"37":1,"38":1,"39":1,"40":1,"41":0,"42":1,"43":1,"44":1,"45":1,"46":1,"47":1,"48":0,"49":1,"50":1,"51":1,"52":1,"53":1,"54":6,"55":6,"56":6,"57":6,"58":6,"59":6,"60":6,"61":0,"62":6,"63":2,"64":2,"65":2,"66":2,"67":2,"68":2,"69":1,"70":1,"71":1,"72":1,"73":1,"74":1,"75":1,"76":0,"77":0,"78":0,"79":2,"80":2,"81":2,"82":2,"83":2,"84":2,"85":2,"86":2,"87":2,"88":0,"89":0,"90":0,"91":0,"92":2,"93":0,"94":0,"95":0,"96":2,"97":2,"98":2,"99":2,"100":1,"101":1,"102":2,"103":2,"104":2,"105":1,"106":1,"107":1,"108":4,"109":4,"110":4,"111":0,"112":0,"113":0,"114":4,"115":2,"116":1},"f":{"0":12,"1":11,"2":2,"3":2,"4":2,"5":2,"6":1,"7":1,"8":0,"9":1,"10":1,"11":1,"12":0,"13":1,"14":1,"15":6,"16":6,"17":2,"18":1,"19":2,"20":1,"21":4,"22":0,"23":0,"24":0,"25":2,"26":1},"b":{"0":[12,0],"1":[12,12],"2":[6,5],"3":[1,10],"4":[2,1],"5":[1,1],"6":[1,1],"7":[2,2],"8":[2,0],"9":[2,0],"10":[1,0],"11":[1,0],"12":[1,1],"13":[0,1],"14":[1,1],"15":[1,1],"16":[0,1],"17":[0,1],"18":[0,1],"19":[0,1],"20":[0,1],"21":[1,0],"22":[1,0],"23":[0,1],"24":[1,1],"25":[0,1],"26":[0,1],"27":[0,6],"28":[0,6],"29":[0,6],"30":[2,1,1],"31":[2,1],"32":[2,1],"33":[1,1],"34":[1,0],"35":[1,0],"36":[1,0],"37":[1,0],"38":[1,1],"39":[0,2],"40":[0,2],"41":[2,2,2],"42":[0,0],"43":[0,0],"44":[0,0],"45":[0,2],"46":[2,1],"47":[1,1],"48":[1,0],"49":[0,1],"50":[2,2],"51":[0,0],"52":[0,0],"53":[0,0]},"_coverageSchema":"1a1c01bbd47fc00a2c39e90264f33305004495a9","hash":"cb11dff276fe660e7898e6c333759912a38107bc"}
,"/Users/yonghee/Documents/project/pokit/src/entities/day-plan/lib/goalDetailChecklistCategoryKeys.ts": {"path":"/Users/yonghee/Documents/project/pokit/src/entities/day-plan/lib/goalDetailChecklistCategoryKeys.ts","statementMap":{"0":{"start":{"line":5,"column":59},"end":{"line":16,"column":10}},"1":{"start":{"line":21,"column":28},"end":{"line":21,"column":88}},"2":{"start":{"line":26,"column":2},"end":{"line":26,"column":36}},"3":{"start":{"line":30,"column":2},"end":{"line":30,"column":69}}},"fnMap":{"0":{"name":"isGoalDetailChecklistDerivedCategoryKey","decl":{"start":{"line":23,"column":16},"end":{"line":23,"column":55}},"loc":{"start":{"line":25,"column":46},"end":{"line":27,"column":1}},"line":25},"1":{"name":"isGoalDetailChecklistStyleCategoryKey","decl":{"start":{"line":29,"column":16},"end":{"line":29,"column":53}},"loc":{"start":{"line":29,"column":74},"end":{"line":31,"column":1}},"line":29}},"branchMap":{"0":{"loc":{"start":{"line":30,"column":9},"end":{"line":30,"column":68}},"type":"binary-expr","locations":[{"start":{"line":30,"column":9},"end":{"line":30,"column":22}},{"start":{"line":30,"column":26},"end":{"line":30,"column":68}}],"line":30}},"s":{"0":2,"1":2,"2":4,"3":3},"f":{"0":4,"1":3},"b":{"0":[3,2]},"_coverageSchema":"1a1c01bbd47fc00a2c39e90264f33305004495a9","hash":"33f91f80d44fb952953251d3bd59b1c85503cacc"}
,"/Users/yonghee/Documents/project/pokit/src/entities/day-plan/lib/localDateKey.ts": {"path":"/Users/yonghee/Documents/project/pokit/src/entities/day-plan/lib/localDateKey.ts","statementMap":{"0":{"start":{"line":3,"column":12},"end":{"line":3,"column":27}},"1":{"start":{"line":4,"column":12},"end":{"line":4,"column":53}},"2":{"start":{"line":5,"column":14},"end":{"line":5,"column":50}},"3":{"start":{"line":6,"column":2},"end":{"line":6,"column":28}},"4":{"start":{"line":11,"column":12},"end":{"line":11,"column":60}},"5":{"start":{"line":12,"column":2},"end":{"line":12,"column":22}},"6":{"start":{"line":12,"column":10},"end":{"line":12,"column":22}},"7":{"start":{"line":13,"column":15},"end":{"line":13,"column":27}},"8":{"start":{"line":14,"column":16},"end":{"line":14,"column":28}},"9":{"start":{"line":15,"column":14},"end":{"line":15,"column":26}},"10":{"start":{"line":16,"column":2},"end":{"line":16,"column":94}},"11":{"start":{"line":16,"column":82},"end":{"line":16,"column":94}},"12":{"start":{"line":17,"column":2},"end":{"line":17,"column":53}},"13":{"start":{"line":21,"column":2},"end":{"line":21,"column":28}},"14":{"start":{"line":26,"column":12},"end":{"line":26,"column":44}},"15":{"start":{"line":27,"column":2},"end":{"line":27,"column":56}},"16":{"start":{"line":27,"column":41},"end":{"line":27,"column":56}},"17":{"start":{"line":28,"column":15},"end":{"line":28,"column":92}},"18":{"start":{"line":29,"column":2},"end":{"line":29,"column":31}}},"fnMap":{"0":{"name":"getLocalDateKey","decl":{"start":{"line":2,"column":16},"end":{"line":2,"column":31}},"loc":{"start":{"line":2,"column":62},"end":{"line":7,"column":1}},"line":2},"1":{"name":"parseLocalDateKeyToDate","decl":{"start":{"line":10,"column":16},"end":{"line":10,"column":39}},"loc":{"start":{"line":10,"column":70},"end":{"line":18,"column":1}},"line":10},"2":{"name":"localDateToDateKey","decl":{"start":{"line":20,"column":16},"end":{"line":20,"column":34}},"loc":{"start":{"line":20,"column":52},"end":{"line":22,"column":1}},"line":20},"3":{"name":"addDaysToLocalDateKey","decl":{"start":{"line":25,"column":16},"end":{"line":25,"column":37}},"loc":{"start":{"line":25,"column":82},"end":{"line":30,"column":1}},"line":25}},"branchMap":{"0":{"loc":{"start":{"line":2,"column":32},"end":{"line":2,"column":52}},"type":"default-arg","locations":[{"start":{"line":2,"column":42},"end":{"line":2,"column":52}}],"line":2},"1":{"loc":{"start":{"line":12,"column":2},"end":{"line":12,"column":22}},"type":"if","locations":[{"start":{"line":12,"column":2},"end":{"line":12,"column":22}},{"start":{},"end":{}}],"line":12},"2":{"loc":{"start":{"line":16,"column":2},"end":{"line":16,"column":94}},"type":"if","locations":[{"start":{"line":16,"column":2},"end":{"line":16,"column":94}},{"start":{},"end":{}}],"line":16},"3":{"loc":{"start":{"line":16,"column":6},"end":{"line":16,"column":80}},"type":"binary-expr","locations":[{"start":{"line":16,"column":6},"end":{"line":16,"column":28}},{"start":{"line":16,"column":32},"end":{"line":16,"column":55}},{"start":{"line":16,"column":59},"end":{"line":16,"column":80}}],"line":16},"4":{"loc":{"start":{"line":27,"column":2},"end":{"line":27,"column":56}},"type":"if","locations":[{"start":{"line":27,"column":2},"end":{"line":27,"column":56}},{"start":{},"end":{}}],"line":27},"5":{"loc":{"start":{"line":27,"column":6},"end":{"line":27,"column":39}},"type":"binary-expr","locations":[{"start":{"line":27,"column":6},"end":{"line":27,"column":8}},{"start":{"line":27,"column":12},"end":{"line":27,"column":39}}],"line":27}},"s":{"0":8,"1":8,"2":8,"3":8,"4":6,"5":6,"6":2,"7":4,"8":4,"9":4,"10":4,"11":0,"12":4,"13":0,"14":3,"15":3,"16":0,"17":3,"18":3},"f":{"0":8,"1":6,"2":0,"3":3},"b":{"0":[4],"1":[2,4],"2":[0,4],"3":[4,4,4],"4":[0,3],"5":[3,3]},"_coverageSchema":"1a1c01bbd47fc00a2c39e90264f33305004495a9","hash":"a516bd21cf7150d6a4d401d371071d02d84ec94d"}
[...]
e":67,"column":50}}],"line":67},"2":{"loc":{"start":{"line":67,"column":9},"end":{"line":67,"column":39}},"type":"binary-expr","locations":[{"start":{"line":67,"column":9},"end":{"line":67,"column":12}},{"start":{"line":67,"column":16},"end":{"line":67,"column":39}}],"line":67},"3":{"loc":{"start":{"line":73,"column":2},"end":{"line":73,"column":38}},"type":"if","locations":[{"start":{"line":73,"column":2},"end":{"line":73,"column":38}},{"start":{},"end":{}}],"line":73},"4":{"loc":{"start":{"line":77,"column":8},"end":{"line":81,"column":52}},"type":"binary-expr","locations":[{"start":{"line":77,"column":8},"end":{"line":77,"column":11}},{"start":{"line":78,"column":8},"end":{"line":78,"column":31}},{"start":{"line":79,"column":8},"end":{"line":79,"column":46}},{"start":{"line":80,"column":8},"end":{"line":80,"column":39}},{"start":{"line":81,"column":9},"end":{"line":81,"column":29}},{"start":{"line":81,"column":33},"end":{"line":81,"column":51}}],"line":77},"5":{"loc":{"start":{"line":104,"column":2},"end":{"line":106,"column":3}},"type":"if","locations":[{"start":{"line":104,"column":2},"end":{"line":106,"column":3}},{"start":{},"end":{}}],"line":104},"6":{"loc":{"start":{"line":104,"column":6},"end":{"line":104,"column":33}},"type":"binary-expr","locations":[{"start":{"line":104,"column":6},"end":{"line":104,"column":8}},{"start":{"line":104,"column":12},"end":{"line":104,"column":33}}],"line":104},"7":{"loc":{"start":{"line":109,"column":20},"end":{"line":109,"column":82}},"type":"cond-expr","locations":[{"start":{"line":109,"column":59},"end":{"line":109,"column":75}},{"start":{"line":109,"column":78},"end":{"line":109,"column":82}}],"line":109},"8":{"loc":{"start":{"line":125,"column":2},"end":{"line":125,"column":48}},"type":"if","locations":[{"start":{"line":125,"column":2},"end":{"line":125,"column":48}},{"start":{},"end":{}}],"line":125},"9":{"loc":{"start":{"line":125,"column":6},"end":{"line":125,"column":33}},"type":"binary-expr","locations":[{"start":{"line":125,"column":6},"end":{"line":125,"column":8}},{"start":{"line":125,"column":12},"end":{"line":125,"column":33}}],"line":125},"10":{"loc":{"start":{"line":127,"column":2},"end":{"line":127,"column":51}},"type":"if","locations":[{"start":{"line":127,"column":2},"end":{"line":127,"column":51}},{"start":{},"end":{}}],"line":127},"11":{"loc":{"start":{"line":128,"column":2},"end":{"line":128,"column":44}},"type":"if","locations":[{"start":{"line":128,"column":2},"end":{"line":128,"column":44}},{"start":{},"end":{}}],"line":128},"12":{"loc":{"start":{"line":135,"column":2},"end":{"line":135,"column":49}},"type":"if","locations":[{"start":{"line":135,"column":2},"end":{"line":135,"column":49}},{"start":{},"end":{}}],"line":135},"13":{"loc":{"start":{"line":135,"column":6},"end":{"line":135,"column":37}},"type":"binary-expr","locations":[{"start":{"line":135,"column":6},"end":{"line":135,"column":10}},{"start":{"line":135,"column":14},"end":{"line":135,"column":37}}],"line":135},"14":{"loc":{"start":{"line":138,"column":4},"end":{"line":138,"column":54}},"type":"if","locations":[{"start":{"line":138,"column":4},"end":{"line":138,"column":54}},{"start":{},"end":{}}],"line":138},"15":{"loc":{"start":{"line":138,"column":8},"end":{"line":138,"column":43}},"type":"binary-expr","locations":[{"start":{"line":138,"column":8},"end":{"line":138,"column":10}},{"start":{"line":138,"column":14},"end":{"line":138,"column":43}}],"line":138},"16":{"loc":{"start":{"line":155,"column":2},"end":{"line":155,"column":38}},"type":"if","locations":[{"start":{"line":155,"column":2},"end":{"line":155,"column":38}},{"start":{},"end":{}}],"line":155},"17":{"loc":{"start":{"line":159,"column":8},"end":{"line":162,"column":80}},"type":"binary-expr","locations":[{"start":{"line":159,"column":8},"end":{"line":159,"column":11}},{"start":{"line":160,"column":8},"end":{"line":160,"column":31}},{"start":{"line":161,"column":8},"end":{"line":161,"column":73}},{"start":{"line":162,"column":8},"end":{"line":162,"column":80}}],"line":159},"18":{"loc":{"start":{"line":178,"column":2},"end":{"line":178,"column":38}},"type":"if","locations":[{"start":{"line":178,"column":2},"end":{"line":178,"column":38}},{"start":{},"end":{}}],"line":178},"19":{"loc":{"start":{"line":182,"column":8},"end":{"line":185,"column":80}},"type":"binary-expr","locations":[{"start":{"line":182,"column":8},"end":{"line":182,"column":11}},{"start":{"line":183,"column":8},"end":{"line":183,"column":31}},{"start":{"line":184,"column":8},"end":{"line":184,"column":73}},{"start":{"line":185,"column":8},"end":{"line":185,"column":80}}],"line":182},"20":{"loc":{"start":{"line":201,"column":2},"end":{"line":201,"column":38}},"type":"if","locations":[{"start":{"line":201,"column":2},"end":{"line":201,"column":38}},{"start":{},"end":{}}],"line":201},"21":{"loc":{"start":{"line":205,"column":8},"end":{"line":208,"column":77}},"type":"binary-expr","locations":[{"start":{"line":205,"column":8},"end":{"line":205,"column":11}},{"start":{"line":206,"column":8},"end":{"line":206,"column":31}},{"start":{"line":207,"column":8},"end":{"line":207,"column":70}},{"start":{"line":208,"column":8},"end":{"line":208,"column":77}}],"line":205},"22":{"loc":{"start":{"line":222,"column":2},"end":{"line":222,"column":48}},"type":"if","locations":[{"start":{"line":222,"column":2},"end":{"line":222,"column":48}},{"start":{},"end":{}}],"line":222},"23":{"loc":{"start":{"line":222,"column":6},"end":{"line":222,"column":33}},"type":"binary-expr","locations":[{"start":{"line":222,"column":6},"end":{"line":222,"column":8}},{"start":{"line":222,"column":12},"end":{"line":222,"column":33}}],"line":222},"24":{"loc":{"start":{"line":224,"column":2},"end":{"line":224,"column":51}},"type":"if","locations":[{"start":{"line":224,"column":2},"end":{"line":224,"column":51}},{"start":{},"end":{}}],"line":224},"25":{"loc":{"start":{"line":225,"column":2},"end":{"line":225,"column":44}},"type":"if","locations":[{"start":{"line":225,"column":2},"end":{"line":225,"column":44}},{"start":{},"end":{}}],"line":225},"26":{"loc":{"start":{"line":237,"column":2},"end":{"line":239,"column":3}},"type":"if","locations":[{"start":{"line":237,"column":2},"end":{"line":239,"column":3}},{"start":{},"end":{}}],"line":237},"27":{"loc":{"start":{"line":237,"column":6},"end":{"line":237,"column":50}},"type":"binary-expr","locations":[{"start":{"line":237,"column":6},"end":{"line":237,"column":8}},{"start":{"line":237,"column":12},"end":{"line":237,"column":50}}],"line":237},"28":{"loc":{"start":{"line":257,"column":2},"end":{"line":257,"column":38}},"type":"if","locations":[{"start":{"line":257,"column":2},"end":{"line":257,"column":38}},{"start":{},"end":{}}],"line":257},"29":{"loc":{"start":{"line":261,"column":8},"end":{"line":264,"column":92}},"type":"binary-expr","locations":[{"start":{"line":261,"column":8},"end":{"line":261,"column":11}},{"start":{"line":262,"column":8},"end":{"line":262,"column":31}},{"start":{"line":263,"column":8},"end":{"line":263,"column":85}},{"start":{"line":264,"column":8},"end":{"line":264,"column":92}}],"line":261}},"s":{"0":0,"1":0,"2":0,"3":0,"4":0,"5":0,"6":0,"7":0,"8":0,"9":0,"10":0,"11":0,"12":0,"13":0,"14":0,"15":0,"16":0,"17":0,"18":0,"19":0,"20":0,"21":0,"22":0,"23":0,"24":0,"25":0,"26":0,"27":0,"28":0,"29":0,"30":0,"31":0,"32":0,"33":0,"34":0,"35":0,"36":0,"37":0,"38":0,"39":0,"40":0,"41":0,"42":0,"43":0,"44":0,"45":0,"46":0,"47":0,"48":0,"49":0,"50":0,"51":0,"52":0,"53":0,"54":0,"55":0,"56":0,"57":0,"58":0,"59":0,"60":0,"61":0,"62":0,"63":0,"64":0,"65":0,"66":0,"67":0,"68":0,"69":0,"70":0,"71":0,"72":0,"73":0,"74":0,"75":0,"76":0,"77":0,"78":0,"79":0,"80":0,"81":0,"82":0,"83":0,"84":0,"85":0,"86":0,"87":0},"f":{"0":0,"1":0,"2":0,"3":0,"4":0,"5":0,"6":0,"7":0,"8":0,"9":0,"10":0,"11":0,"12":0,"13":0,"14":0,"15":0,"16":0,"17":0,"18":0,"19":0,"20":0,"21":0,"22":0,"23":0,"24":0,"25":0},"b":{"0":[0,0],"1":[0,0],"2":[0,0],"3":[0,0],"4":[0,0,0,0,0,0],"5":[0,0],"6":[0,0],"7":[0,0],"8":[0,0],"9":[0,0],"10":[0,0],"11":[0,0],"12":[0,0],"13":[0,0],"14":[0,0],"15":[0,0],"16":[0,0],"17":[0,0,0,0],"18":[0,0],"19":[0,0,0,0],"20":[0,0],"21":[0,0,0,0],"22":[0,0],"23":[0,0],"24":[0,0],"25":[0,0],"26":[0,0],"27":[0,0],"28":[0,0],"29":[0,0,0,0]}}
,"/Users/yonghee/Documents/project/pokit/src/shared/lib/storage/storageKeys.ts": {"path":"/Users/yonghee/Documents/project/pokit/src/shared/lib/storage/storageKeys.ts","statementMap":{"0":{"start":{"line":1,"column":27},"end":{"line":23,"column":10}},"1":{"start":{"line":28,"column":42},"end":{"line":28,"column":70}},"2":{"start":{"line":31,"column":75},"end":{"line":44,"column":1}}},"fnMap":{},"branchMap":{},"s":{"0":1,"1":1,"2":1},"f":{},"b":{},"_coverageSchema":"1a1c01bbd47fc00a2c39e90264f33305004495a9","hash":"710efeec407d0e7cb991d4dd49ee499c21b63375"}
,"/Users/yonghee/Documents/project/pokit/src/shared/lib/storage/widgetDayPlanSync.ts": {"path":"/Users/yonghee/Documents/project/pokit/src/shared/lib/storage/widgetDayPlanSync.ts","statementMap":{"0":{"start":{"line":10,"column":2},"end":{"line":10,"column":36}},"1":{"start":{"line":10,"column":29},"end":{"line":10,"column":36}},"2":{"start":{"line":11,"column":14},"end":{"line":11,"column":80}},"3":{"start":{"line":12,"column":2},"end":{"line":12,"column":36}},"4":{"start":{"line":12,"column":29},"end":{"line":12,"column":36}},"5":{"start":{"line":13,"column":2},"end":{"line":17,"column":3}},"6":{"start":{"line":14,"column":4},"end":{"line":14,"column":50}}},"fnMap":{"0":{"name":"syncDayPlanToWidget","decl":{"start":{"line":9,"column":16},"end":{"line":9,"column":35}},"loc":{"start":{"line":9,"column":70},"end":{"line":18,"column":1}},"line":9}},"branchMap":{"0":{"loc":{"start":{"line":10,"column":2},"end":{"line":10,"column":36}},"type":"if","locations":[{"start":{"line":10,"column":2},"end":{"line":10,"column":36}},{"start":{},"end":{}}],"line":10},"1":{"loc":{"start":{"line":12,"column":2},"end":{"line":12,"column":36}},"type":"if","locations":[{"start":{"line":12,"column":2},"end":{"line":12,"column":36}},{"start":{},"end":{}}],"line":12}},"s":{"0":0,"1":0,"2":0,"3":0,"4":0,"5":0,"6":0},"f":{"0":0},"b":{"0":[0,0],"1":[0,0]}}
,"/Users/yonghee/Documents/project/pokit/src/shared/lib/support/openSupportMail.ts": {"path":"/Users/yonghee/Documents/project/pokit/src/shared/lib/support/openSupportMail.ts","statementMap":{"0":{"start":{"line":10,"column":18},"end":{"line":10,"column":41}},"1":{"start":{"line":11,"column":15},"end":{"line":11,"column":35}},"2":{"start":{"line":12,"column":18},"end":{"line":12,"column":70}},"3":{"start":{"line":13,"column":2},"end":{"line":37,"column":4}},"4":{"start":{"line":20,"column":10},"end":{"line":20,"column":56}},"5":{"start":{"line":26,"column":10},"end":{"line":32,"column":11}},"6":{"start":{"line":27,"column":30},"end":{"line":27,"column":60}},"7":{"start":{"line":28,"column":12},"end":{"line":28,"column":58}},"8":{"start":{"line":29,"column":12},"end":{"line":29,"column":63}},"9":{"start":{"line":31,"column":12},"end":{"line":31,"column":73}},"10":{"start":{"line":42,"column":18},"end":{"line":42,"column":41}},"11":{"start":{"line":43,"column":15},"end":{"line":43,"column":35}},"12":{"start":{"line":44,"column":17},"end":{"line":44,"column":114}},"13":{"start":{"line":46,"column":2},"end":{"line":58,"column":3}},"14":{"start":{"line":47,"column":25},"end":{"line":47,"column":59}},"15":{"start":{"line":48,"column":4},"end":{"line":55,"column":5}},"16":{"start":{"line":49,"column":6},"end":{"line":53,"column":9}},"17":{"start":{"line":54,"column":6},"end":{"line":54,"column":13}},"18":{"start":{"line":60,"column":2},"end":{"line":65,"column":3}},"19":{"start":{"line":61,"column":4},"end":{"line":61,"column":34}},"20":{"start":{"line":62,"column":4},"end":{"line":62,"column":11}},"21":{"start":{"line":67,"column":2},"end":{"line":67,"column":28}}},"fnMap":{"0":{"name":"showSupportMailFallback","decl":{"start":{"line":9,"column":9},"end":{"line":9,"column":32}},"loc":{"start":{"line":9,"column":35},"end":{"line":38,"column":1}},"line":9},"1":{"name":"(anonymous_1)","decl":{"start":{"line":19,"column":17},"end":{"line":19,"column":18}},"loc":{"start":{"line":19,"column":23},"end":{"line":21,"column":9}},"line":19},"2":{"name":"(anonymous_2)","decl":{"start":{"line":25,"column":17},"end":{"line":25,"column":18}},"loc":{"start":{"line":25,"column":29},"end":{"line":33,"column":9}},"line":25},"3":{"name":"openSupportMailComposer","decl":{"start":{"line":41,"column":22},"end":{"line":41,"column":45}},"loc":{"start":{"line":41,"column":63},"end":{"line":68,"column":1}},"line":41}},"branchMap":{"0":{"loc":{"start":{"line":48,"column":4},"end":{"line":55,"column":5}},"type":"if","locations":[{"start":{"line":48,"column":4},"end":{"line":55,"column":5}},{"start":{},"end":{}}],"line":48}},"s":{"0":0,"1":0,"2":0,"3":0,"4":0,"5":0,"6":0,"7":0,"8":0,"9":0,"10":0,"11":0,"12":0,"13":0,"14":0,"15":0,"16":0,"17":0,"18":0,"19":0,"20":0,"21":0},"f":{"0":0,"1":0,"2":0,"3":0},"b":{"0":[0,0]}}
,"/Users/yonghee/Documents/project/pokit/src/shared/lib/support/supportMailContent.ts": {"path":"/Users/yonghee/Documents/project/pokit/src/shared/lib/support/supportMailContent.ts","statementMap":{"0":{"start":{"line":7,"column":29},"end":{"line":7,"column":55}},"1":{"start":{"line":11,"column":2},"end":{"line":11,"column":24}},"2":{"start":{"line":19,"column":21},"end":{"line":31,"column":6}},"3":{"start":{"line":20,"column":4},"end":{"line":26,"column":5}},"4":{"start":{"line":21,"column":17},"end":{"line":21,"column":31}},"5":{"start":{"line":22,"column":19},"end":{"line":22,"column":35}},"6":{"start":{"line":23,"column":6},"end":{"line":23,"column":47}},"7":{"start":{"line":23,"column":22},"end":{"line":23,"column":47}},"8":{"start":{"line":24,"column":6},"end":{"line":24,"column":24}},"9":{"start":{"line":24,"column":14},"end":{"line":24,"column":24}},"10":{"start":{"line":25,"column":6},"end":{"line":25,"column":25}},"11":{"start":{"line":27,"column":4},"end":{"line":29,"column":5}},"12":{"start":{"line":28,"column":6},"end":{"line":28,"column":86}},"13":{"start":{"line":30,"column":4},"end":{"line":30,"column":35}},"14":{"start":{"line":34,"column":4},"end":{"line":35,"column":89}},"15":{"start":{"line":36,"column":16},"end":{"line":36,"column":60}},"16":{"start":{"line":38,"column":17},"end":{"line":38,"column":93}},"17":{"start":{"line":40,"column":2},"end":{"line":46,"column":15}},"18":{"start":{"line":51,"column":2},"end":{"line":51,"column":86}}},"fnMap":{"0":{"name":"getSupportMailSubject","decl":{"start":{"line":10,"column":16},"end":{"line":10,"column":37}},"loc":{"start":{"line":10,"column":48},"end":{"line":12,"column":1}},"line":10},"1":{"name":"getSupportMailBody","decl":{"start":{"line":18,"column":16},"end":{"line":18,"column":34}},"loc":{"start":{"line":18,"column":45},"end":{"line":47,"column":1}},"line":18},"2":{"name":"(anonymous_2)","decl":{"start":{"line":19,"column":22},"end":{"line":19,"column":23}},"loc":{"start":{"line":19,"column":28},"end":{"line":31,"column":3}},"line":19},"3":{"name":"getDisplayedAppVersionLabel","decl":{"start":{"line":50,"column":16},"end":{"line":50,"column":43}},"loc":{"start":{"line":50,"column":54},"end":{"line":52,"column":1}},"line":50}},"branchMap":{"0":{"loc":{"start":{"line":20,"column":4},"end":{"line":26,"column":5}},"type":"if","locations":[{"start":{"line":20,"column":4},"end":{"line":26,"column":5}},{"start":{},"end":{}}],"line":20},"1":{"loc":{"start":{"line":23,"column":6},"end":{"line":23,"column":47}},"type":"if","locations":[{"start":{"line":23,"column":6},"end":{"line":23,"column":47}},{"start":{},"end":{}}],"line":23},"2":{"loc":{"start":{"line":23,"column":10},"end":{"line":23,"column":20}},"type":"binary-expr","locations":[{"start":{"line":23,"column":10},"end":{"line":23,"column":12}},{"start":{"line":23,"column":16},"end":{"line":23,"column":20}}],"line":23},"3":{"loc":{"start":{"line":24,"column":6},"end":{"line":24,"column":24}},"type":"if","locations":[{"start":{"line":24,"column":6},"end":{"line":24,"column":24}},{"start":{},"end":{}}],"line":24},"4":{"loc":{"start":{"line":25,"column":13},"end":{"line":25,"column":24}},"type":"binary-expr","locations":[{"start":{"line":25,"column":13},"end":{"line":25,"column":17}},{"start":{"line":25,"column":21},"end":{"line":25,"column":24}}],"line":25},"5":{"loc":{"start":{"line":27,"column":4},"end":{"line":29,"column":5}},"type":"if","locations":[{"start":{"line":27,"column":4},"end":{"line":29,"column":5}},{"start":{},"end":{}}],"line":27},"6":{"loc":{"start":{"line":28,"column":13},"end":{"line":28,"column":85}},"type":"binary-expr","locations":[{"start":{"line":28,"column":13},"end":{"line":28,"column":78}},{"start":{"line":28,"column":82},"end":{"line":28,"column":85}}],"line":28},"7":{"loc":{"start":{"line":30,"column":11},"end":{"line":30,"column":34}},"type":"binary-expr","locations":[{"start":{"line":30,"column":11},"end":{"line":30,"column":27}},{"start":{"line":30,"column":31},"end":{"line":30,"column":34}}],"line":30},"8":{"loc":{"start":{"line":34,"column":4},"end":{"line":35,"column":89}},"type":"binary-expr","locations":[{"start":{"line":34,"column":4},"end":{"line":34,"column":17}},{"start":{"line":35,"column":5},"end":{"line":35,"column":88}}],"line":34},"9":{"loc":{"start":{"line":35,"column":5},"end":{"line":35,"column":88}},"type":"cond-expr","locations":[{"start":{"line":35,"column":29},"end":{"line":35,"column":34}},{"start":{"line":35,"column":37},"end":{"line":35,"column":88}}],"line":35},"10":{"loc":{"start":{"line":35,"column":37},"end":{"line":35,"column":88}},"type":"cond-expr","locations":[{"start":{"line":35,"column":65},"end":{"line":35,"column":74}},{"start":{"line":35,"column":77},"end":{"line":35,"column":88}}],"line":35},"11":{"loc":{"start":{"line":36,"column":16},"end":{"line":36,"column":60}},"type":"binary-expr","locations":[{"start":{"line":36,"column":16},"end":{"line":36,"column":32}},{"start":{"line":36,"column":36},"end":{"line":36,"column":60}}],"line":36},"12":{"loc":{"start":{"line":38,"column":17},"end":{"line":38,"column":93}},"type":"binary-expr","locations":[{"start":{"line":38,"column":17},"end":{"line":38,"column":53}},{"start":{"line":38,"column":57},"end":{"line":38,"column":86}},{"start":{"line":38,"column":90},"end":{"line":38,"column":93}}],"line":38},"13":{"loc":{"start":{"line":51,"column":9},"end":{"line":51,"column":85}},"type":"binary-expr","locations":[{"start":{"line":51,"column":9},"end":{"line":51,"column":45}},{"start":{"line":51,"column":49},"end":{"line":51,"column":78}},{"start":{"line":51,"column":82},"end":{"line":51,"column":85}}],"line":51}},"s":{"0":1,"1":1,"2":1,"3":1,"4":1,"5":1,"6":1,"7":1,"8":0,"9":0,"10":0,"11":0,"12":0,"13":0,"14":1,"15":1,"16":1,"17":1,"18":1},"f":{"0":1,"1":1,"2":1,"3":1},"b":{"0":[1,0],"1":[1,0],"2":[1,1],"3":[0,0],"4":[0,0],"5":[0,0],"6":[0,0],"7":[0,0],"8":[1,0],"9":[0,0],"10":[0,0],"11":[1,0],"12":[1,0,0],"13":[1,0,0]},"_coverageSchema":"1a1c01bbd47fc00a2c39e90264f33305004495a9","hash":"d916dedec62c97cc4b256533143775dee5db4cba"}
,"/Users/yonghee/Documents/project/pokit/src/shared/lib/ui/tabPillColors.ts": {"path":"/Users/yonghee/Documents/project/pokit/src/shared/lib/ui/tabPillColors.ts","statementMap":{"0":{"start":{"line":3,"column":2},"end":{"line":12,"column":3}},"1":{"start":{"line":4,"column":4},"end":{"line":11,"column":6}},"2":{"start":{"line":13,"column":2},"end":{"line":20,"column":4}}},"fnMap":{"0":{"name":"tabPillColors","decl":{"start":{"line":2,"column":16},"end":{"line":2,"column":29}},"loc":{"start":{"line":2,"column":47},"end":{"line":21,"column":1}},"line":2}},"branchMap":{"0":{"loc":{"start":{"line":3,"column":2},"end":{"line":12,"column":3}},"type":"if","locations":[{"start":{"line":3,"column":2},"end":{"line":12,"column":3}},{"start":{},"end":{}}],"line":3}},"s":{"0":2,"1":1,"2":1},"f":{"0":2},"b":{"0":[1,1]},"_coverageSchema":"1a1c01bbd47fc00a2c39e90264f33305004495a9","hash":"4850a3ddbc4642801d5aa7287d68a232c800697c"}
}
