TN:
SF:src/entities/day-plan/lib/blockIcons.ts
FN:5,getBlockTimelineIcon
FNF:1
FNH:1
FNDA:6,getBlockTimelineIcon
DA:6,6
DA:7,5
DA:8,4
DA:9,3
DA:10,2
DA:11,1
LF:6
LH:6
BRDA:6,0,0,1
BRDA:6,0,1,5
BRDA:7,1,0,1
BRDA:7,1,1,4
BRDA:8,2,0,1
BRDA:8,2,1,3
BRDA:9,3,0,1
BRDA:9,3,1,2
BRDA:10,4,0,1
BRDA:10,4,1,1
BRF:10
BRH:10
end_of_record
TN:
SF:src/entities/day-plan/lib/categoryKeyByDisplayNameResolver.ts
FN:6,registerCategoryKeyByDisplayNameResolver
FN:10,resolveRegisteredCategoryKeyByDisplayName
FNF:2
FNH:2
FNDA:2,registerCategoryKeyByDisplayNameResolver
FNDA:10,resolveRegisteredCategoryKeyByDisplayName
DA:3,12
DA:7,2
DA:11,10
DA:12,10
DA:13,9
LF:5
LH:5
BRDA:12,0,0,1
BRDA:12,0,1,9
BRDA:13,1,0,9
BRDA:13,1,1,8
BRF:4
BRH:4
end_of_record
TN:
SF:src/entities/day-plan/lib/categoryReminderCatalog.ts
FN:40,categoryReminderLabelKo
FNF:1
FNH:1
FNDA:3,categoryReminderLabelKo
DA:5,7
DA:19,7
DA:41,3
DA:42,2
LF:4
LH:4
BRDA:41,0,0,1
BRDA:41,0,1,2
BRDA:42,1,0,2
BRDA:42,1,1,1
BRF:4
BRH:4
end_of_record
TN:
SF:src/entities/day-plan/lib/customCatalogGroup.ts
FN:24,isSystemCatalogGroupKey
FNF:1
FNH:1
FNDA:4,isSystemCatalogGroupKey
DA:9,7
DA:12,7
DA:17,7
DA:25,4
LF:4
LH:4
BRF:0
BRH:0
end_of_record
TN:
SF:src/entities/day-plan/lib/customFlowCategoryKey.ts
FN:5,isCustomFlowCategoryKey
FN:9,createCustomFlowCategoryId
FN:18,defaultCustomFlowPickerLabel
FNF:3
FNH:3
FNDA:27,isCustomFlowCategoryKey
FNDA:1,createCustomFlowCategoryId
FNDA:2,defaultCustomFlowPickerLabel
DA:1,11
DA:6,27
DA:10,1
DA:12,1
DA:14,1
DA:19,2
DA:20,1
DA:24,1
LF:8
LH:8
BRDA:6,0,0,27
BRDA:6,0,1,5
BRDA:12,1,0,1
BRDA:12,1,1,0
BRDA:19,2,0,1
BRDA:19,2,1,1
BRDA:24,3,0,1
BRDA:24,3,1,0
BRF:8
BRH:6
end_of_record
TN:
SF:src/entities/day-plan/lib/dayPlanFlowBlock.ts
FN:7,isDayPlanFlowBlock
FN:11,filterDayPlanFlowBlocks
FNF:2
FNH:2
FNDA:16,isDayPlanFlowBlock
FNDA:5,filterDayPlanFlowBlocks
DA:8,16
DA:12,5
LF:2
LH:2
BRF:0
BRH:0
end_of_record
TN:
SF:src/entities/day-plan/lib/dayPlanRuntimeTime.ts
FN:6,parseDateKey
FN:16,minuteOffsetToDateMs
FN:24,blockEndWallTimeMs
FN:36,isBlockEndInPastForDateKey
FN:46,resolveCategoryKeyFromLabel
FN:90,resolveBlockCategoryKey
FN:104,toRuntimeTiming
FNF:7
FNH:7
FNDA:19,parseDateKey
FNDA:19,minuteOffsetToDateMs
FNDA:13,blockEndWallTimeMs
FNDA:9,isBlockEndInPastForDateKey
FNDA:7,resolveCategoryKeyFromLabel
FNDA:4,resolveBlockCategoryKey
FNDA:3,toRuntimeTiming
DA:7,19
DA:8,19
DA:9,18
DA:10,18
DA:11,18
DA:12,18
DA:13,18
DA:17,19
DA:18,19
DA:19,18
DA:20,18
DA:28,13
DA:29,2
DA:30,2
DA:32,11
DA:41,9
DA:42,9
DA:43,9
DA:47,7
DA:48,7
DA:49,7
DA:50,7
DA:51,7
DA:52,7
DA:53,3
DA:54,3
DA:55,3
DA:56,3
DA:57,3
DA:58,3
DA:59,3
DA:60,3
DA:61,3
DA:62,3
DA:63,3
DA:64,3
DA:65,3
DA:66,3
DA:80,0
DA:82,3
DA:83,3
DA:84,2
DA:85,2
DA:86,2
DA:93,4
DA:94,4
DA:95,2
DA:105,3
DA:106,3
DA:107,3
DA:108,3
DA:109,2
LF:52
LH:51
BRDA:8,0,0,1
BRDA:8,0,1,18
BRDA:12,1,0,0
BRDA:12,1,1,18
BRDA:12,2,0,18
BRDA:12,2,1,18
BRDA:12,2,2,18
BRDA:18,3,0,1
BRDA:18,3,1,18
BRDA:28,4,0,2
BRDA:28,4,1,11
BRDA:39,5,0,8
BRDA:42,6,0,0
BRDA:42,6,1,9
BRDA:49,7,0,0
BRDA:49,7,1,7
BRDA:50,8,0,0
BRDA:50,8,1,7
BRDA:51,9,0,0
BRDA:51,9,1,7
BRDA:51,10,0,7
BRDA:51,10,1,7
BRDA:52,11,0,4
BRDA:52,11,1,3
BRDA:53,12,0,0
BRDA:53,12,1,3
BRDA:53,13,0,3
BRDA:53,13,1,3
BRDA:54,14,0,0
BRDA:54,14,1,3
BRDA:54,15,0,3
BRDA:54,15,1,3
BRDA:55,16,0,0
BRDA:55,16,1,3
BRDA:56,17,0,0
BRDA:56,17,1,3
BRDA:57,18,0,0
BRDA:57,18,1,3
BRDA:58,19,0,0
BRDA:58,19,1,3
BRDA:59,20,0,0
BRDA:59,20,1,3
BRDA:59,21,0,3
BRDA:59,21,1,3
BRDA:59,21,2,3
BRDA:60,22,0,0
BRDA:60,22,1,3
BRDA:61,23,0,0
BRDA:61,23,1,3
BRDA:62,24,0,0
BRDA:62,24,1,3
BRDA:63,25,0,0
BRDA:63,25,1,3
BRDA:63,26,0,3
BRDA:63,26,1,3
BRDA:64,27,0,0
BRDA:64,27,1,3
BRDA:64,28,0,3
BRDA:64,28,1,3
BRDA:65,29,0,0
BRDA:65,29,1,3
BRDA:65,30,0,3
BRDA:65,30,1,3
BRDA:66,31,0,0
BRDA:66,31,1,3
BRDA:67,32,0,3
BRDA:67,32,1,3
BRDA:67,32,2,3
BRDA:67,32,3,3
BRDA:67,32,4,3
BRDA:67,32,5,3
BRDA:67,32,6,3
BRDA:67,32,7,3
BRDA:67,32,8,3
BRDA:67,32,9,3
BRDA:67,32,10,3
BRDA:67,32,11,3
BRDA:82,33,0,0
BRDA:82,33,1,3
BRDA:82,34,0,3
BRDA:82,34,1,3
BRDA:83,35,0,1
BRDA:83,35,1,2
BRDA:83,36,0,3
BRDA:83,36,1,2
BRDA:84,37,0,0
BRDA:84,37,1,2
BRDA:85,38,0,0
BRDA:85,38,1,2
BRDA:93,39,0,2
BRDA:93,39,1,2
BRDA:94,40,0,2
BRDA:94,40,1,2
BRDA:95,41,0,2
BRDA:95,41,1,0
BRDA:107,42,0,0
BRDA:107,42,1,3
BRDA:107,43,0,3
BRDA:107,43,1,3
BRDA:108,44,0,1
BRDA:108,44,1,2
BRF:101
BRH:77
end_of_record
TN:
SF:src/entities/day-plan/lib/dayPlanTime.ts
FN:6,getLocalMinutesOfDayNow
FN:11,effectiveEndMinutesExclusive
FN:18,blockDurationSec
FN:25,formatMinuteOfDayKo
FN:42,formatHhmmClockKo
FN:50,formatBlockTimeRange
FN:54,sortDayPlanBlocks
FN:55,(anonymous_7)
FN:62,dayPlanTimeRangesOverlap
FN:72,findOverlappingDayPlanBlock
FN:81,(anonymous_10)
FN:89,findOverlappingDayPlanBlocks
FN:98,(anonymous_12)
FN:105,totalPlannedMinutes
FN:106,(anonymous_14)
FN:110,getFirstPendingBlock
FN:117,(anonymous_16)
FN:121,getNextPendingAfter
FN:129,(anonymous_18)
FNF:19
FNH:18
FNDA:8,getLocalMinutesOfDayNow
FNDA:9,effectiveEndMinutesExclusive
FNDA:4,blockDurationSec
FNDA:10,formatMinuteOfDayKo
FNDA:6,formatHhmmClockKo
FNDA:0,formatBlockTimeRange
FNDA:15,sortDayPlanBlocks
FNDA:9,(anonymous_7)
FNDA:9,dayPlanTimeRangesOverlap
FNDA:6,findOverlappingDayPlanBlock
FNDA:4,(anonymous_10)
FNDA:2,findOverlappingDayPlanBlocks
FNDA:4,(anonymous_12)
FNDA:1,totalPlannedMinutes
FNDA:2,(anonymous_14)
FNDA:2,getFirstPendingBlock
FNDA:3,(anonymous_16)
FNDA:3,getNextPendingAfter
FNDA:6,(anonymous_18)
DA:7,8
DA:12,9
DA:13,1
DA:15,8
DA:19,4
DA:20,1
DA:22,3
DA:26,10
DA:27,0
DA:29,10
DA:30,10
DA:31,10
DA:32,10
DA:33,10
DA:34,10
DA:35,10
DA:43,6
DA:44,6
DA:45,5
DA:46,5
DA:47,5
DA:51,0
DA:55,15
DA:68,9
DA:79,6
DA:80,6
DA:82,4
DA:85,6
DA:96,2
DA:97,2
DA:99,4
DA:106,2
DA:115,2
DA:116,2
DA:117,3
DA:127,3
DA:128,3
DA:129,6
DA:130,3
DA:132,3
DA:133,2
DA:134,2
DA:136,1
LF:43
LH:41
BRDA:6,0,0,0
BRDA:12,1,0,1
BRDA:12,1,1,8
BRDA:19,2,0,1
BRDA:19,2,1,3
BRDA:26,3,0,0
BRDA:26,3,1,10
BRDA:33,4,0,0
BRDA:33,4,1,10
BRDA:34,5,0,9
BRDA:34,5,1,1
BRDA:44,6,0,1
BRDA:44,6,1,5
BRDA:46,7,0,0
BRDA:46,7,1,5
BRDA:68,8,0,9
BRDA:68,8,1,9
BRDA:79,9,0,1
BRDA:79,9,1,5
BRDA:82,10,0,4
BRDA:82,10,1,3
BRDA:85,11,0,6
BRDA:85,11,1,4
BRDA:96,12,0,0
BRDA:96,12,1,2
BRDA:99,13,0,4
BRDA:99,13,1,4
BRDA:117,14,0,2
BRDA:117,14,1,0
BRDA:130,15,0,0
BRDA:130,15,1,3
BRDA:134,16,0,2
BRDA:134,16,1,0
BRDA:134,17,0,2
BRDA:134,17,1,2
BRF:35
BRH:27
end_of_record
TN:
SF:src/entities/day-plan/lib/dayPlanTimeMath.ts
FN:13,formatMinutesToHHmm
FN:24,snapMinutes
FN:29,defaultEditorBlockTimesFromNow
FN:51,defaultPriorityWindowFromNow
FNF:4
FNH:4
FNDA:21,formatMinutesToHHmm
FNDA:19,snapMinutes
FNDA:8,defaultEditorBlockTimesFromNow
FNDA:7,defaultPriorityWindowFromNow
DA:4,9
DA:7,9
DA:10,9
DA:14,21
DA:15,0
DA:17,21
DA:18,21
DA:19,19
DA:20,19
DA:21,19
DA:25,19
DA:33,8
DA:34,8
DA:35,8
DA:36,8
DA:37,8
DA:38,8
DA:39,0
DA:41,8
DA:42,0
DA:44,8
DA:55,7
LF:22
LH:19
BRDA:14,0,0,0
BRDA:14,0,1,21
BRDA:18,1,0,2
BRDA:18,1,1,19
BRDA:24,2,0,3
BRDA:30,3,0,0
BRDA:31,4,0,0
BRDA:37,5,0,0
BRDA:37,5,1,8
BRDA:38,6,0,0
BRDA:38,6,1,8
BRDA:41,7,0,0
BRDA:41,7,1,8
BRDA:51,8,0,7
BRF:14
BRH:8
end_of_record
TN:
SF:src/entities/day-plan/lib/defaultBlocks.ts
FNF:0
FNH:0
DA:7,6
LF:1
LH:1
BRF:0
BRH:0
end_of_record
TN:
SF:src/entities/day-plan/lib/goalCategorySessionConfig.ts
FN:6,asObj
FN:10,clampStr
FN:25,normalizeWorkDetailConfig
FN:32,(anonymous_3)
FN:33,(anonymous_4)
FN:38,(anonymous_5)
FN:44,getInitialWorkDataConfig
FN:51,normalizeMeditationDetailConfig
FN:59,getInitialMeditationDataConfig
FN:70,normalizeYogaDetailConfig
FN:79,getInitialYogaDataConfig
FN:96,normalizeFastingDetailConfig
FN:127,getInitialFastingDataConfig
FN:150,normalizeWaterDetailConfig
FN:172,getInitialWaterDataConfig
FN:183,formatHHmmFromMinutes
FN:190,normalizeMedicineHHmm
FN:215,normalizeMedicineDetailConfig
FN:297,getInitialMedicineDataConfig
FN:330,getOtherCategoryResolvedDisplayLabel
FN:337,readTrimmedOtherCustomDisplayNameFromRaw
FN:343,normalizeOtherDetailConfig
FN:348,(anonymous_22)
FN:349,(anonymous_23)
FN:354,(anonymous_24)
FN:360,getInitialOtherDataConfig
FN:379,emptyCategorySessionConfigs
FNF:27
FNH:27
FNDA:15,asObj
FNDA:16,clampStr
FNDA:2,normalizeWorkDetailConfig
FNDA:2,(anonymous_3)
FNDA:2,(anonymous_4)
FNDA:2,(anonymous_5)
FNDA:1,getInitialWorkDataConfig
FNDA:1,normalizeMeditationDetailConfig
FNDA:1,getInitialMeditationDataConfig
FNDA:1,normalizeYogaDetailConfig
FNDA:1,getInitialYogaDataConfig
FNDA:1,normalizeFastingDetailConfig
FNDA:1,getInitialFastingDataConfig
FNDA:1,normalizeWaterDetailConfig
FNDA:1,getInitialWaterDataConfig
FNDA:12,formatHHmmFromMinutes
FNDA:12,normalizeMedicineHHmm
FNDA:4,normalizeMedicineDetailConfig
FNDA:1,getInitialMedicineDataConfig
FNDA:2,getOtherCategoryResolvedDisplayLabel
FNDA:1,readTrimmedOtherCustomDisplayNameFromRaw
FNDA:5,normalizeOtherDetailConfig
FNDA:2,(anonymous_22)
FNDA:2,(anonymous_23)
FNDA:2,(anonymous_24)
FNDA:2,getInitialOtherDataConfig
FNDA:1,emptyCategorySessionConfigs
DA:7,15
DA:11,16
DA:12,16
DA:26,2
DA:27,2
DA:28,2
DA:29,2
DA:30,2
DA:32,2
DA:33,2
DA:38,2
DA:40,2
DA:41,2
DA:45,1
DA:52,1
DA:53,1
DA:54,1
DA:55,1
DA:56,1
DA:60,1
DA:71,1
DA:72,1
DA:73,1
DA:74,1
DA:75,1
DA:76,1
DA:80,1
DA:93,7
DA:94,7
DA:97,1
DA:98,1
DA:99,1
DA:100,1
DA:101,1
DA:102,1
DA:106,1
DA:107,1
DA:111,1
DA:112,1
DA:116,1
DA:117,1
DA:128,1
DA:151,1
DA:152,1
DA:153,1
DA:154,1
DA:156,1
DA:157,1
DA:158,0
DA:160,1
DA:161,1
DA:167,1
DA:169,1
DA:173,1
DA:184,12
DA:185,12
DA:186,12
DA:187,12
DA:191,12
DA:192,12
DA:193,12
DA:194,12
DA:216,4
DA:217,4
DA:219,4
DA:220,4
DA:221,4
DA:226,4
DA:228,2
DA:229,2
DA:230,2
DA:231,2
DA:233,1
DA:234,1
DA:235,1
DA:238,1
DA:239,1
DA:240,1
DA:243,4
DA:244,4
DA:245,4
DA:247,4
DA:248,4
DA:250,4
DA:251,4
DA:257,4
DA:262,4
DA:267,1
DA:268,1
DA:269,1
DA:270,1
DA:271,3
DA:272,0
DA:273,0
DA:274,0
DA:276,3
DA:277,3
DA:278,3
DA:281,4
DA:298,1
DA:328,7
DA:331,2
DA:332,2
DA:333,2
DA:338,1
DA:339,1
DA:340,1
DA:344,5
DA:345,5
DA:346,5
DA:348,2
DA:349,2
DA:354,2
DA:357,5
DA:361,2
DA:380,1
LF:116
LH:112
BRDA:7,0,0,15
BRDA:7,0,1,0
BRDA:7,1,0,15
BRDA:7,1,1,15
BRDA:11,2,0,9
BRDA:11,2,1,7
BRDA:12,3,0,1
BRDA:12,3,1,15
BRDA:27,4,0,2
BRDA:27,4,1,1
BRDA:29,5,0,1
BRDA:29,5,1,1
BRDA:30,6,0,1
BRDA:30,6,1,1
BRDA:32,7,0,2
BRDA:32,7,1,2
BRDA:34,8,0,2
BRDA:34,8,1,0
BRDA:36,9,0,2
BRDA:36,9,1,0
BRDA:53,10,0,1
BRDA:53,10,1,0
BRDA:55,11,0,1
BRDA:55,11,1,0
BRDA:72,12,0,1
BRDA:72,12,1,1
BRDA:74,13,0,0
BRDA:74,13,1,1
BRDA:75,14,0,1
BRDA:75,14,1,1
BRDA:98,15,0,1
BRDA:98,15,1,1
BRDA:100,16,0,0
BRDA:100,16,1,1
BRDA:104,17,0,0
BRDA:104,17,1,1
BRDA:109,18,0,0
BRDA:109,18,1,1
BRDA:114,19,0,0
BRDA:114,19,1,1
BRDA:116,20,0,0
BRDA:116,20,1,1
BRDA:152,21,0,1
BRDA:152,21,1,0
BRDA:154,22,0,1
BRDA:154,22,1,0
BRDA:157,23,0,0
BRDA:157,23,1,1
BRDA:157,24,0,1
BRDA:157,24,1,1
BRDA:163,25,0,0
BRDA:163,25,1,1
BRDA:167,26,0,0
BRDA:167,26,1,1
BRDA:191,27,0,0
BRDA:191,27,1,12
BRDA:192,28,0,0
BRDA:192,28,1,12
BRDA:193,29,0,0
BRDA:193,29,1,12
BRDA:219,30,0,4
BRDA:219,30,1,2
BRDA:219,30,2,2
BRDA:220,31,0,4
BRDA:220,31,1,3
BRDA:221,32,0,4
BRDA:221,32,1,3
BRDA:226,33,0,2
BRDA:226,33,1,2
BRDA:228,34,0,2
BRDA:228,34,1,0
BRDA:229,35,0,2
BRDA:229,35,1,0
BRDA:230,36,0,2
BRDA:230,36,1,0
BRDA:231,37,0,1
BRDA:231,37,1,1
BRDA:253,38,0,1
BRDA:253,38,1,3
BRDA:257,39,0,1
BRDA:257,39,1,3
BRDA:262,40,0,1
BRDA:262,40,1,3
BRDA:263,41,0,4
BRDA:263,41,1,3
BRDA:263,41,2,3
BRDA:268,42,0,1
BRDA:268,42,1,0
BRDA:269,43,0,1
BRDA:269,43,1,0
BRDA:270,44,0,0
BRDA:270,44,1,1
BRDA:271,45,0,0
BRDA:271,45,1,3
BRDA:331,46,0,2
BRDA:331,46,1,1
BRDA:333,47,0,1
BRDA:333,47,1,1
BRDA:338,48,0,1
BRDA:338,48,1,0
BRDA:340,49,0,0
BRDA:340,49,1,1
BRDA:346,50,0,3
BRDA:346,50,1,2
BRDA:348,51,0,2
BRDA:348,51,1,2
BRDA:350,52,0,1
BRDA:350,52,1,1
BRDA:352,53,0,1
BRDA:352,53,1,1
BRF:110
BRH:82
end_of_record
TN:
SF:src/entities/day-plan/lib/goalDetailChecklistCategoryKeys.ts
FN:23,isGoalDetailChecklistDerivedCategoryKey
FN:29,isGoalDetailChecklistStyleCategoryKey
FNF:2
FNH:2
FNDA:4,isGoalDetailChecklistDerivedCategoryKey
FNDA:3,isGoalDetailChecklistStyleCategoryKey
DA:5,8
DA:21,8
DA:26,4
DA:30,3
LF:4
LH:4
BRDA:30,0,0,3
BRDA:30,0,1,2
BRF:2
BRH:2
end_of_record
TN:
SF:src/entities/day-plan/lib/localDateKey.ts
FN:2,getLocalDateKey
FN:10,parseLocalDateKeyToDate
FN:20,localDateToDateKey
FN:25,addDaysToLocalDateKey
FNF:4
FNH:3
FNDA:100,getLocalDateKey
FNDA:61,parseLocalDateKeyToDate
FNDA:0,localDateToDateKey
FNDA:56,addDaysToLocalDateKey
DA:3,100
DA:4,100
DA:5,100
DA:6,100
DA:11,61
DA:12,61
DA:13,59
DA:14,59
DA:15,59
DA:16,59
DA:17,59
DA:21,0
DA:26,56
DA:27,56
DA:28,56
DA:29,56
LF:16
LH:15
BRDA:2,0,0,43
BRDA:12,1,0,2
BRDA:12,1,1,59
BRDA:16,2,0,0
BRDA:16,2,1,59
BRDA:16,3,0,59
BRDA:16,3,1,59
BRDA:16,3,2,59
BRDA:27,4,0,0
BRDA:27,4,1,56
BRDA:27,5,0,56
BRDA:27,5,1,56
BRF:12
BRH:10
end_of_record
TN:
SF:src/entities/day-plan/lib/parseTime.ts
FN:5,parseHHmmToMinutes
FNF:1
FNH:1
FNDA:87,parseHHmmToMinutes
DA:6,87
DA:7,87
DA:8,87
DA:9,83
DA:10,83
DA:11,83
DA:12,83
DA:13,81
DA:14,78
LF:9
LH:9
BRDA:8,0,0,4
BRDA:8,0,1,83
BRDA:11,1,0,0
BRDA:11,1,1,83
BRDA:11,2,0,83
BRDA:11,2,1,83
BRDA:12,3,0,2
BRDA:12,3,1,81
BRDA:12,4,0,83
BRDA:12,4,1,3
BRDA:13,5,0,3
BRDA:13,5,1,78
BRDA:13,6,0,81
BRDA:13,6,1,79
BRDA:13,6,2,78
BRDA:13,6,3,78
BRF:16
BRH:15
end_of_record
TN:
SF:src/entities/day-plan/lib/priorityBlockTitle.ts
FN:11,parseNumberedFlowLines
FN:14,(anonymous_1)
FN:15,(anonymous_2)
FN:34,isPriorityCompoundBlockTitle
FN:42,isLikelyPriorityCatalogMonolineTitle
FN:45,(anonymous_5)
FN:46,(anonymous_6)
FNF:7
FNH:7
FNDA:13,parseNumberedFlowLines
FNDA:17,(anonymous_1)
FNDA:17,(anonymous_2)
FNDA:6,isPriorityCompoundBlockTitle
FNDA:3,isLikelyPriorityCatalogMonolineTitle
FNDA:4,(anonymous_5)
FNDA:4,(anonymous_6)
DA:3,8
DA:12,13
DA:14,17
DA:15,17
DA:16,13
DA:18,12
DA:19,12
DA:20,13
DA:21,13
DA:22,11
DA:24,2
DA:25,2
DA:26,0
DA:28,2
DA:30,1
DA:35,6
DA:43,3
DA:45,4
DA:46,4
DA:47,3
DA:48,2
LF:21
LH:20
BRDA:12,0,0,13
BRDA:12,0,1,0
BRDA:16,1,0,1
BRDA:16,1,1,12
BRDA:21,2,0,11
BRDA:21,2,1,2
BRDA:24,3,0,2
BRDA:24,3,1,0
BRDA:25,4,0,0
BRDA:25,4,1,2
BRDA:43,5,0,3
BRDA:43,5,1,0
BRDA:47,6,0,1
BRDA:47,6,1,2
BRF:14
BRH:10
end_of_record
TN:
SF:src/entities/day-plan/lib/priorityCatalogRegistry.ts
FN:36,getPriorityCatalogStandardKeys
FN:37,(anonymous_1)
FN:41,getPriorityCatalogAllowedKeySet
FN:50,isPriorityCatalogAllowedKey
FN:57,filterKeysToPriorityCatalog
FNF:5
FNH:5
FNDA:9,getPriorityCatalogStandardKeys
FNDA:135,(anonymous_1)
FNDA:8,getPriorityCatalogAllowedKeySet
FNDA:1,isPriorityCatalogAllowedKey
FNDA:7,filterKeysToPriorityCatalog
DA:6,9
DA:17,9
DA:37,135
DA:42,8
DA:43,8
DA:44,0
DA:45,0
DA:47,8
DA:51,1
DA:52,1
DA:53,1
DA:58,7
DA:59,7
DA:60,7
DA:61,7
DA:62,24
DA:63,24
DA:64,18
DA:65,18
DA:66,18
DA:68,7
LF:21
LH:19
BRDA:45,0,0,0
BRDA:45,0,1,0
BRDA:52,1,0,0
BRDA:52,1,1,1
BRDA:62,2,0,24
BRDA:62,2,1,0
BRDA:63,3,0,6
BRDA:63,3,1,18
BRDA:63,4,0,24
BRDA:63,4,1,24
BRDA:63,4,2,22
BRDA:64,5,0,0
BRDA:64,5,1,18
BRDA:64,6,0,18
BRDA:64,6,1,18
BRF:15
BRH:10
end_of_record
TN:
SF:src/entities/day-plan/lib/priorityRoutineWindow.ts
FN:7,isOvernightPriorityWindow
FN:16,snapToStep
FN:21,maxSnappedMinute
FN:25,ceilToStep
FN:30,floorToStep
FN:35,formatMinutesToHhmm
FN:44,clampMinutesCore
FN:84,clampHhmmToPriorityWindow
FNF:8
FNH:8
FNDA:13,isOvernightPriorityWindow
FNDA:6,snapToStep
FNDA:12,maxSnappedMinute
FNDA:6,ceilToStep
FNDA:6,floorToStep
FNDA:6,formatMinutesToHhmm
FNDA:6,clampMinutesCore
FNDA:7,clampHhmmToPriorityWindow
DA:8,13
DA:9,13
DA:10,13
DA:11,13
DA:12,13
DA:13,12
DA:17,6
DA:18,6
DA:22,12
DA:26,6
DA:27,6
DA:31,6
DA:32,6
DA:36,6
DA:37,6
DA:38,6
DA:39,6
DA:40,6
DA:41,6
DA:51,6
DA:52,6
DA:54,6
DA:55,3
DA:56,3
DA:57,3
DA:58,3
DA:60,0
DA:62,3
DA:63,2
DA:64,3
DA:67,3
DA:68,3
DA:69,3
DA:71,3
DA:72,3
DA:73,3
DA:75,1
DA:76,1
DA:77,1
DA:90,7
DA:91,7
DA:92,7
DA:93,7
DA:94,7
DA:96,6
DA:97,6
DA:98,6
DA:99,6
DA:100,6
LF:49
LH:48
BRDA:10,0,0,0
BRDA:10,0,1,13
BRDA:10,1,0,13
BRDA:10,1,1,13
BRDA:11,2,0,0
BRDA:11,2,1,13
BRDA:12,3,0,1
BRDA:12,3,1,12
BRDA:12,4,0,13
BRDA:12,4,1,1
BRDA:17,5,0,6
BRDA:17,5,1,0
BRDA:17,6,0,6
BRDA:17,6,1,6
BRDA:22,7,0,0
BRDA:22,7,1,12
BRDA:26,8,0,6
BRDA:26,8,1,0
BRDA:26,9,0,6
BRDA:26,9,1,6
BRDA:31,10,0,6
BRDA:31,10,1,0
BRDA:31,11,0,6
BRDA:31,11,1,6
BRDA:36,12,0,0
BRDA:36,12,1,6
BRDA:38,13,0,0
BRDA:38,13,1,6
BRDA:54,14,0,3
BRDA:54,14,1,3
BRDA:55,15,0,0
BRDA:55,15,1,3
BRDA:58,16,0,0
BRDA:58,16,1,3
BRDA:62,17,0,1
BRDA:62,17,1,2
BRDA:63,18,0,1
BRDA:63,18,1,1
BRDA:73,19,0,2
BRDA:73,19,1,1
BRDA:73,20,0,3
BRDA:73,20,1,2
BRDA:77,21,0,1
BRDA:77,21,1,0
BRDA:88,22,0,7
BRDA:93,23,0,6
BRDA:93,23,1,1
BRDA:94,24,0,1
BRDA:94,24,1,6
BRDA:94,25,0,7
BRDA:94,25,1,6
BRDA:94,25,2,6
BRDA:94,26,0,0
BRDA:94,26,1,1
BRDA:97,27,0,6
BRDA:97,27,1,0
BRDA:97,28,0,6
BRDA:97,28,1,6
BRF:58
BRH:45
end_of_record
TN:
SF:src/entities/day-plan/lib/priorityWindowBlockMatch.ts
FN:8,blockMatchesPriorityHhmmWindow
FNF:1
FNH:1
FNDA:3,blockMatchesPriorityHhmmWindow
DA:14,3
DA:15,2
DA:16,2
DA:18,1
DA:19,0
LF:5
LH:4
BRDA:14,0,0,1
BRDA:14,0,1,2
BRDA:14,1,0,3
BRDA:14,1,1,2
BRDA:16,2,0,1
BRDA:16,2,1,1
BRDA:18,3,0,1
BRDA:18,3,1,0
BRDA:18,4,0,1
BRDA:18,4,1,1
BRF:10
BRH:9
end_of_record
TN:
SF:src/entities/day-plan/lib/readingLiveActivityConfig.ts
FN:25,toNonNegativeInt
FN:30,clampReadingBookTitle
FN:37,readingDisplayTitle
FN:47,getInitialReadingLiveActivityConfig
FN:56,normalizeReadingMetricSelection
FN:73,normalizeReadingLiveActivityConfig
FN:93,deriveReadingProgress
FNF:7
FNH:7
FNDA:4,toNonNegativeInt
FNDA:5,clampReadingBookTitle
FNDA:3,readingDisplayTitle
FNDA:1,getInitialReadingLiveActivityConfig
FNDA:3,normalizeReadingMetricSelection
FNDA:2,normalizeReadingLiveActivityConfig
FNDA:1,deriveReadingProgress
DA:11,7
DA:19,7
DA:26,4
DA:27,2
DA:31,5
DA:32,3
DA:33,3
DA:41,3
DA:42,3
DA:43,2
DA:44,2
DA:48,1
DA:57,3
DA:58,2
DA:61,1
DA:62,1
DA:63,4
DA:64,4
DA:65,3
DA:66,3
DA:67,3
DA:70,1
DA:75,2
DA:79,2
DA:98,1
DA:99,1
DA:101,1
DA:108,1
LF:28
LH:28
BRDA:26,0,0,2
BRDA:26,0,1,2
BRDA:26,1,0,4
BRDA:26,1,1,2
BRDA:31,2,0,2
BRDA:31,2,1,3
BRDA:33,3,0,0
BRDA:33,3,1,3
BRDA:42,4,0,1
BRDA:42,4,1,2
BRDA:43,5,0,2
BRDA:43,5,1,0
BRDA:44,6,0,1
BRDA:44,6,1,1
BRDA:57,7,0,2
BRDA:57,7,1,1
BRDA:63,8,0,0
BRDA:63,8,1,4
BRDA:64,9,0,1
BRDA:64,9,1,3
BRDA:66,10,0,2
BRDA:66,10,1,1
BRDA:67,11,0,0
BRDA:67,11,1,3
BRDA:75,12,0,2
BRDA:75,12,1,0
BRDA:75,13,0,2
BRDA:75,13,1,2
BRDA:101,14,0,0
BRDA:101,14,1,1
BRF:30
BRH:24
end_of_record
TN:
SF:src/entities/day-plan/lib/sanitizeFixedFlowSetItems.ts
FN:6,sanitizeFixedFlowSetItems
FN:7,(anonymous_1)
FN:8,(anonymous_2)
FN:9,(anonymous_3)
FNF:4
FNH:4
FNDA:6,sanitizeFixedFlowSetItems
FNDA:19,(anonymous_1)
FNDA:19,(anonymous_2)
FNDA:16,(anonymous_3)
DA:7,19
DA:8,19
DA:9,6
DA:10,16
DA:11,16
LF:5
LH:5
BRF:0
BRH:0
end_of_record
TN:
SF:src/entities/day-plan/lib/waterReminderRoutineSlots.ts
FN:5,waterReminderIntervalMinutes
FN:24,buildWaterRoutineReminderSlots
FN:51,(anonymous_2)
FNF:3
FNH:3
FNDA:4,waterReminderIntervalMinutes
FNDA:3,buildWaterRoutineReminderSlots
FNDA:7,(anonymous_2)
DA:8,4
DA:9,3
DA:10,2
DA:29,3
DA:30,3
DA:31,3
DA:32,3
DA:33,2
DA:35,2
DA:39,2
DA:41,2
DA:42,2
DA:44,2
DA:45,9
DA:46,9
DA:47,9
DA:48,9
DA:51,7
DA:52,2
LF:19
LH:19
BRDA:8,0,0,1
BRDA:8,0,1,3
BRDA:9,1,0,1
BRDA:9,1,1,2
BRDA:32,2,0,1
BRDA:32,2,1,2
BRDA:32,3,0,3
BRDA:32,3,1,2
BRDA:32,3,2,2
BRDA:33,4,0,0
BRDA:33,4,1,2
BRDA:39,5,0,1
BRDA:39,5,1,1
BRDA:46,6,0,0
BRDA:46,6,1,9
BRF:15
BRH:13
end_of_record
TN:
SF:src/entities/day-plan/model/dayPlanDraftStore.ts
FN:76,createInitialPriorityWindow
FN:81,createInitialState
FN:102,(anonymous_2)
FN:105,(anonymous_3)
FN:147,(anonymous_4)
FN:160,(anonymous_5)
FN:164,(anonymous_6)
FN:168,(anonymous_7)
FN:169,(anonymous_8)
FN:172,(anonymous_9)
FN:177,(anonymous_10)
FN:178,(anonymous_11)
FN:184,(anonymous_12)
FN:185,(anonymous_13)
FN:186,(anonymous_14)
FN:189,(anonymous_15)
FN:197,(anonymous_16)
FN:198,(anonymous_17)
FN:202,(anonymous_18)
FN:203,(anonymous_19)
FN:206,(anonymous_20)
FN:207,(anonymous_21)
FN:228,(anonymous_22)
FN:233,(anonymous_23)
FN:234,(anonymous_24)
FN:239,(anonymous_25)
FN:240,(anonymous_26)
FN:244,(anonymous_27)
FN:245,(anonymous_28)
FN:246,(anonymous_29)
FN:253,(anonymous_30)
FN:287,(anonymous_31)
FN:288,(anonymous_32)
FN:289,(anonymous_33)
FN:290,(anonymous_34)
FN:293,(anonymous_35)
FN:294,(anonymous_36)
FN:295,(anonymous_37)
FN:296,(anonymous_38)
FN:297,(anonymous_39)
FN:298,(anonymous_40)
FN:299,(anonymous_41)
FN:302,(anonymous_42)
FN:322,persistDayPlanDraft
FN:344,appendPriorityCategoryKeysIfMissing
FN:345,(anonymous_45)
FNF:46
FNH:46
FNDA:7,createInitialPriorityWindow
FNDA:7,createInitialState
FNDA:7,(anonymous_2)
FNDA:6,(anonymous_3)
FNDA:1,(anonymous_4)
FNDA:1,(anonymous_5)
FNDA:1,(anonymous_6)
FNDA:2,(anonymous_7)
FNDA:2,(anonymous_8)
FNDA:1,(anonymous_9)
FNDA:1,(anonymous_10)
FNDA:1,(anonymous_11)
FNDA:3,(anonymous_12)
FNDA:3,(anonymous_13)
FNDA:5,(anonymous_14)
FNDA:2,(anonymous_15)
FNDA:1,(anonymous_16)
FNDA:1,(anonymous_17)
FNDA:3,(anonymous_18)
FNDA:3,(anonymous_19)
FNDA:3,(anonymous_20)
FNDA:2,(anonymous_21)
FNDA:1,(anonymous_22)
FNDA:2,(anonymous_23)
FNDA:2,(anonymous_24)
FNDA:1,(anonymous_25)
FNDA:1,(anonymous_26)
FNDA:1,(anonymous_27)
FNDA:1,(anonymous_28)
FNDA:1,(anonymous_29)
FNDA:2,(anonymous_30)
FNDA:1,(anonymous_31)
FNDA:1,(anonymous_32)
FNDA:2,(anonymous_33)
FNDA:2,(anonymous_34)
FNDA:1,(anonymous_35)
FNDA:1,(anonymous_36)
FNDA:1,(anonymous_37)
FNDA:1,(anonymous_38)
FNDA:1,(anonymous_39)
FNDA:1,(anonymous_40)
FNDA:1,(anonymous_41)
FNDA:70,(anonymous_42)
FNDA:2,persistDayPlanDraft
FNDA:1,appendPriorityCategoryKeysIfMissing
FNDA:2,(anonymous_45)
DA:77,7
DA:78,7
DA:82,7
DA:102,7
DA:106,6
DA:107,6
DA:108,6
DA:109,1
DA:110,1
DA:113,5
DA:115,5
DA:119,5
DA:122,5
DA:125,5
DA:126,5
DA:128,5
DA:147,1
DA:161,1
DA:162,1
DA:165,1
DA:166,1
DA:169,2
DA:170,2
DA:172,1
DA:175,2
DA:178,1
DA:179,1
DA:180,1
DA:185,3
DA:186,5
DA:187,3
DA:189,2
DA:191,2
DA:193,1
DA:198,1
DA:199,1
DA:200,1
DA:203,3
DA:204,3
DA:205,2
DA:206,3
DA:207,2
DA:208,2
DA:209,2
DA:210,2
DA:211,2
DA:212,2
DA:213,1
DA:215,2
DA:216,2
DA:218,2
DA:219,2
DA:229,1
DA:234,2
DA:240,1
DA:241,1
DA:242,1
DA:244,1
DA:245,1
DA:247,1
DA:254,2
DA:255,2
DA:257,2
DA:261,2
DA:264,2
DA:265,2
DA:266,1
DA:267,1
DA:268,1
DA:269,1
DA:276,1
DA:280,1
DA:287,1
DA:288,1
DA:290,2
DA:294,1
DA:296,1
DA:298,1
DA:299,1
DA:302,7
DA:303,70
DA:304,48
DA:323,2
DA:324,2
DA:325,2
DA:345,2
DA:346,1
DA:347,1
DA:348,1
DA:349,1
DA:350,1
DA:351,2
DA:352,1
DA:353,1
DA:356,1
LF:95
LH:95
BRDA:106,0,0,0
BRDA:106,0,1,6
BRDA:108,1,0,1
BRDA:108,1,1,5
BRDA:115,2,0,5
BRDA:115,2,1,0
BRDA:119,3,0,5
BRDA:119,3,1,0
BRDA:125,4,0,1
BRDA:125,4,1,4
BRDA:130,5,0,1
BRDA:130,5,1,4
BRDA:132,6,0,1
BRDA:132,6,1,3
BRDA:134,7,0,1
BRDA:134,7,1,2
BRDA:138,8,0,5
BRDA:138,8,1,0
BRDA:141,9,0,5
BRDA:141,9,1,0
BRDA:146,10,0,1
BRDA:146,10,1,4
BRDA:146,11,0,5
BRDA:146,11,1,5
BRDA:147,12,0,1
BRDA:147,12,1,1
BRDA:149,13,0,4
BRDA:149,13,1,1
BRDA:150,14,0,4
BRDA:150,14,1,1
BRDA:151,15,0,4
BRDA:151,15,1,1
BRDA:152,16,0,4
BRDA:152,16,1,1
BRDA:153,17,0,5
BRDA:153,17,1,0
BRDA:154,18,0,5
BRDA:154,18,1,0
BRDA:155,19,0,5
BRDA:155,19,1,0
BRDA:156,20,0,5
BRDA:156,20,1,0
BRDA:171,21,0,1
BRDA:171,21,1,1
BRDA:179,22,0,0
BRDA:179,22,1,1
BRDA:187,23,0,2
BRDA:187,23,1,1
BRDA:188,24,0,3
BRDA:188,24,1,2
BRDA:199,25,0,0
BRDA:199,25,1,1
BRDA:204,26,0,1
BRDA:204,26,1,2
BRDA:210,27,0,2
BRDA:210,27,1,0
BRDA:213,28,0,1
BRDA:213,28,1,0
BRDA:216,29,0,2
BRDA:216,29,1,0
BRDA:221,30,0,1
BRDA:221,30,1,1
BRDA:222,31,0,1
BRDA:222,31,1,1
BRDA:225,32,0,1
BRDA:225,32,1,1
BRDA:235,33,0,1
BRDA:235,33,1,1
BRDA:241,34,0,0
BRDA:241,34,1,1
BRDA:255,35,0,0
BRDA:255,35,1,2
BRDA:257,36,0,2
BRDA:257,36,1,0
BRDA:261,37,0,2
BRDA:261,37,1,0
BRDA:265,38,0,1
BRDA:265,38,1,1
BRDA:266,39,0,1
BRDA:266,39,1,0
BRDA:268,40,0,1
BRDA:268,40,1,0
BRDA:276,41,0,1
BRDA:276,41,1,0
BRDA:277,42,0,1
BRDA:277,42,1,1
BRDA:291,43,0,1
BRDA:291,43,1,1
BRDA:303,44,0,22
BRDA:303,44,1,48
BRDA:324,45,0,0
BRDA:324,45,1,2
BRDA:346,46,0,0
BRDA:346,46,1,1
BRDA:351,47,0,1
BRDA:351,47,1,1
BRDA:356,48,0,1
BRDA:356,48,1,0
BRF:98
BRH:74
end_of_record
TN:
SF:src/entities/day-plan/model/dayPlanRuntimeStore.ts
FN:25,(anonymous_0)
FN:32,(anonymous_1)
FN:36,(anonymous_2)
FN:49,(anonymous_3)
FN:53,(anonymous_4)
FN:56,(anonymous_5)
FN:61,(anonymous_6)
FN:69,(anonymous_7)
FNF:8
FNH:8
FNDA:7,(anonymous_0)
FNDA:2,(anonymous_1)
FNDA:2,(anonymous_2)
FNDA:1,(anonymous_3)
FNDA:2,(anonymous_4)
FNDA:1,(anonymous_5)
FNDA:12,(anonymous_6)
FNDA:11,(anonymous_7)
DA:23,7
DA:25,7
DA:33,2
DA:37,2
DA:38,2
DA:39,2
DA:40,2
DA:41,1
DA:43,2
DA:50,1
DA:54,2
DA:55,1
DA:56,1
DA:57,1
DA:62,12
DA:63,1
DA:64,1
DA:66,12
DA:70,11
LF:19
LH:19
BRDA:32,0,0,0
BRDA:40,1,0,1
BRDA:40,1,1,1
BRDA:54,2,0,1
BRDA:54,2,1,1
BRDA:62,3,0,1
BRDA:62,3,1,11
BRF:7
BRH:6
end_of_record
TN:
SF:src/entities/day-plan/model/dayPlanStore.ts
FN:16,createBlockId
FN:23,normalizePersisted
FN:129,(anonymous_2)
FN:130,(anonymous_3)
FN:153,(anonymous_4)
FN:184,(anonymous_5)
FN:204,(anonymous_6)
FN:213,(anonymous_7)
FN:225,(anonymous_8)
FN:231,(anonymous_9)
FN:237,(anonymous_10)
FN:238,(anonymous_11)
FN:245,(anonymous_12)
FN:246,(anonymous_13)
FN:247,(anonymous_14)
FN:256,(anonymous_15)
FN:261,(anonymous_16)
FN:266,(anonymous_17)
FN:278,(anonymous_18)
FN:282,(anonymous_19)
FN:287,(anonymous_20)
FN:299,(anonymous_21)
FN:313,(anonymous_22)
FN:318,(anonymous_23)
FN:326,(anonymous_24)
FN:339,(anonymous_25)
FN:341,(anonymous_26)
FN:346,(anonymous_27)
FN:347,(anonymous_28)
FN:351,(anonymous_29)
FN:353,(anonymous_30)
FN:360,(anonymous_31)
FN:403,(anonymous_32)
FN:404,(anonymous_33)
FN:405,(anonymous_34)
FN:406,(anonymous_35)
FN:415,(anonymous_36)
FN:440,(anonymous_37)
FN:443,(anonymous_38)
FN:448,(anonymous_39)
FN:449,(anonymous_40)
FN:460,selectFirstPendingBlock
FNF:42
FNH:35
FNDA:5,createBlockId
FNDA:4,normalizePersisted
FNDA:7,(anonymous_2)
FNDA:21,(anonymous_3)
FNDA:4,(anonymous_4)
FNDA:1,(anonymous_5)
FNDA:1,(anonymous_6)
FNDA:1,(anonymous_7)
FNDA:2,(anonymous_8)
FNDA:1,(anonymous_9)
FNDA:2,(anonymous_10)
FNDA:1,(anonymous_11)
FNDA:2,(anonymous_12)
FNDA:1,(anonymous_13)
FNDA:0,(anonymous_14)
FNDA:1,(anonymous_15)
FNDA:2,(anonymous_16)
FNDA:0,(anonymous_17)
FNDA:1,(anonymous_18)
FNDA:2,(anonymous_19)
FNDA:0,(anonymous_20)
FNDA:3,(anonymous_21)
FNDA:1,(anonymous_22)
FNDA:1,(anonymous_23)
FNDA:1,(anonymous_24)
FNDA:1,(anonymous_25)
FNDA:1,(anonymous_26)
FNDA:1,(anonymous_27)
FNDA:1,(anonymous_28)
FNDA:1,(anonymous_29)
FNDA:1,(anonymous_30)
FNDA:7,(anonymous_31)
FNDA:1,(anonymous_32)
FNDA:1,(anonymous_33)
FNDA:0,(anonymous_34)
FNDA:0,(anonymous_35)
FNDA:0,(anonymous_36)
FNDA:1,(anonymous_37)
FNDA:1,(anonymous_38)
FNDA:1,(anonymous_39)
FNDA:0,(anonymous_40)
FNDA:1,selectFirstPendingBlock
DA:17,5
DA:18,5
DA:19,5
DA:20,0
DA:36,4
DA:37,4
DA:39,4
DA:40,2
DA:41,2
DA:51,2
DA:52,1
DA:53,1
DA:63,1
DA:129,7
DA:130,7
DA:131,21
DA:132,21
DA:140,21
DA:141,21
DA:144,7
DA:154,4
DA:156,4
DA:157,4
DA:158,4
DA:159,4
DA:160,4
DA:161,4
DA:162,4
DA:164,4
DA:165,4
DA:166,4
DA:173,4
DA:174,4
DA:175,4
DA:176,4
DA:177,4
DA:179,4
DA:182,4
DA:184,1
DA:188,1
DA:192,4
DA:201,4
DA:205,1
DA:210,1
DA:220,1
DA:221,1
DA:223,1
DA:226,2
DA:231,1
DA:233,1
DA:235,1
DA:236,1
DA:237,2
DA:238,1
DA:240,1
DA:244,1
DA:245,2
DA:246,1
DA:247,0
DA:253,1
DA:257,1
DA:258,1
DA:262,2
DA:263,2
DA:265,1
DA:266,1
DA:267,1
DA:275,1
DA:279,1
DA:280,1
DA:281,1
DA:282,2
DA:283,1
DA:285,1
DA:286,1
DA:287,1
DA:288,1
DA:296,1
DA:300,3
DA:301,3
DA:303,1
DA:310,1
DA:314,1
DA:315,1
DA:317,1
DA:318,1
DA:319,1
DA:323,1
DA:327,1
DA:328,1
DA:329,1
DA:335,1
DA:336,1
DA:340,1
DA:341,1
DA:343,1
DA:347,1
DA:348,1
DA:352,1
DA:354,1
DA:357,1
DA:361,7
DA:362,7
DA:363,7
DA:364,7
DA:366,7
DA:367,6
DA:368,1
DA:371,1
DA:372,0
DA:374,1
DA:375,0
DA:377,1
DA:378,1
DA:379,0
DA:383,6
DA:384,1
DA:390,1
DA:393,6
DA:394,6
DA:395,1
DA:398,5
DA:400,5
DA:401,1
DA:402,1
DA:403,1
DA:404,1
DA:405,1
DA:406,1
DA:409,4
DA:410,4
DA:411,1
DA:415,4
DA:418,4
DA:422,4
DA:434,4
DA:435,4
DA:436,4
DA:437,4
DA:442,1
DA:443,1
DA:444,1
DA:446,1
DA:448,1
DA:449,0
DA:455,1
DA:461,1
DA:462,1
LF:148
LH:142
BRDA:19,0,0,5
BRDA:19,0,1,0
BRDA:39,1,0,2
BRDA:39,1,1,2
BRDA:46,2,0,1
BRDA:46,2,1,1
BRDA:51,3,0,1
BRDA:51,3,1,1
BRDA:55,4,0,1
BRDA:55,4,1,0
BRDA:56,5,0,1
BRDA:56,5,1,0
BRDA:57,6,0,1
BRDA:57,6,1,0
BRDA:58,7,0,1
BRDA:58,7,1,0
BRDA:154,8,0,0
BRDA:154,8,1,4
BRDA:164,9,0,4
BRDA:164,9,1,0
BRDA:165,10,0,4
BRDA:165,10,1,0
BRDA:167,11,0,4
BRDA:167,11,1,0
BRDA:169,12,0,4
BRDA:169,12,1,0
BRDA:170,13,0,4
BRDA:170,13,1,0
BRDA:179,14,0,1
BRDA:179,14,1,3
BRDA:182,15,0,1
BRDA:182,15,1,3
BRDA:183,16,0,4
BRDA:183,16,1,1
BRDA:183,16,2,1
BRDA:183,16,3,1
BRDA:221,17,0,0
BRDA:221,17,1,1
BRDA:233,18,0,0
BRDA:233,18,1,1
BRDA:237,19,0,2
BRDA:237,19,1,1
BRDA:240,20,0,1
BRDA:240,20,1,0
BRDA:249,21,0,1
BRDA:249,21,1,0
BRDA:249,22,0,1
BRDA:249,22,1,1
BRDA:263,23,0,1
BRDA:263,23,1,1
BRDA:271,24,0,0
BRDA:271,24,1,1
BRDA:279,25,0,0
BRDA:279,25,1,1
BRDA:283,26,0,0
BRDA:283,26,1,1
BRDA:292,27,0,0
BRDA:292,27,1,1
BRDA:292,28,0,1
BRDA:292,28,1,0
BRDA:301,29,0,2
BRDA:301,29,1,1
BRDA:301,30,0,3
BRDA:301,30,1,2
BRDA:306,31,0,0
BRDA:306,31,1,1
BRDA:317,32,0,1
BRDA:317,32,1,1
BRDA:321,33,0,0
BRDA:321,33,1,1
BRDA:328,34,0,0
BRDA:328,34,1,1
BRDA:341,35,0,1
BRDA:341,35,1,0
BRDA:354,36,0,1
BRDA:354,36,1,0
BRDA:366,37,0,6
BRDA:366,37,1,1
BRDA:367,38,0,1
BRDA:367,38,1,5
BRDA:371,39,0,0
BRDA:371,39,1,1
BRDA:374,40,0,0
BRDA:374,40,1,1
BRDA:378,41,0,0
BRDA:378,41,1,1
BRDA:383,42,0,1
BRDA:383,42,1,5
BRDA:383,43,0,6
BRDA:383,43,1,6
BRDA:394,44,0,1
BRDA:394,44,1,5
BRDA:400,45,0,1
BRDA:400,45,1,4
BRDA:402,46,0,1
BRDA:402,46,1,0
BRDA:410,47,0,1
BRDA:410,47,1,3
BRDA:418,48,0,1
BRDA:418,48,1,3
BRDA:418,49,0,4
BRDA:418,49,1,1
BRDA:429,50,0,1
BRDA:429,50,1,3
BRDA:430,51,0,0
BRDA:430,51,1,4
BRDA:431,52,0,1
BRDA:431,52,1,3
BRDA:444,53,0,0
BRDA:444,53,1,1
BRDA:451,54,0,1
BRDA:451,54,1,0
BRF:112
BRH:80
end_of_record
TN:
SF:src/entities/day-plan/model/fixedFlowSetsStore.ts
FN:15,sanitizeSetsState
FN:19,(anonymous_1)
FN:24,(anonymous_2)
FN:54,createSetId
FN:60,persistState
FN:65,mapSetItems
FN:66,(anonymous_6)
FN:69,nextSetName
FN:71,(anonymous_8)
FN:78,(anonymous_9)
FN:83,(anonymous_10)
FN:90,(anonymous_11)
FN:90,(anonymous_12)
FN:91,(anonymous_13)
FN:91,(anonymous_14)
FN:105,(anonymous_15)
FN:120,(anonymous_16)
FN:124,(anonymous_17)
FN:129,(anonymous_18)
FN:131,(anonymous_19)
FN:138,(anonymous_20)
FN:140,(anonymous_21)
FN:145,(anonymous_22)
FN:150,(anonymous_23)
FN:152,(anonymous_24)
FN:153,(anonymous_25)
FN:160,(anonymous_26)
FN:164,(anonymous_27)
FN:166,(anonymous_28)
FN:167,(anonymous_29)
FN:173,(anonymous_30)
FN:175,(anonymous_31)
FN:187,(anonymous_32)
FN:192,(anonymous_33)
FN:196,(anonymous_34)
FN:198,(anonymous_35)
FN:202,(anonymous_36)
FN:212,(anonymous_37)
FN:226,(anonymous_38)
FN:231,(anonymous_39)
FN:237,(anonymous_40)
FN:238,(anonymous_41)
FN:245,(anonymous_42)
FN:251,(anonymous_43)
FN:252,(anonymous_44)
FN:258,(anonymous_45)
FN:264,(anonymous_46)
FN:268,(anonymous_47)
FNF:48
FNH:46
FNDA:2,sanitizeSetsState
FNDA:4,(anonymous_1)
FNDA:2,(anonymous_2)
FNDA:2,createSetId
FNDA:11,persistState
FNDA:2,mapSetItems
FNDA:6,(anonymous_6)
FNDA:1,nextSetName
FNDA:3,(anonymous_8)
FNDA:7,(anonymous_9)
FNDA:2,(anonymous_10)
FNDA:4,(anonymous_11)
FNDA:14,(anonymous_12)
FNDA:4,(anonymous_13)
FNDA:13,(anonymous_14)
FNDA:2,(anonymous_15)
FNDA:2,(anonymous_16)
FNDA:1,(anonymous_17)
FNDA:1,(anonymous_18)
FNDA:2,(anonymous_19)
FNDA:2,(anonymous_20)
FNDA:4,(anonymous_21)
FNDA:1,(anonymous_22)
FNDA:1,(anonymous_23)
FNDA:1,(anonymous_24)
FNDA:0,(anonymous_25)
FNDA:1,(anonymous_26)
FNDA:1,(anonymous_27)
FNDA:3,(anonymous_28)
FNDA:4,(anonymous_29)
FNDA:1,(anonymous_30)
FNDA:1,(anonymous_31)
FNDA:1,(anonymous_32)
FNDA:1,(anonymous_33)
FNDA:1,(anonymous_34)
FNDA:3,(anonymous_35)
FNDA:4,(anonymous_36)
FNDA:1,(anonymous_37)
FNDA:3,(anonymous_38)
FNDA:1,(anonymous_39)
FNDA:1,(anonymous_40)
FNDA:0,(anonymous_41)
FNDA:1,(anonymous_42)
FNDA:3,(anonymous_43)
FNDA:1,(anonymous_44)
FNDA:1,(anonymous_45)
FNDA:3,(anonymous_46)
FNDA:4,(anonymous_47)
DA:19,4
DA:24,2
DA:27,2
DA:55,2
DA:56,2
DA:57,2
DA:61,11
DA:62,11
DA:66,6
DA:70,1
DA:71,3
DA:72,1
DA:73,0
DA:74,0
DA:75,0
DA:78,7
DA:84,2
DA:85,2
DA:86,2
DA:87,1
DA:89,2
DA:90,14
DA:91,13
DA:92,2
DA:93,1
DA:94,1
DA:95,1
DA:96,0
DA:98,2
DA:106,2
DA:107,2
DA:108,2
DA:109,2
DA:114,2
DA:115,2
DA:116,2
DA:117,2
DA:121,2
DA:122,2
DA:123,1
DA:124,1
DA:125,1
DA:126,1
DA:130,1
DA:131,2
DA:133,1
DA:134,1
DA:135,1
DA:139,2
DA:140,4
DA:141,1
DA:142,1
DA:146,1
DA:147,1
DA:148,1
DA:149,1
DA:150,1
DA:151,1
DA:152,1
DA:153,0
DA:154,0
DA:156,0
DA:157,0
DA:161,1
DA:162,1
DA:163,1
DA:164,1
DA:165,1
DA:166,1
DA:167,4
DA:169,1
DA:170,1
DA:174,1
DA:175,1
DA:176,1
DA:177,1
DA:178,1
DA:179,1
DA:180,1
DA:181,3
DA:182,3
DA:183,2
DA:184,2
DA:185,2
DA:187,1
DA:188,1
DA:189,1
DA:193,1
DA:194,1
DA:195,1
DA:196,1
DA:197,1
DA:198,1
DA:199,3
DA:203,4
DA:208,1
DA:209,1
DA:213,1
DA:214,1
DA:215,1
DA:216,1
DA:217,1
DA:218,1
DA:219,1
DA:220,1
DA:221,1
DA:222,1
DA:223,1
DA:224,1
DA:226,3
DA:227,1
DA:228,1
DA:232,1
DA:233,1
DA:234,1
DA:235,1
DA:236,1
DA:237,1
DA:238,0
DA:239,0
DA:241,0
DA:242,0
DA:246,1
DA:247,1
DA:248,1
DA:249,1
DA:250,1
DA:251,1
DA:252,3
DA:254,1
DA:255,1
DA:259,1
DA:260,1
DA:261,1
DA:262,1
DA:263,1
DA:264,1
DA:265,3
DA:269,4
DA:274,1
DA:275,1
LF:141
LH:129
BRDA:24,0,0,1
BRDA:24,0,1,1
BRDA:24,1,0,2
BRDA:24,1,1,2
BRDA:26,2,0,1
BRDA:26,2,1,0
BRDA:57,3,0,2
BRDA:57,3,1,0
BRDA:72,4,0,1
BRDA:72,4,1,0
BRDA:84,5,0,0
BRDA:84,5,1,2
BRDA:86,6,0,1
BRDA:86,6,1,1
BRDA:92,7,0,1
BRDA:92,7,1,1
BRDA:95,8,0,0
BRDA:95,8,1,1
BRDA:107,9,0,1
BRDA:107,9,1,1
BRDA:108,10,0,1
BRDA:108,10,1,1
BRDA:115,11,0,2
BRDA:115,11,1,0
BRDA:117,12,0,0
BRDA:117,12,1,2
BRDA:122,13,0,1
BRDA:122,13,1,1
BRDA:124,14,0,1
BRDA:124,14,1,0
BRDA:133,15,0,1
BRDA:133,15,1,0
BRDA:133,16,0,1
BRDA:133,16,1,0
BRDA:140,17,0,1
BRDA:140,17,1,1
BRDA:147,18,0,0
BRDA:147,18,1,1
BRDA:148,19,0,0
BRDA:148,19,1,1
BRDA:151,20,0,0
BRDA:151,20,1,1
BRDA:152,21,0,1
BRDA:152,21,1,0
BRDA:154,22,0,0
BRDA:154,22,1,0
BRDA:162,23,0,0
BRDA:162,23,1,1
BRDA:165,24,0,0
BRDA:165,24,1,1
BRDA:167,25,0,1
BRDA:167,25,1,2
BRDA:176,26,0,0
BRDA:176,26,1,1
BRDA:182,27,0,1
BRDA:182,27,1,2
BRDA:182,28,0,3
BRDA:182,28,1,3
BRDA:187,29,0,1
BRDA:187,29,1,0
BRDA:194,30,0,0
BRDA:194,30,1,1
BRDA:197,31,0,0
BRDA:197,31,1,1
BRDA:199,32,0,1
BRDA:199,32,1,2
BRDA:203,33,0,1
BRDA:203,33,1,3
BRDA:215,34,0,0
BRDA:215,34,1,1
BRDA:221,35,0,0
BRDA:221,35,1,1
BRDA:221,36,0,1
BRDA:221,36,1,1
BRDA:226,37,0,1
BRDA:226,37,1,2
BRDA:233,38,0,0
BRDA:233,38,1,1
BRDA:236,39,0,0
BRDA:236,39,1,1
BRDA:237,40,0,1
BRDA:237,40,1,0
BRDA:239,41,0,0
BRDA:239,41,1,0
BRDA:247,42,0,0
BRDA:247,42,1,1
BRDA:250,43,0,0
BRDA:250,43,1,1
BRDA:252,44,0,1
BRDA:252,44,1,2
BRDA:260,45,0,0
BRDA:260,45,1,1
BRDA:263,46,0,0
BRDA:263,46,1,1
BRDA:265,47,0,1
BRDA:265,47,1,2
BRDA:269,48,0,1
BRDA:269,48,1,3
BRF:98
BRH:65
end_of_record
TN:
SF:src/entities/day-plan/model/planMode.ts
FNF:0
FNH:0
LF:0
LH:0
BRF:0
BRH:0
end_of_record
TN:
SF:src/entities/day-plan/model/types.ts
FNF:0
FNH:0
LF:0
LH:0
BRF:0
BRH:0
end_of_record
TN:
SF:src/entities/history/lib/historyCompletionMetrics.ts
FN:9,dayHasCompletionActivity
FN:15,getCategoryCompletions
FN:33,sumCategoryCompletions
FN:34,(anonymous_3)
FNF:4
FNH:4
FNDA:46,dayHasCompletionActivity
FNDA:53,getCategoryCompletions
FNDA:1,sumCategoryCompletions
FNDA:2,(anonymous_3)
DA:10,46
DA:11,42
DA:16,53
DA:17,53
DA:18,50
DA:19,50
DA:20,50
DA:21,50
DA:23,53
DA:25,6
DA:26,2
DA:27,2
DA:28,2
DA:30,6
DA:34,2
LF:15
LH:15
BRDA:10,0,0,4
BRDA:10,0,1,42
BRDA:11,1,0,42
BRDA:11,1,1,1
BRDA:17,2,0,53
BRDA:17,2,1,0
BRDA:19,3,0,50
BRDA:19,3,1,0
BRDA:20,4,0,0
BRDA:20,4,1,50
BRDA:20,5,0,50
BRDA:20,5,1,50
BRDA:23,6,0,47
BRDA:23,6,1,6
BRDA:25,7,0,6
BRDA:25,7,1,0
BRDA:27,8,0,0
BRDA:27,8,1,2
BRDA:28,9,0,2
BRDA:28,9,1,2
BRF:20
BRH:15
end_of_record
TN:
SF:src/entities/history/model/historyStore.ts
FN:29,parseDateKey
FN:40,dateToKey
FN:47,addDays
FN:54,toStartOfWeekMonday
FN:62,clampInt
FN:68,clampRate
FN:74,emptyDaily
FN:86,normalizeDaily
FN:99,normalizeAchievement
FN:112,buildDailyMap
FN:122,listDaily
FN:123,(anonymous_11)
FN:126,computeCurrentStreak
FN:141,heatLevel
FN:148,toWeekday
FN:154,isBetween
FN:158,toNowDateKey
FN:162,ensureAchievement
FN:163,(anonymous_18)
FN:186,(anonymous_19)
FN:192,(anonymous_20)
FN:205,(anonymous_21)
FN:243,(anonymous_22)
FN:258,(anonymous_23)
FN:266,(anonymous_24)
FN:270,(anonymous_25)
FN:306,(anonymous_26)
FN:311,(anonymous_27)
FN:332,(anonymous_28)
FN:346,(anonymous_29)
FN:351,(anonymous_30)
FN:354,(anonymous_31)
FN:380,(anonymous_32)
FNF:33
FNH:33
FNDA:54,parseDateKey
FNDA:55,dateToKey
FNDA:51,addDays
FNDA:2,toStartOfWeekMonday
FNDA:101,clampInt
FNDA:56,clampRate
FNDA:1,emptyDaily
FNDA:48,normalizeDaily
FNDA:1,normalizeAchievement
FNDA:1,buildDailyMap
FNDA:47,listDaily
FNDA:461,(anonymous_11)
FNDA:3,computeCurrentStreak
FNDA:7,heatLevel
FNDA:1,toWeekday
FNDA:3,isBetween
FNDA:2,toNowDateKey
FNDA:4,ensureAchievement
FNDA:3,(anonymous_18)
FNDA:1,(anonymous_19)
FNDA:1,(anonymous_20)
FNDA:1,(anonymous_21)
FNDA:46,(anonymous_22)
FNDA:1,(anonymous_23)
FNDA:2,(anonymous_24)
FNDA:37,(anonymous_25)
FNDA:3,(anonymous_26)
FNDA:1,(anonymous_27)
FNDA:1,(anonymous_28)
FNDA:2,(anonymous_29)
FNDA:1,(anonymous_30)
FNDA:1,(anonymous_31)
FNDA:1,(anonymous_32)
DA:30,54
DA:31,54
DA:32,54
DA:33,54
DA:34,54
DA:35,54
DA:36,54
DA:37,54
DA:41,55
DA:42,55
DA:43,55
DA:44,55
DA:48,51
DA:49,51
DA:50,51
DA:51,51
DA:55,2
DA:56,2
DA:57,2
DA:58,2
DA:59,2
DA:63,101
DA:64,101
DA:65,101
DA:69,56
DA:70,56
DA:71,56
DA:75,1
DA:87,48
DA:88,48
DA:100,1
DA:101,1
DA:102,1
DA:103,0
DA:113,1
DA:114,1
DA:115,1
DA:116,1
DA:117,1
DA:119,1
DA:123,461
DA:130,3
DA:131,3
DA:132,3
DA:133,43
DA:134,43
DA:135,40
DA:136,40
DA:138,3
DA:142,7
DA:143,1
DA:144,0
DA:145,0
DA:149,1
DA:150,1
DA:151,1
DA:155,3
DA:159,2
DA:163,4
DA:164,4
DA:186,1
DA:193,1
DA:194,1
DA:195,1
DA:196,1
DA:197,1
DA:206,1
DA:207,1
DA:209,1
DA:210,1
DA:211,1
DA:212,1
DA:213,1
DA:214,1
DA:217,1
DA:226,1
DA:227,1
DA:229,0
DA:232,1
DA:236,1
DA:238,1
DA:239,1
DA:240,1
DA:244,46
DA:245,46
DA:247,46
DA:251,46
DA:253,46
DA:254,46
DA:255,46
DA:259,1
DA:260,1
DA:261,0
DA:262,0
DA:263,0
DA:267,2
DA:268,2
DA:269,2
DA:270,37
DA:274,2
DA:275,2
DA:283,2
DA:284,1
DA:292,2
DA:293,1
DA:302,2
DA:303,2
DA:307,3
DA:308,3
DA:312,1
DA:313,1
DA:314,1
DA:315,1
DA:316,1
DA:317,1
DA:318,7
DA:319,7
DA:320,7
DA:321,7
DA:322,7
DA:329,1
DA:333,1
DA:334,1
DA:335,1
DA:336,2
DA:337,2
DA:338,3
DA:339,3
DA:340,3
DA:341,3
DA:344,1
DA:345,1
DA:346,2
DA:351,1
DA:356,1
DA:357,1
DA:358,7
DA:360,1
DA:361,1
DA:362,1
DA:363,1
DA:364,1
DA:365,1
DA:367,1
DA:368,1
DA:369,7
DA:370,7
DA:371,7
DA:377,1
DA:381,1
DA:382,1
DA:383,1
DA:384,1
DA:385,1
DA:387,1
DA:388,1
DA:389,1
DA:390,2
DA:391,1
DA:392,1
DA:393,1
DA:397,1
DA:399,1
DA:404,1
LF:164
LH:157
BRDA:31,0,0,0
BRDA:31,0,1,54
BRDA:36,1,0,0
BRDA:36,1,1,54
BRDA:49,2,0,0
BRDA:49,2,1,51
BRDA:56,3,0,0
BRDA:56,3,1,2
BRDA:62,4,0,0
BRDA:63,5,0,101
BRDA:63,5,1,1
BRDA:64,6,0,0
BRDA:64,6,1,101
BRDA:70,7,0,0
BRDA:70,7,1,56
BRDA:102,8,0,1
BRDA:102,8,1,0
BRDA:102,9,0,1
BRDA:102,9,1,0
BRDA:108,10,0,0
BRDA:108,10,1,0
BRDA:116,11,0,0
BRDA:116,11,1,1
BRDA:134,12,0,3
BRDA:134,12,1,40
BRDA:142,13,0,6
BRDA:142,13,1,1
BRDA:142,14,0,7
BRDA:142,14,1,6
BRDA:143,15,0,1
BRDA:143,15,1,0
BRDA:143,16,0,1
BRDA:143,16,1,0
BRDA:144,17,0,0
BRDA:144,17,1,0
BRDA:144,18,0,0
BRDA:144,18,1,0
BRDA:150,19,0,0
BRDA:150,19,1,1
BRDA:155,20,0,3
BRDA:155,20,1,3
BRDA:163,21,0,0
BRDA:163,21,1,4
BRDA:193,22,0,0
BRDA:193,22,1,1
BRDA:200,23,0,1
BRDA:200,23,1,1
BRDA:207,24,0,0
BRDA:207,24,1,1
BRDA:209,25,0,1
BRDA:209,25,1,1
BRDA:213,26,0,1
BRDA:213,26,1,0
BRDA:213,27,0,1
BRDA:213,27,1,1
BRDA:214,28,0,1
BRDA:214,28,1,1
BRDA:221,29,0,1
BRDA:221,29,1,0
BRDA:226,30,0,1
BRDA:226,30,1,0
BRDA:226,31,0,1
BRDA:226,31,1,1
BRDA:245,32,0,0
BRDA:245,32,1,46
BRDA:260,33,0,1
BRDA:260,33,1,0
BRDA:274,34,0,2
BRDA:274,34,1,0
BRDA:283,35,0,1
BRDA:283,35,1,1
BRDA:292,36,0,1
BRDA:292,36,1,1
BRDA:307,37,0,3
BRDA:307,37,1,2
BRDA:311,38,0,0
BRDA:312,39,0,1
BRDA:312,39,1,0
BRDA:320,40,0,7
BRDA:320,40,1,6
BRDA:321,41,0,7
BRDA:321,41,1,6
BRDA:336,42,0,0
BRDA:336,42,1,2
BRDA:339,43,0,0
BRDA:339,43,1,3
BRDA:340,44,0,3
BRDA:340,44,1,2
BRDA:344,45,0,0
BRDA:344,45,1,1
BRDA:361,46,0,0
BRDA:361,46,1,1
BRDA:381,47,0,1
BRDA:381,47,1,0
BRDA:390,48,0,1
BRDA:390,48,1,1
BRDA:390,49,0,2
BRDA:390,49,1,1
BRDA:392,50,0,1
BRDA:392,50,1,0
BRDA:392,51,0,1
BRDA:392,51,1,1
BRDA:399,52,0,1
BRDA:399,52,1,0
BRDA:401,53,0,0
BRDA:401,53,1,0
BRF:106
BRH:67
end_of_record
TN:
SF:src/entities/history/model/types.ts
FNF:0
FNH:0
LF:0
LH:0
BRF:0
BRH:0
end_of_record
TN:
SF:src/entities/horizon-completion/model/horizonCompletionStore.ts
FN:35,toMap
FN:43,(anonymous_1)
FN:48,(anonymous_2)
FN:58,(anonymous_3)
FN:60,(anonymous_4)
FN:65,(anonymous_5)
FN:67,(anonymous_6)
FN:72,(anonymous_7)
FN:74,(anonymous_8)
FN:81,(anonymous_9)
FN:83,(anonymous_10)
FN:90,(anonymous_11)
FN:96,(anonymous_12)
FN:102,(anonymous_13)
FN:104,(anonymous_14)
FN:107,(anonymous_15)
FN:109,(anonymous_16)
FNF:17
FNH:16
FNDA:2,toMap
FNDA:1,(anonymous_1)
FNDA:1,(anonymous_2)
FNDA:1,(anonymous_3)
FNDA:1,(anonymous_4)
FNDA:1,(anonymous_5)
FNDA:1,(anonymous_6)
FNDA:1,(anonymous_7)
FNDA:1,(anonymous_8)
FNDA:1,(anonymous_9)
FNDA:1,(anonymous_10)
FNDA:2,(anonymous_11)
FNDA:1,(anonymous_12)
FNDA:1,(anonymous_13)
FNDA:1,(anonymous_14)
FNDA:1,(anonymous_15)
FNDA:0,(anonymous_16)
DA:36,2
DA:37,2
DA:38,2
DA:40,2
DA:43,1
DA:49,1
DA:50,1
DA:51,1
DA:59,1
DA:60,1
DA:66,1
DA:67,1
DA:73,1
DA:74,1
DA:75,1
DA:76,1
DA:77,1
DA:82,1
DA:83,1
DA:84,1
DA:85,1
DA:86,1
DA:91,2
DA:92,2
DA:93,1
DA:97,1
DA:98,1
DA:99,1
DA:103,1
DA:104,1
DA:108,1
DA:109,1
LF:32
LH:32
BRDA:92,0,0,1
BRDA:92,0,1,1
BRDA:98,1,0,0
BRDA:98,1,1,1
BRF:4
BRH:3
end_of_record
TN:
SF:src/entities/local-notifications/model/localNotificationsStore.ts
FN:18,(anonymous_0)
FN:20,(anonymous_1)
FN:24,(anonymous_2)
FNF:3
FNH:3
FNDA:1,(anonymous_0)
FNDA:2,(anonymous_1)
FNDA:1,(anonymous_2)
DA:18,1
DA:21,2
DA:22,2
DA:25,1
DA:26,1
DA:27,1
LF:6
LH:6
BRF:0
BRH:0
end_of_record
TN:
SF:src/shared/lib/formatDurationMinKo.ts
FN:2,formatDurationMinKo
FNF:1
FNH:1
FNDA:5,formatDurationMinKo
DA:3,5
DA:4,5
DA:5,3
DA:6,2
DA:7,2
DA:8,2
DA:9,1
DA:11,1
LF:8
LH:8
BRDA:4,0,0,2
BRDA:4,0,1,3
BRDA:5,1,0,2
BRDA:5,1,1,1
BRDA:8,2,0,1
BRDA:8,2,1,1
BRF:6
BRH:6
end_of_record
TN:
SF:src/shared/lib/hooks/use-color-scheme.ts
FN:10,useColorScheme
FNF:1
FNH:0
FNDA:0,useColorScheme
DA:8,0
DA:11,0
DA:12,0
DA:13,0
DA:15,0
LF:5
LH:0
BRDA:12,0,0,0
BRDA:12,0,1,0
BRF:2
BRH:0
end_of_record
TN:
SF:src/shared/lib/hooks/use-color-scheme.web.ts
FN:7,useColorScheme
FN:10,(anonymous_1)
FNF:2
FNH:0
FNDA:0,useColorScheme
FNDA:0,(anonymous_1)
DA:8,0
DA:10,0
DA:11,0
DA:14,0
DA:16,0
DA:17,0
DA:20,0
LF:7
LH:0
BRDA:16,0,0,0
BRDA:16,0,1,0
BRF:2
BRH:0
end_of_record
TN:
SF:src/shared/lib/hooks/use-theme-color.ts
FN:4,useThemeColor
FNF:1
FNH:0
FNDA:0,useThemeColor
DA:8,0
DA:9,0
DA:11,0
DA:12,0
DA:14,0
LF:5
LH:0
BRDA:8,0,0,0
BRDA:8,0,1,0
BRDA:11,1,0,0
BRDA:11,1,1,0
BRF:4
BRH:0
end_of_record
TN:
SF:src/shared/lib/notifications/client.ts
FN:7,isNativeNotificationPlatform
FN:11,ensureConfigured
FN:16,(anonymous_2)
FN:44,getLocalNotificationPermissionSnapshot
FN:53,ensureLocalNotificationPermission
FN:64,scheduleLocalNotification
FN:91,scheduleDailyLocalNotification
FN:122,cancelScheduledNotificationByIdentifier
FN:131,cancelScheduledNotificationsByEventType
FN:139,(anonymous_9)
FN:147,(anonymous_10)
FN:151,sendImmediateNotification
FN:170,cancelLocalNotificationsById
FN:178,addLocalNotificationResponseListener
FN:181,(anonymous_14)
FN:182,(anonymous_15)
FN:186,(anonymous_16)
FN:190,addLocalNotificationReceivedListener
FN:193,(anonymous_18)
FN:194,(anonymous_19)
FN:198,(anonymous_20)
FNF:21
FNH:19
FNDA:32,isNativeNotificationPlatform
FNDA:12,ensureConfigured
FNDA:0,(anonymous_2)
FNDA:5,getLocalNotificationPermissionSnapshot
FNDA:2,ensureLocalNotificationPermission
FNDA:3,scheduleLocalNotification
FNDA:1,scheduleDailyLocalNotification
FNDA:2,cancelScheduledNotificationByIdentifier
FNDA:2,cancelScheduledNotificationsByEventType
FNDA:1,(anonymous_9)
FNDA:1,(anonymous_10)
FNDA:1,sendImmediateNotification
FNDA:1,cancelLocalNotificationsById
FNDA:2,addLocalNotificationResponseListener
FNDA:1,(anonymous_14)
FNDA:1,(anonymous_15)
FNDA:1,(anonymous_16)
FNDA:1,addLocalNotificationReceivedListener
FNDA:0,(anonymous_18)
FNDA:1,(anonymous_19)
FNDA:1,(anonymous_20)
DA:4,3
DA:5,3
DA:8,32
DA:12,12
DA:14,12
DA:15,2
DA:16,0
DA:23,2
DA:26,12
DA:27,1
DA:33,1
DA:45,5
DA:46,4
DA:47,4
DA:48,4
DA:49,2
DA:50,1
DA:54,2
DA:55,2
DA:57,2
DA:58,2
DA:60,2
DA:61,2
DA:70,3
DA:71,2
DA:73,2
DA:74,2
DA:76,1
DA:100,1
DA:101,1
DA:103,1
DA:104,1
DA:106,1
DA:125,2
DA:126,1
DA:127,1
DA:134,2
DA:135,1
DA:136,1
DA:137,1
DA:140,1
DA:141,1
DA:147,1
DA:156,1
DA:157,1
DA:159,1
DA:171,1
DA:172,1
DA:173,3
DA:174,2
DA:181,2
DA:182,1
DA:183,1
DA:184,1
DA:186,1
DA:193,1
DA:194,1
DA:195,1
DA:196,1
DA:198,1
LF:60
LH:59
BRDA:8,0,0,32
BRDA:8,0,1,5
BRDA:12,1,0,0
BRDA:12,1,1,12
BRDA:14,2,0,2
BRDA:14,2,1,10
BRDA:26,3,0,1
BRDA:26,3,1,11
BRDA:26,4,0,12
BRDA:26,4,1,1
BRDA:45,5,0,1
BRDA:45,5,1,4
BRDA:48,6,0,2
BRDA:48,6,1,2
BRDA:49,7,0,1
BRDA:49,7,1,1
BRDA:54,8,0,0
BRDA:54,8,1,2
BRDA:58,9,0,0
BRDA:58,9,1,2
BRDA:70,10,0,1
BRDA:70,10,1,2
BRDA:74,11,0,1
BRDA:74,11,1,1
BRDA:74,12,0,2
BRDA:74,12,1,2
BRDA:100,13,0,0
BRDA:100,13,1,1
BRDA:125,14,0,1
BRDA:125,14,1,1
BRDA:125,15,0,2
BRDA:125,15,1,2
BRDA:134,16,0,1
BRDA:134,16,1,1
BRDA:134,17,0,2
BRDA:134,17,1,2
BRDA:142,18,0,1
BRDA:142,18,1,1
BRDA:142,18,2,1
BRDA:156,19,0,0
BRDA:156,19,1,1
BRDA:171,20,0,0
BRDA:171,20,1,1
BRDA:173,21,0,1
BRDA:173,21,1,2
BRDA:181,22,0,1
BRDA:181,22,1,1
BRDA:184,23,0,1
BRDA:184,23,1,0
BRDA:184,24,0,1
BRDA:184,24,1,1
BRDA:193,25,0,0
BRDA:193,25,1,1
BRDA:196,26,0,1
BRDA:196,26,1,0
BRDA:196,27,0,1
BRDA:196,27,1,1
BRF:57
BRH:48
end_of_record
TN:
SF:src/shared/lib/storage/customCatalogGroupStorage.ts
FN:16,isCustomCatalogGroupKey
FN:20,newCustomGroupId
FN:28,readRoot
FN:33,writeRoot
FN:37,normalize
FN:52,listCustomCatalogGroups
FN:57,createCustomCatalogGroup
FN:61,(anonymous_7)
FN:68,renameCustomCatalogGroup
FN:72,(anonymous_9)
FN:80,removeCustomCatalogGroup
FN:81,(anonymous_11)
FNF:12
FNH:12
FNDA:10,isCustomCatalogGroupKey
FNDA:3,newCustomGroupId
FNDA:11,readRoot
FNDA:5,writeRoot
FNDA:11,normalize
FNDA:11,listCustomCatalogGroups
FNDA:4,createCustomCatalogGroup
FNDA:1,(anonymous_7)
FNDA:1,renameCustomCatalogGroup
FNDA:1,(anonymous_9)
FNDA:1,removeCustomCatalogGroup
FNDA:1,(anonymous_11)
DA:12,6
DA:13,6
DA:17,10
DA:21,3
DA:23,3
DA:25,3
DA:29,11
DA:30,11
DA:34,5
DA:38,11
DA:39,8
DA:40,8
DA:41,8
DA:42,7
DA:43,7
DA:44,7
DA:45,7
DA:46,7
DA:47,7
DA:49,8
DA:53,11
DA:58,4
DA:59,4
DA:60,4
DA:61,4
DA:62,4
DA:63,3
DA:64,3
DA:65,3
DA:69,1
DA:70,1
DA:71,1
DA:72,1
DA:73,1
DA:74,1
DA:75,1
DA:76,1
DA:77,1
DA:81,1
DA:82,1
LF:40
LH:40
BRDA:17,0,0,10
BRDA:17,0,1,10
BRDA:17,0,2,9
BRDA:23,1,0,3
BRDA:23,1,1,0
BRDA:29,2,0,11
BRDA:29,2,1,3
BRDA:30,3,0,11
BRDA:30,3,1,0
BRDA:30,4,0,11
BRDA:30,4,1,11
BRDA:38,5,0,3
BRDA:38,5,1,8
BRDA:42,6,0,0
BRDA:42,6,1,7
BRDA:42,7,0,7
BRDA:42,7,1,7
BRDA:43,8,0,7
BRDA:43,8,1,0
BRDA:44,9,0,7
BRDA:44,9,1,0
BRDA:45,10,0,0
BRDA:45,10,1,7
BRDA:45,11,0,7
BRDA:45,11,1,7
BRDA:45,11,2,7
BRDA:59,12,0,0
BRDA:59,12,1,4
BRDA:62,13,0,1
BRDA:62,13,1,3
BRDA:70,14,0,0
BRDA:70,14,1,1
BRDA:73,15,0,0
BRDA:73,15,1,1
BRDA:74,16,0,0
BRDA:74,16,1,1
BRF:36
BRH:26
end_of_record
TN:
SF:src/shared/lib/storage/customFlowCatalogStorage.ts
FN:21,readRoot
FN:26,writeRoot
FN:30,normalizeEntries
FN:62,listCustomFlowCatalogEntries
FN:67,listCustomFlowCatalogIds
FN:68,(anonymous_5)
FN:72,appendCustomFlowCatalogEntry
FN:80,(anonymous_7)
FN:92,appendCustomFlowCatalogId
FN:97,updateCustomFlowCatalogGroup
FN:102,(anonymous_10)
FN:113,removeCustomFlowCatalogId
FN:115,(anonymous_12)
FN:120,reassignCustomFlowGroup
FN:124,(anonymous_14)
FNF:15
FNH:14
FNDA:18,readRoot
FNDA:6,writeRoot
FNDA:18,normalizeEntries
FNDA:18,listCustomFlowCatalogEntries
FNDA:1,listCustomFlowCatalogIds
FNDA:2,(anonymous_5)
FNDA:3,appendCustomFlowCatalogEntry
FNDA:0,(anonymous_7)
FNDA:1,appendCustomFlowCatalogId
FNDA:1,updateCustomFlowCatalogGroup
FNDA:1,(anonymous_10)
FNDA:1,removeCustomFlowCatalogId
FNDA:1,(anonymous_12)
FNDA:1,reassignCustomFlowGroup
FNDA:1,(anonymous_14)
DA:19,6
DA:22,18
DA:23,18
DA:27,6
DA:31,18
DA:32,18
DA:34,18
DA:35,6
DA:36,5
DA:37,5
DA:38,5
DA:40,5
DA:43,5
DA:44,5
DA:48,18
DA:49,2
DA:50,4
DA:51,4
DA:52,4
DA:53,4
DA:54,4
DA:58,18
DA:63,18
DA:68,2
DA:73,3
DA:74,3
DA:76,3
DA:79,3
DA:80,3
DA:81,3
DA:82,0
DA:83,0
DA:84,0
DA:85,0
DA:86,0
DA:88,3
DA:93,1
DA:98,1
DA:99,1
DA:100,1
DA:101,1
DA:102,1
DA:103,1
DA:104,0
DA:105,0
DA:107,1
DA:108,1
DA:109,1
DA:110,1
DA:114,1
DA:115,1
DA:116,1
DA:121,1
DA:122,1
DA:123,1
DA:124,1
DA:125,1
DA:126,1
DA:127,1
DA:129,1
LF:60
LH:53
BRDA:22,0,0,18
BRDA:22,0,1,10
BRDA:23,1,0,18
BRDA:23,1,1,0
BRDA:23,2,0,18
BRDA:23,2,1,18
BRDA:34,3,0,6
BRDA:34,3,1,12
BRDA:36,4,0,0
BRDA:36,4,1,5
BRDA:36,5,0,5
BRDA:36,5,1,5
BRDA:37,6,0,5
BRDA:37,6,1,0
BRDA:38,7,0,0
BRDA:38,7,1,5
BRDA:38,8,0,5
BRDA:38,8,1,5
BRDA:40,9,0,5
BRDA:40,9,1,0
BRDA:40,10,0,5
BRDA:40,10,1,5
BRDA:48,11,0,2
BRDA:48,11,1,16
BRDA:50,12,0,0
BRDA:50,12,1,4
BRDA:52,13,0,0
BRDA:52,13,1,4
BRDA:52,14,0,4
BRDA:52,14,1,4
BRDA:74,15,0,0
BRDA:74,15,1,3
BRDA:76,16,0,3
BRDA:76,16,1,0
BRDA:76,17,0,3
BRDA:76,17,1,3
BRDA:81,18,0,0
BRDA:81,18,1,3
BRDA:82,19,0,0
BRDA:82,19,1,0
BRDA:99,20,0,0
BRDA:99,20,1,1
BRDA:100,21,0,1
BRDA:100,21,1,0
BRDA:103,22,0,0
BRDA:103,22,1,1
BRDA:107,23,0,0
BRDA:107,23,1,1
BRDA:121,24,0,1
BRDA:121,24,1,0
BRDA:125,25,0,0
BRDA:125,25,1,1
BRDA:129,26,0,1
BRDA:129,26,1,0
BRF:54
BRH:35
end_of_record
TN:
SF:src/shared/lib/storage/dailyRhythmOnboardingStorage.ts
FN:8,loadDailyRhythmOnboardingCompleted
FN:15,markDailyRhythmOnboardingCompleted
FNF:2
FNH:2
FNDA:2,loadDailyRhythmOnboardingCompleted
FNDA:1,markDailyRhythmOnboardingCompleted
DA:9,2
DA:12,2
DA:16,1
LF:3
LH:3
BRF:0
BRH:0
end_of_record
TN:
SF:src/shared/lib/storage/dayPlanDraftStorage.ts
FN:21,loadDayPlanDraft
FN:25,saveDayPlanDraft
FNF:2
FNH:2
FNDA:2,loadDayPlanDraft
FNDA:1,saveDayPlanDraft
DA:22,2
DA:26,1
LF:2
LH:2
BRF:0
BRH:0
end_of_record
TN:
SF:src/shared/lib/storage/dayPlanStorage.ts
FN:20,loadDayPlan
FN:24,saveDayPlan
FNF:2
FNH:2
FNDA:2,loadDayPlan
FNDA:1,saveDayPlan
DA:21,2
DA:25,1
LF:2
LH:2
BRF:0
BRH:0
end_of_record
TN:
SF:src/shared/lib/storage/defaultFixedFlowSets.ts
FN:3,items
FN:4,(anonymous_1)
FN:8,createDefaultFixedFlowSetsState
FNF:3
FNH:3
FNDA:18,items
FNDA:72,(anonymous_1)
FNDA:6,createDefaultFixedFlowSetsState
DA:4,72
DA:9,6
DA:26,6
LF:3
LH:3
BRF:0
BRH:0
end_of_record
TN:
SF:src/shared/lib/storage/fixedFlowSetsStorage.ts
FN:23,normalizeItems
FN:41,normalizeSets
FN:59,normalizeFixedFlowSetsState
FN:64,(anonymous_3)
FN:70,loadFixedFlowSetsState
FN:79,(anonymous_5)
FN:80,(anonymous_6)
FN:93,(anonymous_7)
FN:101,saveFixedFlowSetsState
FN:106,getActiveFixedFlowSet
FN:108,(anonymous_10)
FN:111,loadActiveFixedFlowCategoryKeys
FN:115,(anonymous_12)
FN:115,(anonymous_13)
FNF:14
FNH:14
FNDA:33,normalizeItems
FNDA:25,normalizeSets
FNDA:25,normalizeFixedFlowSetsState
FNDA:21,(anonymous_3)
FNDA:14,loadFixedFlowSetsState
FNDA:11,(anonymous_5)
FNDA:11,(anonymous_6)
FNDA:3,(anonymous_7)
FNDA:8,saveFixedFlowSetsState
FNDA:11,getActiveFixedFlowSet
FNDA:10,(anonymous_10)
FNDA:5,loadActiveFixedFlowCategoryKeys
FNDA:11,(anonymous_12)
FNDA:11,(anonymous_13)
DA:24,33
DA:25,33
DA:26,33
DA:27,33
DA:28,87
DA:29,87
DA:30,87
DA:31,87
DA:32,86
DA:36,86
DA:38,33
DA:42,25
DA:43,21
DA:44,21
DA:45,21
DA:46,33
DA:47,33
DA:48,33
DA:49,33
DA:50,33
DA:51,33
DA:52,33
DA:53,33
DA:54,33
DA:56,21
DA:60,25
DA:61,25
DA:62,25
DA:64,25
DA:67,25
DA:71,14
DA:72,14
DA:73,14
DA:74,4
DA:77,4
DA:79,11
DA:80,11
DA:82,4
DA:83,2
DA:84,2
DA:85,2
DA:87,2
DA:93,3
DA:97,2
DA:98,2
DA:102,8
DA:103,8
DA:107,11
DA:108,10
DA:112,5
DA:113,5
DA:114,5
DA:115,11
LF:53
LH:53
BRDA:24,0,0,0
BRDA:24,0,1,33
BRDA:28,1,0,0
BRDA:28,1,1,87
BRDA:28,2,0,87
BRDA:28,2,1,87
BRDA:30,3,0,87
BRDA:30,3,1,0
BRDA:31,4,0,1
BRDA:31,4,1,86
BRDA:31,5,0,87
BRDA:31,5,1,87
BRDA:42,6,0,4
BRDA:42,6,1,21
BRDA:46,7,0,0
BRDA:46,7,1,33
BRDA:46,8,0,33
BRDA:46,8,1,33
BRDA:48,9,0,33
BRDA:48,9,1,0
BRDA:49,10,0,0
BRDA:49,10,1,33
BRDA:49,11,0,33
BRDA:49,11,1,33
BRDA:50,12,0,33
BRDA:50,12,1,0
BRDA:51,13,0,33
BRDA:51,13,1,0
BRDA:60,14,0,21
BRDA:60,14,1,4
BRDA:60,15,0,25
BRDA:60,15,1,21
BRDA:62,16,0,20
BRDA:62,16,1,5
BRDA:64,17,0,19
BRDA:64,17,1,6
BRDA:64,18,0,25
BRDA:64,18,1,20
BRDA:66,19,0,6
BRDA:66,19,1,5
BRDA:73,20,0,10
BRDA:73,20,1,4
BRDA:77,21,0,3
BRDA:77,21,1,1
BRDA:79,22,0,8
BRDA:79,22,1,3
BRDA:82,23,0,2
BRDA:82,23,1,2
BRDA:107,24,0,1
BRDA:107,24,1,10
BRDA:108,25,0,10
BRDA:108,25,1,0
BRDA:114,26,0,0
BRDA:114,26,1,5
BRF:54
BRH:44
end_of_record
TN:
SF:src/shared/lib/storage/goalDetailSettingsStorage.ts
FN:13,readRoot
FN:25,ensureCommittedCategoryMigration
FN:43,loadGoalDetailCategoryConfig
FN:53,listGoalDetailCategoryConfigKeys
FN:59,hasGoalDetailCommittedCategory
FN:65,appendGoalDetailCommittedCategoryKeys
FN:66,(anonymous_6)
FN:71,(anonymous_7)
FN:78,saveGoalDetailCategoryConfig
FN:94,removeGoalDetailCategoryConfig
FN:102,(anonymous_10)
FN:111,loadGoalDetailBlockConfig
FN:120,saveGoalDetailBlockConfig
FNF:13
FNH:13
FNDA:23,readRoot
FNDA:7,ensureCommittedCategoryMigration
FNDA:2,loadGoalDetailCategoryConfig
FNDA:1,listGoalDetailCategoryConfigKeys
FNDA:4,hasGoalDetailCommittedCategory
FNDA:3,appendGoalDetailCommittedCategoryKeys
FNDA:4,(anonymous_6)
FNDA:4,(anonymous_7)
FNDA:2,saveGoalDetailCategoryConfig
FNDA:1,removeGoalDetailCategoryConfig
FNDA:1,(anonymous_10)
FNDA:4,loadGoalDetailBlockConfig
FNDA:2,saveGoalDetailBlockConfig
DA:15,23
DA:18,23
DA:26,7
DA:27,7
DA:29,2
DA:30,2
DA:32,2
DA:36,2
DA:44,2
DA:45,2
DA:46,2
DA:47,2
DA:54,1
DA:55,1
DA:60,4
DA:61,4
DA:62,4
DA:66,4
DA:67,3
DA:68,3
DA:69,3
DA:70,3
DA:71,4
DA:72,3
DA:82,2
DA:83,2
DA:84,2
DA:85,2
DA:86,2
DA:95,1
DA:96,1
DA:97,1
DA:98,1
DA:99,1
DA:100,1
DA:102,1
DA:103,1
DA:112,4
DA:113,2
DA:114,2
DA:115,2
DA:121,2
DA:122,1
DA:123,1
DA:124,1
DA:125,1
LF:46
LH:46
BRDA:15,0,0,23
BRDA:15,0,1,4
BRDA:18,1,0,23
BRDA:18,1,1,0
BRDA:18,2,0,23
BRDA:18,2,1,23
BRDA:27,3,0,5
BRDA:27,3,1,2
BRDA:30,4,0,2
BRDA:30,4,1,1
BRDA:32,5,0,1
BRDA:32,5,1,1
BRDA:32,6,0,2
BRDA:32,6,1,2
BRDA:34,7,0,1
BRDA:34,7,1,1
BRDA:44,8,0,0
BRDA:44,8,1,2
BRDA:46,9,0,2
BRDA:46,9,1,0
BRDA:47,10,0,1
BRDA:47,10,1,1
BRDA:55,11,0,1
BRDA:55,11,1,0
BRDA:62,12,0,4
BRDA:62,12,1,0
BRDA:67,13,0,0
BRDA:67,13,1,3
BRDA:70,14,0,3
BRDA:70,14,1,0
BRDA:82,15,0,0
BRDA:82,15,1,2
BRDA:84,16,0,2
BRDA:84,16,1,2
BRDA:89,17,0,2
BRDA:89,17,1,2
BRDA:96,18,0,0
BRDA:96,18,1,1
BRDA:98,19,0,1
BRDA:98,19,1,0
BRDA:99,20,0,1
BRDA:99,20,1,0
BRDA:102,21,0,1
BRDA:102,21,1,0
BRDA:106,22,0,1
BRDA:106,22,1,0
BRDA:112,23,0,2
BRDA:112,23,1,2
BRDA:114,24,0,2
BRDA:114,24,1,0
BRDA:115,25,0,1
BRDA:115,25,1,1
BRDA:121,26,0,1
BRDA:121,26,1,1
BRDA:123,27,0,1
BRDA:123,27,1,1
BRDA:127,28,0,1
BRDA:127,28,1,1
BRF:58
BRH:44
end_of_record
TN:
SF:src/shared/lib/storage/historyStorage.ts
FN:34,clampInt
FN:40,clampRate
FN:46,normalizeCategoryMinutes
FN:58,normalizeCategoryCounts
FN:72,normalizeDaily
FN:79,(anonymous_5)
FN:93,normalizeAchievement
FN:106,loadHistoryDailyStats
FN:110,(anonymous_8)
FN:111,(anonymous_9)
FN:112,(anonymous_10)
FN:115,saveHistoryDailyStats
FN:122,(anonymous_12)
FN:126,loadHistoryAchievements
FN:130,(anonymous_14)
FN:131,(anonymous_15)
FN:132,(anonymous_16)
FN:135,saveHistoryAchievements
FN:143,(anonymous_18)
FN:148,loadHistoryMeta
FN:157,saveHistoryMeta
FN:167,clearHistoryStorage
FNF:22
FNH:20
FNDA:1543,clampInt
FNDA:517,clampRate
FNDA:517,normalizeCategoryMinutes
FNDA:517,normalizeCategoryCounts
FNDA:517,normalizeDaily
FNDA:0,(anonymous_5)
FNDA:8,normalizeAchievement
FNDA:4,loadHistoryDailyStats
FNDA:5,(anonymous_8)
FNDA:5,(anonymous_9)
FNDA:1,(anonymous_10)
FNDA:49,saveHistoryDailyStats
FNDA:462,(anonymous_12)
FNDA:3,loadHistoryAchievements
FNDA:2,(anonymous_14)
FNDA:2,(anonymous_15)
FNDA:0,(anonymous_16)
FNDA:3,saveHistoryAchievements
FNDA:2,(anonymous_18)
FNDA:3,loadHistoryMeta
FNDA:48,saveHistoryMeta
FNDA:5,clearHistoryStorage
DA:31,6
DA:32,6
DA:35,1543
DA:36,1543
DA:37,1543
DA:41,517
DA:42,517
DA:43,517
DA:47,517
DA:48,517
DA:49,1
DA:50,1
DA:51,1
DA:52,1
DA:53,1
DA:55,517
DA:61,517
DA:62,517
DA:63,508
DA:64,508
DA:65,508
DA:66,508
DA:67,508
DA:69,517
DA:73,517
DA:74,517
DA:76,517
DA:79,0
DA:82,517
DA:94,8
DA:95,8
DA:96,8
DA:97,7
DA:107,4
DA:108,4
DA:109,4
DA:110,5
DA:111,5
DA:112,1
DA:116,49
DA:117,49
DA:118,512
DA:119,512
DA:120,512
DA:122,462
DA:123,49
DA:127,3
DA:128,3
DA:129,2
DA:130,2
DA:131,2
DA:132,0
DA:136,3
DA:137,3
DA:138,6
DA:139,6
DA:140,5
DA:142,3
DA:143,2
DA:145,3
DA:149,3
DA:150,3
DA:151,1
DA:158,48
DA:168,5
DA:169,5
DA:170,5
LF:67
LH:65
BRDA:34,0,0,0
BRDA:35,1,0,1543
BRDA:35,1,1,0
BRDA:36,2,0,0
BRDA:36,2,1,1543
BRDA:42,3,0,0
BRDA:42,3,1,517
BRDA:48,4,0,517
BRDA:48,4,1,0
BRDA:50,5,0,0
BRDA:50,5,1,1
BRDA:52,6,0,0
BRDA:52,6,1,1
BRDA:62,7,0,517
BRDA:62,7,1,3
BRDA:64,8,0,0
BRDA:64,8,1,508
BRDA:66,9,0,0
BRDA:66,9,1,508
BRDA:76,10,0,506
BRDA:76,10,1,11
BRDA:96,11,0,1
BRDA:96,11,1,7
BRDA:96,12,0,8
BRDA:96,12,1,7
BRDA:102,13,0,7
BRDA:102,13,1,3
BRDA:108,14,0,0
BRDA:108,14,1,4
BRDA:108,15,0,4
BRDA:108,15,1,4
BRDA:108,15,2,4
BRDA:110,16,0,5
BRDA:110,16,1,5
BRDA:119,17,0,0
BRDA:119,17,1,512
BRDA:128,18,0,1
BRDA:128,18,1,2
BRDA:128,19,0,3
BRDA:128,19,1,2
BRDA:128,19,2,2
BRDA:139,20,0,1
BRDA:139,20,1,5
BRDA:150,21,0,2
BRDA:150,21,1,1
BRDA:150,22,0,3
BRDA:150,22,1,1
BRDA:150,22,2,1
BRDA:152,23,0,1
BRDA:152,23,1,0
BRDA:161,24,0,48
BRDA:161,24,1,0
BRF:52
BRH:39
end_of_record
TN:
SF:src/shared/lib/storage/horizonCompletionsStorage.ts
FN:22,loadAll
FN:32,saveAll
FN:36,loadWeeklyCompletion
FN:40,loadMonthlyCompletion
FN:44,saveWeeklyCompletion
FN:49,saveMonthlyCompletion
FN:54,clearWeeklyCompletion
FN:62,clearMonthlyCompletion
FN:70,sortEntries
FN:71,(anonymous_9)
FN:74,listWeeklyCompletions
FN:78,listMonthlyCompletions
FNF:12
FNH:12
FNDA:13,loadAll
FNDA:7,saveAll
FNDA:2,loadWeeklyCompletion
FNDA:2,loadMonthlyCompletion
FNDA:4,saveWeeklyCompletion
FNDA:1,saveMonthlyCompletion
FNDA:1,clearWeeklyCompletion
FNDA:1,clearMonthlyCompletion
FNDA:2,sortEntries
FNDA:1,(anonymous_9)
FNDA:1,listWeeklyCompletions
FNDA:1,listMonthlyCompletions
DA:20,6
DA:23,13
DA:24,13
DA:25,9
DA:33,7
DA:37,2
DA:41,2
DA:45,4
DA:46,4
DA:50,1
DA:51,1
DA:55,1
DA:56,1
DA:57,1
DA:58,1
DA:59,1
DA:63,1
DA:64,1
DA:65,1
DA:66,1
DA:67,1
DA:71,2
DA:75,1
DA:79,1
LF:24
LH:24
BRDA:24,0,0,4
BRDA:24,0,1,9
BRDA:24,1,0,13
BRDA:24,1,1,9
BRDA:27,2,0,9
BRDA:27,2,1,0
BRDA:27,3,0,9
BRDA:27,3,1,9
BRDA:28,4,0,9
BRDA:28,4,1,0
BRDA:28,5,0,9
BRDA:28,5,1,9
BRDA:37,6,0,2
BRDA:37,6,1,1
BRDA:41,7,0,2
BRDA:41,7,1,1
BRDA:56,8,0,0
BRDA:56,8,1,1
BRDA:64,9,0,0
BRDA:64,9,1,1
BRF:20
BRH:16
end_of_record
TN:
SF:src/shared/lib/storage/horizonGoalBlocks.ts
FN:40,getNumberedBlockOrder
FN:52,createHorizonBlockId
FN:56,createHorizonBlock
FN:70,normalizeBlock
FN:96,migrateLegacyDetail
FN:105,(anonymous_5)
FN:154,parseHorizonGoalDocument
FN:165,(anonymous_7)
FN:174,horizonDocumentHasContent
FN:175,(anonymous_9)
FN:178,horizonDocumentToPlainText
FN:180,(anonymous_11)
FN:191,(anonymous_12)
FN:195,estimateHorizonDocumentProgress
FN:196,(anonymous_14)
FN:198,(anonymous_15)
FN:201,(anonymous_16)
FNF:17
FNH:17
FNDA:6,getNumberedBlockOrder
FNDA:19,createHorizonBlockId
FNDA:19,createHorizonBlock
FNDA:17,normalizeBlock
FNDA:2,migrateLegacyDetail
FNDA:4,(anonymous_5)
FNDA:14,parseHorizonGoalDocument
FNDA:17,(anonymous_7)
FNDA:2,horizonDocumentHasContent
FNDA:1,(anonymous_9)
FNDA:2,horizonDocumentToPlainText
FNDA:7,(anonymous_11)
FNDA:7,(anonymous_12)
FNDA:2,estimateHorizonDocumentProgress
FNDA:4,(anonymous_14)
FNDA:2,(anonymous_15)
FNDA:2,(anonymous_16)
DA:24,7
DA:29,7
DA:41,6
DA:42,0
DA:44,6
DA:45,6
DA:46,8
DA:47,2
DA:49,6
DA:53,19
DA:60,19
DA:71,17
DA:72,17
DA:73,17
DA:74,17
DA:83,0
DA:85,17
DA:86,17
DA:97,2
DA:98,2
DA:99,2
DA:100,2
DA:102,2
DA:103,2
DA:105,2
DA:106,4
DA:107,4
DA:108,4
DA:109,4
DA:110,1
DA:116,1
DA:118,3
DA:119,3
DA:120,0
DA:126,0
DA:128,3
DA:129,2
DA:130,2
DA:132,1
DA:133,0
DA:134,0
DA:136,1
DA:137,0
DA:138,0
DA:140,1
DA:141,0
DA:142,0
DA:144,1
DA:145,0
DA:146,0
DA:148,1
DA:151,2
DA:155,14
DA:156,3
DA:157,3
DA:158,2
DA:160,11
DA:161,1
DA:163,10
DA:164,10
DA:165,17
DA:166,10
DA:168,0
DA:169,0
DA:171,0
DA:175,2
DA:179,2
DA:181,7
DA:182,1
DA:184,6
DA:185,5
DA:186,3
DA:187,3
DA:189,2
DA:191,7
DA:196,4
DA:197,2
DA:198,2
DA:199,1
DA:201,2
DA:202,1
DA:203,1
LF:82
LH:67
BRDA:41,0,0,0
BRDA:41,0,1,6
BRDA:41,1,0,6
BRDA:41,1,1,6
BRDA:41,1,2,6
BRDA:46,2,0,6
BRDA:46,2,1,2
BRDA:63,3,0,19
BRDA:63,3,1,0
BRDA:64,4,0,4
BRDA:64,4,1,15
BRDA:71,5,0,0
BRDA:71,5,1,17
BRDA:71,6,0,17
BRDA:71,6,1,17
BRDA:74,7,0,0
BRDA:74,7,1,17
BRDA:75,8,0,17
BRDA:75,8,1,17
BRDA:75,8,2,14
BRDA:75,8,3,14
BRDA:75,8,4,13
BRDA:75,8,5,10
BRDA:75,8,6,7
BRDA:85,9,0,17
BRDA:85,9,1,0
BRDA:85,10,0,17
BRDA:85,10,1,17
BRDA:89,11,0,17
BRDA:89,11,1,0
BRDA:90,12,0,3
BRDA:90,12,1,14
BRDA:98,13,0,0
BRDA:98,13,1,2
BRDA:99,14,0,0
BRDA:99,14,1,2
BRDA:100,15,0,2
BRDA:100,15,1,0
BRDA:102,16,0,0
BRDA:102,16,1,2
BRDA:103,17,0,0
BRDA:103,17,1,2
BRDA:107,18,0,0
BRDA:107,18,1,4
BRDA:109,19,0,1
BRDA:109,19,1,3
BRDA:119,20,0,0
BRDA:119,20,1,3
BRDA:128,21,0,2
BRDA:128,21,1,1
BRDA:132,22,0,0
BRDA:132,22,1,1
BRDA:136,23,0,0
BRDA:136,23,1,1
BRDA:140,24,0,0
BRDA:140,24,1,1
BRDA:144,25,0,0
BRDA:144,25,1,1
BRDA:155,26,0,3
BRDA:155,26,1,11
BRDA:157,27,0,1
BRDA:157,27,1,2
BRDA:160,28,0,1
BRDA:160,28,1,10
BRDA:160,29,0,11
BRDA:160,29,1,10
BRDA:164,30,0,10
BRDA:164,30,1,0
BRDA:168,31,0,0
BRDA:168,31,1,0
BRDA:168,32,0,0
BRDA:168,32,1,0
BRDA:168,32,2,0
BRDA:181,33,0,1
BRDA:181,33,1,6
BRDA:182,34,0,0
BRDA:182,34,1,1
BRDA:184,35,0,1
BRDA:184,35,1,5
BRDA:185,36,0,3
BRDA:185,36,1,2
BRDA:187,37,0,3
BRDA:187,37,1,0
BRDA:196,38,0,4
BRDA:196,38,1,2
BRDA:197,39,0,1
BRDA:197,39,1,1
BRDA:202,40,0,0
BRDA:202,40,1,1
BRF:89
BRH:63
end_of_record
TN:
SF:src/shared/lib/storage/horizonGoalDetail.ts
FN:16,parseHorizonGoalStored
FN:31,horizonGoalHasContent
FN:36,horizonGoalToPlainText
FN:37,(anonymous_3)
FNF:4
FNH:4
FNDA:5,parseHorizonGoalStored
FNDA:2,horizonGoalHasContent
FNDA:1,horizonGoalToPlainText
FNDA:3,(anonymous_3)
DA:10,1
DA:17,5
DA:18,1
DA:20,4
DA:21,0
DA:23,4
DA:24,4
DA:32,2
DA:37,3
LF:9
LH:8
BRDA:17,0,0,1
BRDA:17,0,1,4
BRDA:20,1,0,0
BRDA:20,1,1,4
BRDA:20,2,0,4
BRDA:20,2,1,4
BRDA:25,3,0,3
BRDA:25,3,1,1
BRDA:26,4,0,2
BRDA:26,4,1,2
BRDA:27,5,0,2
BRDA:27,5,1,2
BRDA:32,6,0,2
BRDA:32,6,1,1
BRDA:32,6,2,1
BRF:15
BRH:14
end_of_record
TN:
SF:src/shared/lib/storage/horizonGoalsStorage.ts
FN:32,loadAll
FN:41,saveAll
FN:45,loadWeeklyGoalDocument
FN:49,saveWeeklyGoalDocument
FN:54,loadMonthlyGoalDocument
FN:58,saveMonthlyGoalDocument
FN:64,loadWeeklyGoalText
FN:68,saveWeeklyGoalText
FN:72,loadMonthlyGoalText
FN:76,saveMonthlyGoalText
FNF:10
FNH:6
FNDA:5,loadAll
FNDA:2,saveAll
FNDA:2,loadWeeklyGoalDocument
FNDA:1,saveWeeklyGoalDocument
FNDA:1,loadMonthlyGoalDocument
FNDA:1,saveMonthlyGoalDocument
FNDA:0,loadWeeklyGoalText
FNDA:0,saveWeeklyGoalText
FNDA:0,loadMonthlyGoalText
FNDA:0,saveMonthlyGoalText
DA:30,6
DA:33,5
DA:34,5
DA:35,3
DA:42,2
DA:46,2
DA:50,1
DA:51,1
DA:55,1
DA:59,1
DA:60,1
DA:65,0
DA:69,0
DA:73,0
DA:77,0
LF:15
LH:11
BRDA:34,0,0,2
BRDA:34,0,1,3
BRDA:34,1,0,5
BRDA:34,1,1,3
BRDA:36,2,0,3
BRDA:36,2,1,0
BRDA:36,3,0,3
BRDA:36,3,1,3
BRDA:37,4,0,3
BRDA:37,4,1,0
BRDA:37,5,0,3
BRDA:37,5,1,3
BRF:12
BRH:10
end_of_record
TN:
SF:src/shared/lib/storage/horizonWeeklyDayMemosStorage.ts
FN:8,loadAll
FN:22,saveAll
FN:26,loadHorizonWeeklyDayMemo
FN:31,saveHorizonWeeklyDayMemo
FN:43,horizonWeeklyDayMemoHasContent
FNF:5
FNH:5
FNDA:13,loadAll
FNDA:5,saveAll
FNDA:10,loadHorizonWeeklyDayMemo
FNDA:6,saveHorizonWeeklyDayMemo
FNDA:2,horizonWeeklyDayMemoHasContent
DA:4,6
DA:9,13
DA:12,13
DA:13,10
DA:14,10
DA:15,16
DA:16,12
DA:17,12
DA:19,10
DA:23,5
DA:27,10
DA:28,8
DA:32,6
DA:33,5
DA:34,5
DA:35,5
DA:36,1
DA:37,1
DA:38,1
DA:40,4
DA:44,2
LF:21
LH:21
BRDA:12,0,0,3
BRDA:12,0,1,10
BRDA:12,1,0,13
BRDA:12,1,1,10
BRDA:15,2,0,4
BRDA:15,2,1,12
BRDA:15,3,0,16
BRDA:15,3,1,14
BRDA:17,4,0,10
BRDA:17,4,1,2
BRDA:27,5,0,2
BRDA:27,5,1,8
BRDA:28,6,0,8
BRDA:28,6,1,3
BRDA:32,7,0,1
BRDA:32,7,1,5
BRDA:35,8,0,1
BRDA:35,8,1,4
BRF:18
BRH:18
end_of_record
TN:
SF:src/shared/lib/storage/localStorageClient.ts
FN:18,trackNativeWrite
FN:20,(anonymous_1)
FN:25,getBrowserStorage
FN:42,initLocalStorageClient
FN:50,(anonymous_4)
FN:73,flushLocalStorageClientWrites
FN:79,(anonymous_6)
FN:90,(anonymous_7)
FN:95,(anonymous_8)
FN:108,(anonymous_9)
FN:113,(anonymous_10)
FN:126,(anonymous_11)
FN:137,(anonymous_12)
FNF:13
FNH:11
FNDA:277,trackNativeWrite
FNDA:277,(anonymous_1)
FNDA:27,getBrowserStorage
FNDA:3,initLocalStorageClient
FNDA:1,(anonymous_4)
FNDA:1,flushLocalStorageClientWrites
FNDA:151,(anonymous_6)
FNDA:172,(anonymous_7)
FNDA:0,(anonymous_8)
FNDA:106,(anonymous_9)
FNDA:0,(anonymous_10)
FNDA:147,(anonymous_11)
FNDA:168,(anonymous_12)
DA:12,27
DA:13,27
DA:14,27
DA:15,27
DA:16,27
DA:19,277
DA:20,277
DA:21,277
DA:26,27
DA:27,27
DA:28,27
DA:34,0
DA:36,27
DA:39,27
DA:40,27
DA:43,3
DA:44,1
DA:45,1
DA:47,2
DA:48,1
DA:50,1
DA:51,1
DA:52,1
DA:53,1
DA:54,1
DA:55,1
DA:56,1
DA:57,2
DA:58,2
DA:65,1
DA:66,1
DA:70,1
DA:74,1
DA:75,1
DA:78,27
DA:80,151
DA:81,151
DA:82,151
DA:84,0
DA:86,0
DA:91,172
DA:92,172
DA:93,172
DA:94,172
DA:95,171
DA:98,171
DA:100,172
DA:102,0
DA:109,106
DA:110,106
DA:111,106
DA:112,106
DA:113,106
DA:116,106
DA:118,106
DA:120,0
DA:127,147
DA:128,147
DA:130,99
DA:131,99
DA:133,1
DA:138,168
DA:139,168
LF:63
LH:58
BRDA:28,0,0,0
BRDA:28,0,1,27
BRDA:29,1,0,27
BRDA:29,1,1,0
BRDA:29,1,2,0
BRDA:29,1,3,0
BRDA:43,2,0,1
BRDA:43,2,1,2
BRDA:43,3,0,3
BRDA:43,3,1,2
BRDA:47,4,0,1
BRDA:47,4,1,1
BRDA:48,5,0,0
BRDA:48,5,1,1
BRDA:54,6,0,1
BRDA:54,6,1,0
BRDA:57,7,0,2
BRDA:57,7,1,0
BRDA:74,8,0,0
BRDA:74,8,1,1
BRDA:81,9,0,151
BRDA:81,9,1,0
BRDA:82,10,0,151
BRDA:82,10,1,49
BRDA:92,11,0,172
BRDA:92,11,1,0
BRDA:94,12,0,171
BRDA:94,12,1,1
BRDA:110,13,0,106
BRDA:110,13,1,0
BRDA:112,14,0,106
BRDA:112,14,1,0
BRDA:128,15,0,48
BRDA:128,15,1,99
BRF:34
BRH:22
end_of_record
TN:
SF:src/shared/lib/storage/migrateLegacyStorageKeys.ts
FN:14,migrateLegacyStorageKeys
FN:26,(anonymous_1)
FN:26,(anonymous_2)
FNF:3
FNH:3
FNDA:4,migrateLegacyStorageKeys
FNDA:32,(anonymous_1)
FNDA:64,(anonymous_2)
DA:15,4
DA:17,3
DA:18,3
DA:19,3
DA:21,2
DA:22,2
DA:23,32
DA:24,32
DA:25,32
DA:26,64
DA:29,32
DA:30,1
DA:34,2
LF:13
LH:13
BRDA:15,0,0,1
BRDA:15,0,1,3
BRDA:19,1,0,1
BRDA:19,1,1,2
BRDA:29,2,0,1
BRDA:29,2,1,31
BRDA:29,3,0,32
BRDA:29,3,1,0
BRDA:29,3,2,32
BRDA:29,3,3,1
BRF:10
BRH:9
end_of_record
TN:
SF:src/shared/lib/storage/priorityBagRemoveConfirmStorage.ts
FN:6,loadPriorityBagRemoveConfirmSkip
FN:11,savePriorityBagRemoveConfirmSkip
FNF:2
FNH:2
FNDA:2,loadPriorityBagRemoveConfirmSkip
FNDA:1,savePriorityBagRemoveConfirmSkip
DA:7,2
DA:8,2
DA:12,1
LF:3
LH:3
BRF:0
BRH:0
end_of_record
TN:
SF:src/shared/lib/storage/priorityCatalogFixedRoutinesStorage.ts
FN:14,normalizeLegacyKeys
FN:27,createDefaultSet
FN:31,(anonymous_2)
FN:35,ensureMigratedFromLegacy
FN:47,loadPriorityCatalogFixedRoutineKeys
FN:52,savePriorityCatalogFixedRoutineKeys
FN:58,(anonymous_6)
FN:59,(anonymous_7)
FN:65,(anonymous_8)
FNF:9
FNH:9
FNDA:2,normalizeLegacyKeys
FNDA:4,createDefaultSet
FNDA:6,(anonymous_2)
FNDA:8,ensureMigratedFromLegacy
FNDA:5,loadPriorityCatalogFixedRoutineKeys
FNDA:3,savePriorityCatalogFixedRoutineKeys
FNDA:6,(anonymous_6)
FNDA:6,(anonymous_7)
FNDA:3,(anonymous_8)
DA:15,2
DA:16,2
DA:17,2
DA:18,2
DA:19,5
DA:20,5
DA:21,2
DA:22,2
DA:24,2
DA:28,4
DA:31,6
DA:36,8
DA:37,8
DA:38,2
DA:39,2
DA:40,2
DA:41,1
DA:48,5
DA:49,5
DA:53,3
DA:54,3
DA:55,3
DA:56,3
DA:57,3
DA:58,6
DA:60,6
DA:61,4
DA:62,4
DA:64,3
DA:65,3
DA:66,3
DA:67,3
DA:68,3
DA:69,3
DA:70,1
DA:71,3
DA:72,3
LF:37
LH:37
BRDA:15,0,0,0
BRDA:15,0,1,2
BRDA:19,1,0,4
BRDA:19,1,1,1
BRDA:20,2,0,3
BRDA:20,2,1,2
BRDA:20,3,0,5
BRDA:20,3,1,2
BRDA:37,4,0,6
BRDA:37,4,1,2
BRDA:40,5,0,1
BRDA:40,5,1,1
BRDA:55,6,0,3
BRDA:55,6,1,0
BRDA:55,6,2,0
BRDA:60,7,0,2
BRDA:60,7,1,4
BRDA:60,8,0,6
BRDA:60,8,1,5
BRDA:68,9,0,3
BRDA:68,9,1,1
BRDA:69,10,0,2
BRDA:69,10,1,1
BRF:23
BRH:20
end_of_record
TN:
SF:src/shared/lib/storage/settingsStorage.ts
FN:64,readRoot
FN:70,loadDayPlanScheduledNotifications
FN:75,(anonymous_2)
FN:86,saveDayPlanScheduledNotifications
FN:101,loadPriorityDayStartAlarm
FN:113,savePriorityDayStartAlarm
FN:124,isCategoryReminderRuleRow
FN:129,(anonymous_7)
FN:132,loadCategoryReminderRules
FN:144,saveCategoryReminderRules
FN:152,loadCategoryReminderScheduled
FN:157,(anonymous_11)
FN:167,saveCategoryReminderScheduled
FN:175,loadMedicineReminderScheduled
FN:180,(anonymous_14)
FN:190,saveMedicineReminderScheduled
FN:198,loadWaterReminderScheduled
FN:203,(anonymous_17)
FN:213,saveWaterReminderScheduled
FN:221,isGoalDetailIncompleteReminderRule
FN:226,(anonymous_20)
FN:234,loadGoalDetailIncompleteReminderRule
FN:243,saveGoalDetailIncompleteReminderRule
FN:254,loadGoalDetailIncompleteReminderScheduled
FN:259,(anonymous_24)
FN:269,saveGoalDetailIncompleteReminderScheduled
FNF:26
FNH:26
FNDA:21,readRoot
FNDA:2,loadDayPlanScheduledNotifications
FNDA:4,(anonymous_2)
FNDA:1,saveDayPlanScheduledNotifications
FNDA:3,loadPriorityDayStartAlarm
FNDA:2,savePriorityDayStartAlarm
FNDA:2,isCategoryReminderRuleRow
FNDA:3,(anonymous_7)
FNDA:1,loadCategoryReminderRules
FNDA:1,saveCategoryReminderRules
FNDA:1,loadCategoryReminderScheduled
FNDA:1,(anonymous_11)
FNDA:1,saveCategoryReminderScheduled
FNDA:1,loadMedicineReminderScheduled
FNDA:1,(anonymous_14)
FNDA:1,saveMedicineReminderScheduled
FNDA:1,loadWaterReminderScheduled
FNDA:1,(anonymous_17)
FNDA:1,saveWaterReminderScheduled
FNDA:1,isGoalDetailIncompleteReminderRule
FNDA:1,(anonymous_20)
FNDA:2,loadGoalDetailIncompleteReminderRule
FNDA:1,saveGoalDetailIncompleteReminderRule
FNDA:1,loadGoalDetailIncompleteReminderScheduled
FNDA:1,(anonymous_24)
FNDA:1,saveGoalDetailIncompleteReminderScheduled
DA:66,21
DA:67,21
DA:71,2
DA:72,2
DA:73,2
DA:74,2
DA:76,4
DA:89,1
DA:90,1
DA:96,6
DA:102,3
DA:103,3
DA:104,3
DA:105,1
DA:107,2
DA:114,2
DA:115,2
DA:125,2
DA:126,2
DA:127,2
DA:128,2
DA:129,3
DA:133,1
DA:134,1
DA:135,1
DA:136,1
DA:137,1
DA:138,2
DA:139,1
DA:141,1
DA:145,1
DA:146,1
DA:153,1
DA:154,1
DA:155,1
DA:156,1
DA:158,1
DA:168,1
DA:169,1
DA:176,1
DA:177,1
DA:178,1
DA:179,1
DA:181,1
DA:191,1
DA:192,1
DA:199,1
DA:200,1
DA:201,1
DA:202,1
DA:204,1
DA:214,1
DA:215,1
DA:222,1
DA:223,1
DA:224,1
DA:225,1
DA:226,1
DA:229,6
DA:235,2
DA:236,2
DA:237,2
DA:238,1
DA:240,1
DA:244,1
DA:245,1
DA:255,1
DA:256,1
DA:257,1
DA:258,1
DA:260,1
DA:272,1
DA:273,1
LF:73
LH:73
BRDA:66,0,0,21
BRDA:66,0,1,7
BRDA:67,1,0,21
BRDA:67,1,1,0
BRDA:67,2,0,21
BRDA:67,2,1,21
BRDA:73,3,0,0
BRDA:73,3,1,2
BRDA:77,4,0,4
BRDA:77,4,1,3
BRDA:77,4,2,3
BRDA:77,4,3,3
BRDA:77,4,4,3
BRDA:77,4,5,2
BRDA:104,5,0,1
BRDA:104,5,1,2
BRDA:104,6,0,3
BRDA:104,6,1,2
BRDA:109,7,0,2
BRDA:109,7,1,0
BRDA:125,8,0,0
BRDA:125,8,1,2
BRDA:125,9,0,2
BRDA:125,9,1,2
BRDA:127,10,0,0
BRDA:127,10,1,2
BRDA:128,11,0,0
BRDA:128,11,1,2
BRDA:135,12,0,0
BRDA:135,12,1,1
BRDA:135,13,0,1
BRDA:135,13,1,1
BRDA:138,14,0,1
BRDA:138,14,1,1
BRDA:138,15,0,2
BRDA:138,15,1,2
BRDA:155,16,0,0
BRDA:155,16,1,1
BRDA:159,17,0,1
BRDA:159,17,1,1
BRDA:159,17,2,1
BRDA:159,17,3,1
BRDA:178,18,0,0
BRDA:178,18,1,1
BRDA:182,19,0,1
BRDA:182,19,1,1
BRDA:182,19,2,1
BRDA:182,19,3,1
BRDA:201,20,0,0
BRDA:201,20,1,1
BRDA:205,21,0,1
BRDA:205,21,1,1
BRDA:205,21,2,1
BRDA:205,21,3,1
BRDA:222,22,0,0
BRDA:222,22,1,1
BRDA:222,23,0,1
BRDA:222,23,1,1
BRDA:224,24,0,0
BRDA:224,24,1,1
BRDA:225,25,0,0
BRDA:225,25,1,1
BRDA:237,26,0,1
BRDA:237,26,1,1
BRDA:237,27,0,2
BRDA:237,27,1,1
BRDA:257,28,0,0
BRDA:257,28,1,1
BRDA:261,29,0,1
BRDA:261,29,1,1
BRDA:261,29,2,1
BRDA:261,29,3,1
BRF:72
BRH:58
end_of_record
TN:
SF:src/shared/lib/storage/storageKeys.ts
FNF:0
FNH:0
DA:1,29
DA:36,29
DA:39,29
LF:3
LH:3
BRF:0
BRH:0
end_of_record
TN:
SF:src/shared/lib/storage/widgetDayPlanSync.ts
FN:9,syncDayPlanToWidget
FNF:1
FNH:1
FNDA:2,syncDayPlanToWidget
DA:10,2
DA:11,1
DA:12,1
DA:13,1
DA:14,1
LF:5
LH:5
BRDA:10,0,0,1
BRDA:10,0,1,1
BRDA:12,1,0,0
BRDA:12,1,1,1
BRF:4
BRH:3
end_of_record
TN:
SF:src/shared/lib/support/openSupportMail.ts
FN:9,showSupportMailFallback
FN:19,(anonymous_1)
FN:25,(anonymous_2)
FN:41,openSupportMailComposer
FNF:4
FNH:4
FNDA:3,showSupportMailFallback
FNDA:1,(anonymous_1)
FNDA:1,(anonymous_2)
FNDA:5,openSupportMailComposer
DA:10,3
DA:11,3
DA:12,3
DA:13,3
DA:20,1
DA:26,1
DA:27,1
DA:28,0
DA:29,0
DA:31,1
DA:42,5
DA:43,5
DA:44,5
DA:46,5
DA:47,5
DA:48,0
DA:49,0
DA:54,0
DA:60,5
DA:61,5
DA:62,2
DA:67,3
LF:22
LH:17
BRDA:48,0,0,0
BRDA:48,0,1,0
BRF:2
BRH:0
end_of_record
TN:
SF:src/shared/lib/support/supportMailContent.ts
FN:10,getSupportMailSubject
FN:18,getSupportMailBody
FN:19,(anonymous_2)
FN:50,getDisplayedAppVersionLabel
FNF:4
FNH:4
FNDA:9,getSupportMailSubject
FNDA:12,getSupportMailBody
FNDA:12,(anonymous_2)
FNDA:1,getDisplayedAppVersionLabel
DA:7,4
DA:11,9
DA:19,12
DA:20,12
DA:21,11
DA:22,11
DA:23,11
DA:24,2
DA:25,0
DA:27,1
DA:28,1
DA:30,0
DA:34,12
DA:36,12
DA:38,12
DA:40,12
DA:51,1
LF:17
LH:15
BRDA:20,0,0,11
BRDA:20,0,1,1
BRDA:23,1,0,9
BRDA:23,1,1,2
BRDA:23,2,0,11
BRDA:23,2,1,11
BRDA:24,3,0,2
BRDA:24,3,1,0
BRDA:25,4,0,0
BRDA:25,4,1,0
BRDA:27,5,0,1
BRDA:27,5,1,0
BRDA:28,6,0,1
BRDA:28,6,1,0
BRDA:30,7,0,0
BRDA:30,7,1,0
BRDA:34,8,0,12
BRDA:34,8,1,0
BRDA:35,9,0,0
BRDA:35,9,1,0
BRDA:35,10,0,0
BRDA:35,10,1,0
BRDA:36,11,0,12
BRDA:36,11,1,0
BRDA:38,12,0,12
BRDA:38,12,1,2
BRDA:38,12,2,0
BRDA:51,13,0,1
BRDA:51,13,1,0
BRDA:51,13,2,0
BRF:30
BRH:14
end_of_record
TN:
SF:src/shared/lib/ui/tabPillColors.ts
FN:2,tabPillColors
FNF:1
FNH:1
FNDA:2,tabPillColors
DA:3,2
DA:4,1
DA:13,1
LF:3
LH:3
BRDA:3,0,0,1
BRDA:3,0,1,1
BRF:2
BRH:2
end_of_record
