TN:
SF:src/entities/day-plan/lib/blockIcons.ts
FN:5,getBlockTimelineIcon
FNF:1
FNH:1
FNDA:6,getBlockTimelineIcon
DA:6,6
DA:7,5
DA:8,4
DA:9,3
DA:10,2
DA:11,1
LF:6
LH:6
BRDA:6,0,0,1
BRDA:6,0,1,5
BRDA:7,1,0,1
BRDA:7,1,1,4
BRDA:8,2,0,1
BRDA:8,2,1,3
BRDA:9,3,0,1
BRDA:9,3,1,2
BRDA:10,4,0,1
BRDA:10,4,1,1
BRF:10
BRH:10
end_of_record
TN:
SF:src/entities/day-plan/lib/categoryKeyByDisplayNameResolver.ts
FN:6,registerCategoryKeyByDisplayNameResolver
FN:10,resolveRegisteredCategoryKeyByDisplayName
FNF:2
FNH:2
FNDA:2,registerCategoryKeyByDisplayNameResolver
FNDA:10,resolveRegisteredCategoryKeyByDisplayName
DA:3,5
DA:7,2
DA:11,10
DA:12,10
DA:13,9
LF:5
LH:5
BRDA:12,0,0,1
BRDA:12,0,1,9
BRDA:13,1,0,9
BRDA:13,1,1,8
BRF:4
BRH:4
end_of_record
TN:
SF:src/entities/day-plan/lib/categoryReminderCatalog.ts
FN:40,categoryReminderLabelKo
FNF:1
FNH:1
FNDA:3,categoryReminderLabelKo
DA:5,1
DA:19,1
DA:41,3
DA:42,2
LF:4
LH:4
BRDA:41,0,0,1
BRDA:41,0,1,2
BRDA:42,1,0,2
BRDA:42,1,1,1
BRF:4
BRH:4
end_of_record
TN:
SF:src/entities/day-plan/lib/customCatalogGroup.ts
FN:24,isSystemCatalogGroupKey
FNF:1
FNH:1
FNDA:3,isSystemCatalogGroupKey
DA:9,1
DA:12,1
DA:17,1
DA:25,3
LF:4
LH:4
BRF:0
BRH:0
end_of_record
TN:
SF:src/entities/day-plan/lib/customFlowCategoryKey.ts
FN:5,isCustomFlowCategoryKey
FN:9,createCustomFlowCategoryId
FN:18,defaultCustomFlowPickerLabel
FNF:3
FNH:3
FNDA:9,isCustomFlowCategoryKey
FNDA:1,createCustomFlowCategoryId
FNDA:2,defaultCustomFlowPickerLabel
DA:1,2
DA:6,9
DA:10,1
DA:12,1
DA:14,1
DA:19,2
DA:20,1
DA:24,1
LF:8
LH:8
BRDA:6,0,0,9
BRDA:6,0,1,5
BRDA:12,1,0,1
BRDA:12,1,1,0
BRDA:19,2,0,1
BRDA:19,2,1,1
BRDA:24,3,0,1
BRDA:24,3,1,0
BRF:8
BRH:6
end_of_record
TN:
SF:src/entities/day-plan/lib/dayPlanFlowBlock.ts
FN:7,isDayPlanFlowBlock
FN:11,filterDayPlanFlowBlocks
FNF:2
FNH:2
FNDA:8,isDayPlanFlowBlock
FNDA:2,filterDayPlanFlowBlocks
DA:8,8
DA:12,2
LF:2
LH:2
BRF:0
BRH:0
end_of_record
TN:
SF:src/entities/day-plan/lib/dayPlanRuntimeTime.ts
FN:6,parseDateKey
FN:16,minuteOffsetToDateMs
FN:24,blockEndWallTimeMs
FN:36,isBlockEndInPastForDateKey
FN:46,resolveCategoryKeyFromLabel
FN:90,resolveBlockCategoryKey
FN:104,toRuntimeTiming
FNF:7
FNH:7
FNDA:13,parseDateKey
FNDA:13,minuteOffsetToDateMs
FNDA:7,blockEndWallTimeMs
FNDA:3,isBlockEndInPastForDateKey
FNDA:7,resolveCategoryKeyFromLabel
FNDA:4,resolveBlockCategoryKey
FNDA:3,toRuntimeTiming
DA:7,13
DA:8,13
DA:9,12
DA:10,12
DA:11,12
DA:12,12
DA:13,12
DA:17,13
DA:18,13
DA:19,12
DA:20,12
DA:28,7
DA:29,1
DA:30,1
DA:32,6
DA:41,3
DA:42,3
DA:43,3
DA:47,7
DA:48,7
DA:49,7
DA:50,7
DA:51,7
DA:52,7
DA:53,3
DA:54,3
DA:55,3
DA:56,3
DA:57,3
DA:58,3
DA:59,3
DA:60,3
DA:61,3
DA:62,3
DA:63,3
DA:64,3
DA:65,3
DA:66,3
DA:80,0
DA:82,3
DA:83,3
DA:84,2
DA:85,2
DA:86,2
DA:93,4
DA:94,4
DA:95,2
DA:105,3
DA:106,3
DA:107,3
DA:108,3
DA:109,2
LF:52
LH:51
BRDA:8,0,0,1
BRDA:8,0,1,12
BRDA:12,1,0,0
BRDA:12,1,1,12
BRDA:12,2,0,12
BRDA:12,2,1,12
BRDA:12,2,2,12
BRDA:18,3,0,1
BRDA:18,3,1,12
BRDA:28,4,0,1
BRDA:28,4,1,6
BRDA:39,5,0,2
BRDA:42,6,0,0
BRDA:42,6,1,3
BRDA:49,7,0,0
BRDA:49,7,1,7
BRDA:50,8,0,0
BRDA:50,8,1,7
BRDA:51,9,0,0
BRDA:51,9,1,7
BRDA:51,10,0,7
BRDA:51,10,1,7
BRDA:52,11,0,4
BRDA:52,11,1,3
BRDA:53,12,0,0
BRDA:53,12,1,3
BRDA:53,13,0,3
BRDA:53,13,1,3
BRDA:54,14,0,0
BRDA:54,14,1,3
BRDA:54,15,0,3
BRDA:54,15,1,3
BRDA:55,16,0,0
BRDA:55,16,1,3
BRDA:56,17,0,0
BRDA:56,17,1,3
BRDA:57,18,0,0
BRDA:57,18,1,3
BRDA:58,19,0,0
BRDA:58,19,1,3
BRDA:59,20,0,0
BRDA:59,20,1,3
BRDA:59,21,0,3
BRDA:59,21,1,3
BRDA:59,21,2,3
BRDA:60,22,0,0
BRDA:60,22,1,3
BRDA:61,23,0,0
BRDA:61,23,1,3
BRDA:62,24,0,0
BRDA:62,24,1,3
BRDA:63,25,0,0
BRDA:63,25,1,3
BRDA:63,26,0,3
BRDA:63,26,1,3
BRDA:64,27,0,0
BRDA:64,27,1,3
BRDA:64,28,0,3
BRDA:64,28,1,3
BRDA:65,29,0,0
BRDA:65,29,1,3
BRDA:65,30,0,3
BRDA:65,30,1,3
BRDA:66,31,0,0
BRDA:66,31,1,3
BRDA:67,32,0,3
BRDA:67,32,1,3
BRDA:67,32,2,3
BRDA:67,32,3,3
BRDA:67,32,4,3
BRDA:67,32,5,3
BRDA:67,32,6,3
BRDA:67,32,7,3
BRDA:67,32,8,3
BRDA:67,32,9,3
BRDA:67,32,10,3
BRDA:67,32,11,3
BRDA:82,33,0,0
BRDA:82,33,1,3
BRDA:82,34,0,3
BRDA:82,34,1,3
BRDA:83,35,0,1
BRDA:83,35,1,2
BRDA:83,36,0,3
BRDA:83,36,1,2
BRDA:84,37,0,0
BRDA:84,37,1,2
BRDA:85,38,0,0
BRDA:85,38,1,2
BRDA:93,39,0,2
BRDA:93,39,1,2
BRDA:94,40,0,2
BRDA:94,40,1,2
BRDA:95,41,0,2
BRDA:95,41,1,0
BRDA:107,42,0,0
BRDA:107,42,1,3
BRDA:107,43,0,3
BRDA:107,43,1,3
BRDA:108,44,0,1
BRDA:108,44,1,2
BRF:101
BRH:77
end_of_record
TN:
SF:src/entities/day-plan/lib/dayPlanTime.ts
FN:6,getLocalMinutesOfDayNow
FN:11,effectiveEndMinutesExclusive
FN:18,blockDurationSec
FN:25,formatMinuteOfDayKo
FN:42,formatHhmmClockKo
FN:50,formatBlockTimeRange
FN:54,sortDayPlanBlocks
FN:55,(anonymous_7)
FN:62,dayPlanTimeRangesOverlap
FN:72,findOverlappingDayPlanBlock
FN:81,(anonymous_10)
FN:89,findOverlappingDayPlanBlocks
FN:98,(anonymous_12)
FN:105,totalPlannedMinutes
FN:106,(anonymous_14)
FN:110,getFirstPendingBlock
FN:117,(anonymous_16)
FN:121,getNextPendingAfter
FN:129,(anonymous_18)
FNF:19
FNH:18
FNDA:1,getLocalMinutesOfDayNow
FNDA:8,effectiveEndMinutesExclusive
FNDA:4,blockDurationSec
FNDA:2,formatMinuteOfDayKo
FNDA:2,formatHhmmClockKo
FNDA:0,formatBlockTimeRange
FNDA:8,sortDayPlanBlocks
FNDA:9,(anonymous_7)
FNDA:8,dayPlanTimeRangesOverlap
FNDA:4,findOverlappingDayPlanBlock
FNDA:4,(anonymous_10)
FNDA:1,findOverlappingDayPlanBlocks
FNDA:3,(anonymous_12)
FNDA:1,totalPlannedMinutes
FNDA:2,(anonymous_14)
FNDA:2,getFirstPendingBlock
FNDA:3,(anonymous_16)
FNDA:3,getNextPendingAfter
FNDA:6,(anonymous_18)
DA:7,1
DA:12,8
DA:13,1
DA:15,7
DA:19,4
DA:20,1
DA:22,3
DA:26,2
DA:27,0
DA:29,2
DA:30,2
DA:31,2
DA:32,2
DA:33,2
DA:34,2
DA:35,2
DA:43,2
DA:44,2
DA:45,1
DA:46,1
DA:47,1
DA:51,0
DA:55,9
DA:68,8
DA:79,4
DA:80,4
DA:82,4
DA:85,4
DA:96,1
DA:97,1
DA:99,3
DA:106,2
DA:115,2
DA:116,2
DA:117,3
DA:127,3
DA:128,3
DA:129,6
DA:130,3
DA:132,3
DA:133,2
DA:134,2
DA:136,1
LF:43
LH:41
BRDA:6,0,0,0
BRDA:12,1,0,1
BRDA:12,1,1,7
BRDA:19,2,0,1
BRDA:19,2,1,3
BRDA:26,3,0,0
BRDA:26,3,1,2
BRDA:33,4,0,0
BRDA:33,4,1,2
BRDA:34,5,0,1
BRDA:34,5,1,1
BRDA:44,6,0,1
BRDA:44,6,1,1
BRDA:46,7,0,0
BRDA:46,7,1,1
BRDA:68,8,0,8
BRDA:68,8,1,8
BRDA:79,9,0,0
BRDA:79,9,1,4
BRDA:82,10,0,4
BRDA:82,10,1,3
BRDA:85,11,0,4
BRDA:85,11,1,2
BRDA:96,12,0,0
BRDA:96,12,1,1
BRDA:99,13,0,3
BRDA:99,13,1,3
BRDA:117,14,0,2
BRDA:117,14,1,0
BRDA:130,15,0,0
BRDA:130,15,1,3
BRDA:134,16,0,2
BRDA:134,16,1,0
BRDA:134,17,0,2
BRDA:134,17,1,2
BRF:35
BRH:26
end_of_record
TN:
SF:src/entities/day-plan/lib/dayPlanTimeMath.ts
FN:13,formatMinutesToHHmm
FN:24,snapMinutes
FN:29,defaultEditorBlockTimesFromNow
FN:51,defaultPriorityWindowFromNow
FNF:4
FNH:3
FNDA:7,formatMinutesToHHmm
FNDA:5,snapMinutes
FNDA:1,defaultEditorBlockTimesFromNow
FNDA:0,defaultPriorityWindowFromNow
DA:4,1
DA:7,1
DA:10,1
DA:14,7
DA:15,0
DA:17,7
DA:18,7
DA:19,5
DA:20,5
DA:21,5
DA:25,5
DA:33,1
DA:34,1
DA:35,1
DA:36,1
DA:37,1
DA:38,1
DA:39,0
DA:41,1
DA:42,0
DA:44,1
DA:55,0
LF:22
LH:18
BRDA:14,0,0,0
BRDA:14,0,1,7
BRDA:18,1,0,2
BRDA:18,1,1,5
BRDA:24,2,0,3
BRDA:30,3,0,0
BRDA:31,4,0,0
BRDA:37,5,0,0
BRDA:37,5,1,1
BRDA:38,6,0,0
BRDA:38,6,1,1
BRDA:41,7,0,0
BRDA:41,7,1,1
BRDA:51,8,0,0
BRF:14
BRH:7
end_of_record
TN:
SF:src/entities/day-plan/lib/defaultBlocks.ts
FNF:0
FNH:0
DA:7,0
LF:1
LH:0
BRF:0
BRH:0
end_of_record
TN:
SF:src/entities/day-plan/lib/goalCategorySessionConfig.ts
FN:6,asObj
FN:10,clampStr
FN:25,normalizeWorkDetailConfig
FN:32,(anonymous_3)
FN:33,(anonymous_4)
FN:38,(anonymous_5)
FN:44,getInitialWorkDataConfig
FN:51,normalizeMeditationDetailConfig
FN:59,getInitialMeditationDataConfig
FN:70,normalizeYogaDetailConfig
FN:79,getInitialYogaDataConfig
FN:96,normalizeFastingDetailConfig
FN:127,getInitialFastingDataConfig
FN:150,normalizeWaterDetailConfig
FN:172,getInitialWaterDataConfig
FN:183,formatHHmmFromMinutes
FN:190,normalizeMedicineHHmm
FN:215,normalizeMedicineDetailConfig
FN:297,getInitialMedicineDataConfig
FN:330,getOtherCategoryResolvedDisplayLabel
FN:337,readTrimmedOtherCustomDisplayNameFromRaw
FN:343,normalizeOtherDetailConfig
FN:348,(anonymous_22)
FN:349,(anonymous_23)
FN:354,(anonymous_24)
FN:360,getInitialOtherDataConfig
FN:379,emptyCategorySessionConfigs
FNF:27
FNH:22
FNDA:12,asObj
FNDA:11,clampStr
FNDA:2,normalizeWorkDetailConfig
FNDA:2,(anonymous_3)
FNDA:2,(anonymous_4)
FNDA:2,(anonymous_5)
FNDA:1,getInitialWorkDataConfig
FNDA:1,normalizeMeditationDetailConfig
FNDA:0,getInitialMeditationDataConfig
FNDA:1,normalizeYogaDetailConfig
FNDA:1,getInitialYogaDataConfig
FNDA:1,normalizeFastingDetailConfig
FNDA:0,getInitialFastingDataConfig
FNDA:1,normalizeWaterDetailConfig
FNDA:1,getInitialWaterDataConfig
FNDA:6,formatHHmmFromMinutes
FNDA:6,normalizeMedicineHHmm
FNDA:2,normalizeMedicineDetailConfig
FNDA:1,getInitialMedicineDataConfig
FNDA:2,getOtherCategoryResolvedDisplayLabel
FNDA:1,readTrimmedOtherCustomDisplayNameFromRaw
FNDA:4,normalizeOtherDetailConfig
FNDA:0,(anonymous_22)
FNDA:0,(anonymous_23)
FNDA:0,(anonymous_24)
FNDA:2,getInitialOtherDataConfig
FNDA:1,emptyCategorySessionConfigs
DA:7,12
DA:11,11
DA:12,11
DA:26,2
DA:27,2
DA:28,2
DA:29,2
DA:30,2
DA:32,2
DA:33,2
DA:38,2
DA:40,2
DA:41,2
DA:45,1
DA:52,1
DA:53,1
DA:54,1
DA:55,1
DA:56,1
DA:60,0
DA:71,1
DA:72,1
DA:73,1
DA:74,1
DA:75,1
DA:76,1
DA:80,1
DA:93,1
DA:94,1
DA:97,1
DA:98,1
DA:99,1
DA:100,1
DA:101,1
DA:102,1
DA:106,1
DA:107,1
DA:111,1
DA:112,1
DA:116,1
DA:117,1
DA:128,0
DA:151,1
DA:152,1
DA:153,1
DA:154,1
DA:156,1
DA:157,1
DA:158,0
DA:160,1
DA:161,1
DA:167,1
DA:169,1
DA:173,1
DA:184,6
DA:185,6
DA:186,6
DA:187,6
DA:191,6
DA:192,6
DA:193,6
DA:194,6
DA:216,2
DA:217,2
DA:219,2
DA:220,2
DA:221,2
DA:226,2
DA:228,1
DA:229,1
DA:230,1
DA:231,1
DA:233,1
DA:234,1
DA:235,1
DA:238,0
DA:239,0
DA:240,0
DA:243,2
DA:244,2
DA:245,2
DA:247,2
DA:248,2
DA:250,2
DA:251,2
DA:257,2
DA:262,2
DA:267,0
DA:268,0
DA:269,0
DA:270,0
DA:271,2
DA:272,0
DA:273,0
DA:274,0
DA:276,2
DA:277,2
DA:278,2
DA:281,2
DA:298,1
DA:328,1
DA:331,2
DA:332,2
DA:333,2
DA:338,1
DA:339,1
DA:340,1
DA:344,4
DA:345,4
DA:346,4
DA:348,0
DA:349,0
DA:354,0
DA:357,4
DA:361,2
DA:380,1
LF:116
LH:100
BRDA:7,0,0,12
BRDA:7,0,1,0
BRDA:7,1,0,12
BRDA:7,1,1,12
BRDA:11,2,0,6
BRDA:11,2,1,5
BRDA:12,3,0,1
BRDA:12,3,1,10
BRDA:27,4,0,2
BRDA:27,4,1,1
BRDA:29,5,0,1
BRDA:29,5,1,1
BRDA:30,6,0,1
BRDA:30,6,1,1
BRDA:32,7,0,2
BRDA:32,7,1,2
BRDA:34,8,0,2
BRDA:34,8,1,0
BRDA:36,9,0,2
BRDA:36,9,1,0
BRDA:53,10,0,1
BRDA:53,10,1,0
BRDA:55,11,0,1
BRDA:55,11,1,0
BRDA:72,12,0,1
BRDA:72,12,1,1
BRDA:74,13,0,0
BRDA:74,13,1,1
BRDA:75,14,0,1
BRDA:75,14,1,1
BRDA:98,15,0,1
BRDA:98,15,1,1
BRDA:100,16,0,0
BRDA:100,16,1,1
BRDA:104,17,0,0
BRDA:104,17,1,1
BRDA:109,18,0,0
BRDA:109,18,1,1
BRDA:114,19,0,0
BRDA:114,19,1,1
BRDA:116,20,0,0
BRDA:116,20,1,1
BRDA:152,21,0,1
BRDA:152,21,1,0
BRDA:154,22,0,1
BRDA:154,22,1,0
BRDA:157,23,0,0
BRDA:157,23,1,1
BRDA:157,24,0,1
BRDA:157,24,1,1
BRDA:163,25,0,0
BRDA:163,25,1,1
BRDA:167,26,0,0
BRDA:167,26,1,1
BRDA:191,27,0,0
BRDA:191,27,1,6
BRDA:192,28,0,0
BRDA:192,28,1,6
BRDA:193,29,0,0
BRDA:193,29,1,6
BRDA:219,30,0,2
BRDA:219,30,1,1
BRDA:219,30,2,1
BRDA:220,31,0,2
BRDA:220,31,1,1
BRDA:221,32,0,2
BRDA:221,32,1,1
BRDA:226,33,0,1
BRDA:226,33,1,1
BRDA:228,34,0,1
BRDA:228,34,1,0
BRDA:229,35,0,1
BRDA:229,35,1,0
BRDA:230,36,0,1
BRDA:230,36,1,0
BRDA:231,37,0,1
BRDA:231,37,1,0
BRDA:253,38,0,1
BRDA:253,38,1,1
BRDA:257,39,0,0
BRDA:257,39,1,2
BRDA:262,40,0,0
BRDA:262,40,1,2
BRDA:263,41,0,2
BRDA:263,41,1,2
BRDA:263,41,2,2
BRDA:268,42,0,0
BRDA:268,42,1,0
BRDA:269,43,0,0
BRDA:269,43,1,0
BRDA:270,44,0,0
BRDA:270,44,1,0
BRDA:271,45,0,0
BRDA:271,45,1,2
BRDA:331,46,0,2
BRDA:331,46,1,1
BRDA:333,47,0,1
BRDA:333,47,1,1
BRDA:338,48,0,1
BRDA:338,48,1,0
BRDA:340,49,0,0
BRDA:340,49,1,1
BRDA:346,50,0,2
BRDA:346,50,1,2
BRDA:348,51,0,0
BRDA:348,51,1,0
BRDA:350,52,0,0
BRDA:350,52,1,0
BRDA:352,53,0,0
BRDA:352,53,1,0
BRF:110
BRH:70
end_of_record
TN:
SF:src/entities/day-plan/lib/goalDetailChecklistCategoryKeys.ts
FN:23,isGoalDetailChecklistDerivedCategoryKey
FN:29,isGoalDetailChecklistStyleCategoryKey
FNF:2
FNH:2
FNDA:4,isGoalDetailChecklistDerivedCategoryKey
FNDA:3,isGoalDetailChecklistStyleCategoryKey
DA:5,2
DA:21,2
DA:26,4
DA:30,3
LF:4
LH:4
BRDA:30,0,0,3
BRDA:30,0,1,2
BRF:2
BRH:2
end_of_record
TN:
SF:src/entities/day-plan/lib/localDateKey.ts
FN:2,getLocalDateKey
FN:10,parseLocalDateKeyToDate
FN:20,localDateToDateKey
FN:25,addDaysToLocalDateKey
FNF:4
FNH:3
FNDA:8,getLocalDateKey
FNDA:6,parseLocalDateKeyToDate
FNDA:0,localDateToDateKey
FNDA:3,addDaysToLocalDateKey
DA:3,8
DA:4,8
DA:5,8
DA:6,8
DA:11,6
DA:12,6
DA:13,4
DA:14,4
DA:15,4
DA:16,4
DA:17,4
DA:21,0
DA:26,3
DA:27,3
DA:28,3
DA:29,3
LF:16
LH:15
BRDA:2,0,0,4
BRDA:12,1,0,2
BRDA:12,1,1,4
BRDA:16,2,0,0
BRDA:16,2,1,4
BRDA:16,3,0,4
BRDA:16,3,1,4
BRDA:16,3,2,4
BRDA:27,4,0,0
BRDA:27,4,1,3
BRDA:27,5,0,3
BRDA:27,5,1,3
BRF:12
BRH:10
end_of_record
TN:
SF:src/entities/day-plan/lib/parseTime.ts
FN:5,parseHHmmToMinutes
FNF:1
FNH:1
FNDA:65,parseHHmmToMinutes
DA:6,65
DA:7,65
DA:8,65
DA:9,61
DA:10,61
DA:11,61
DA:12,61
DA:13,59
DA:14,56
LF:9
LH:9
BRDA:8,0,0,4
BRDA:8,0,1,61
BRDA:11,1,0,0
BRDA:11,1,1,61
BRDA:11,2,0,61
BRDA:11,2,1,61
BRDA:12,3,0,2
BRDA:12,3,1,59
BRDA:12,4,0,61
BRDA:12,4,1,3
BRDA:13,5,0,3
BRDA:13,5,1,56
BRDA:13,6,0,59
BRDA:13,6,1,57
BRDA:13,6,2,56
BRDA:13,6,3,56
BRF:16
BRH:15
end_of_record
TN:
SF:src/entities/day-plan/lib/priorityBlockTitle.ts
FN:11,parseNumberedFlowLines
FN:14,(anonymous_1)
FN:15,(anonymous_2)
FN:34,isPriorityCompoundBlockTitle
FN:42,isLikelyPriorityCatalogMonolineTitle
FN:45,(anonymous_5)
FN:46,(anonymous_6)
FNF:7
FNH:7
FNDA:5,parseNumberedFlowLines
FNDA:9,(anonymous_1)
FNDA:9,(anonymous_2)
FNDA:2,isPriorityCompoundBlockTitle
FNDA:3,isLikelyPriorityCatalogMonolineTitle
FNDA:4,(anonymous_5)
FNDA:4,(anonymous_6)
DA:3,1
DA:12,5
DA:14,9
DA:15,9
DA:16,5
DA:18,4
DA:19,4
DA:20,5
DA:21,5
DA:22,3
DA:24,2
DA:25,2
DA:26,0
DA:28,2
DA:30,1
DA:35,2
DA:43,3
DA:45,4
DA:46,4
DA:47,3
DA:48,2
LF:21
LH:20
BRDA:12,0,0,5
BRDA:12,0,1,0
BRDA:16,1,0,1
BRDA:16,1,1,4
BRDA:21,2,0,3
BRDA:21,2,1,2
BRDA:24,3,0,2
BRDA:24,3,1,0
BRDA:25,4,0,0
BRDA:25,4,1,2
BRDA:43,5,0,3
BRDA:43,5,1,0
BRDA:47,6,0,1
BRDA:47,6,1,2
BRF:14
BRH:10
end_of_record
TN:
SF:src/entities/day-plan/lib/priorityRoutineWindow.ts
FN:7,isOvernightPriorityWindow
FN:16,snapToStep
FN:21,maxSnappedMinute
FN:25,ceilToStep
FN:30,floorToStep
FN:35,formatMinutesToHhmm
FN:44,clampMinutesCore
FN:84,clampHhmmToPriorityWindow
FNF:8
FNH:8
FNDA:11,isOvernightPriorityWindow
FNDA:6,snapToStep
FNDA:12,maxSnappedMinute
FNDA:6,ceilToStep
FNDA:6,floorToStep
FNDA:6,formatMinutesToHhmm
FNDA:6,clampMinutesCore
FNDA:7,clampHhmmToPriorityWindow
DA:8,11
DA:9,11
DA:10,11
DA:11,11
DA:12,11
DA:13,10
DA:17,6
DA:18,6
DA:22,12
DA:26,6
DA:27,6
DA:31,6
DA:32,6
DA:36,6
DA:37,6
DA:38,6
DA:39,6
DA:40,6
DA:41,6
DA:51,6
DA:52,6
DA:54,6
DA:55,3
DA:56,3
DA:57,3
DA:58,3
DA:60,0
DA:62,3
DA:63,2
DA:64,3
DA:67,3
DA:68,3
DA:69,3
DA:71,3
DA:72,3
DA:73,3
DA:75,1
DA:76,1
DA:77,1
DA:90,7
DA:91,7
DA:92,7
DA:93,7
DA:94,7
DA:96,6
DA:97,6
DA:98,6
DA:99,6
DA:100,6
LF:49
LH:48
BRDA:10,0,0,0
BRDA:10,0,1,11
BRDA:10,1,0,11
BRDA:10,1,1,11
BRDA:11,2,0,0
BRDA:11,2,1,11
BRDA:12,3,0,1
BRDA:12,3,1,10
BRDA:12,4,0,11
BRDA:12,4,1,1
BRDA:17,5,0,6
BRDA:17,5,1,0
BRDA:17,6,0,6
BRDA:17,6,1,6
BRDA:22,7,0,0
BRDA:22,7,1,12
BRDA:26,8,0,6
BRDA:26,8,1,0
BRDA:26,9,0,6
BRDA:26,9,1,6
BRDA:31,10,0,6
BRDA:31,10,1,0
BRDA:31,11,0,6
BRDA:31,11,1,6
BRDA:36,12,0,0
BRDA:36,12,1,6
BRDA:38,13,0,0
BRDA:38,13,1,6
BRDA:54,14,0,3
BRDA:54,14,1,3
BRDA:55,15,0,0
BRDA:55,15,1,3
BRDA:58,16,0,0
BRDA:58,16,1,3
BRDA:62,17,0,1
BRDA:62,17,1,2
BRDA:63,18,0,1
BRDA:63,18,1,1
BRDA:73,19,0,2
BRDA:73,19,1,1
BRDA:73,20,0,3
BRDA:73,20,1,2
BRDA:77,21,0,1
BRDA:77,21,1,0
BRDA:88,22,0,7
BRDA:93,23,0,6
BRDA:93,23,1,1
BRDA:94,24,0,1
BRDA:94,24,1,6
BRDA:94,25,0,7
BRDA:94,25,1,6
BRDA:94,25,2,6
BRDA:94,26,0,0
BRDA:94,26,1,1
BRDA:97,27,0,6
BRDA:97,27,1,0
BRDA:97,28,0,6
BRDA:97,28,1,6
BRF:58
BRH:45
end_of_record
TN:
SF:src/entities/day-plan/lib/priorityWindowBlockMatch.ts
FN:8,blockMatchesPriorityHhmmWindow
FNF:1
FNH:1
FNDA:3,blockMatchesPriorityHhmmWindow
DA:14,3
DA:15,2
DA:16,2
DA:18,1
DA:19,0
LF:5
LH:4
BRDA:14,0,0,1
BRDA:14,0,1,2
BRDA:14,1,0,3
BRDA:14,1,1,2
BRDA:16,2,0,1
BRDA:16,2,1,1
BRDA:18,3,0,1
BRDA:18,3,1,0
BRDA:18,4,0,1
BRDA:18,4,1,1
BRF:10
BRH:9
end_of_record
TN:
SF:src/entities/day-plan/lib/readingLiveActivityConfig.ts
FN:25,toNonNegativeInt
FN:30,clampReadingBookTitle
FN:37,readingDisplayTitle
FN:47,getInitialReadingLiveActivityConfig
FN:56,normalizeReadingMetricSelection
FN:73,normalizeReadingLiveActivityConfig
FN:93,deriveReadingProgress
FNF:7
FNH:7
FNDA:4,toNonNegativeInt
FNDA:5,clampReadingBookTitle
FNDA:3,readingDisplayTitle
FNDA:1,getInitialReadingLiveActivityConfig
FNDA:3,normalizeReadingMetricSelection
FNDA:2,normalizeReadingLiveActivityConfig
FNDA:1,deriveReadingProgress
DA:11,1
DA:19,1
DA:26,4
DA:27,2
DA:31,5
DA:32,3
DA:33,3
DA:41,3
DA:42,3
DA:43,2
DA:44,2
DA:48,1
DA:57,3
DA:58,2
DA:61,1
DA:62,1
DA:63,4
DA:64,4
DA:65,3
DA:66,3
DA:67,3
DA:70,1
DA:75,2
DA:79,2
DA:98,1
DA:99,1
DA:101,1
DA:108,1
LF:28
LH:28
BRDA:26,0,0,2
BRDA:26,0,1,2
BRDA:26,1,0,4
BRDA:26,1,1,2
BRDA:31,2,0,2
BRDA:31,2,1,3
BRDA:33,3,0,0
BRDA:33,3,1,3
BRDA:42,4,0,1
BRDA:42,4,1,2
BRDA:43,5,0,2
BRDA:43,5,1,0
BRDA:44,6,0,1
BRDA:44,6,1,1
BRDA:57,7,0,2
BRDA:57,7,1,1
BRDA:63,8,0,0
BRDA:63,8,1,4
BRDA:64,9,0,1
BRDA:64,9,1,3
BRDA:66,10,0,2
BRDA:66,10,1,1
BRDA:67,11,0,0
BRDA:67,11,1,3
BRDA:75,12,0,2
BRDA:75,12,1,0
BRDA:75,13,0,2
BRDA:75,13,1,2
BRDA:101,14,0,0
BRDA:101,14,1,1
BRF:30
BRH:24
end_of_record
TN:
SF:src/entities/day-plan/lib/waterReminderRoutineSlots.ts
FN:5,waterReminderIntervalMinutes
FN:24,buildWaterRoutineReminderSlots
FN:51,(anonymous_2)
FNF:3
FNH:3
FNDA:4,waterReminderIntervalMinutes
FNDA:3,buildWaterRoutineReminderSlots
FNDA:7,(anonymous_2)
DA:8,4
DA:9,3
DA:10,2
DA:29,3
DA:30,3
DA:31,3
DA:32,3
DA:33,2
DA:35,2
DA:39,2
DA:41,2
DA:42,2
DA:44,2
DA:45,9
DA:46,9
DA:47,9
DA:48,9
DA:51,7
DA:52,2
LF:19
LH:19
BRDA:8,0,0,1
BRDA:8,0,1,3
BRDA:9,1,0,1
BRDA:9,1,1,2
BRDA:32,2,0,1
BRDA:32,2,1,2
BRDA:32,3,0,3
BRDA:32,3,1,2
BRDA:32,3,2,2
BRDA:33,4,0,0
BRDA:33,4,1,2
BRDA:39,5,0,1
BRDA:39,5,1,1
BRDA:46,6,0,0
BRDA:46,6,1,9
BRF:15
BRH:13
end_of_record
TN:
SF:src/entities/day-plan/model/dayPlanDraftStore.ts
FN:73,createInitialPriorityWindow
FN:78,createInitialState
FN:98,(anonymous_2)
FN:101,(anonymous_3)
FN:136,(anonymous_4)
FN:149,(anonymous_5)
FN:153,(anonymous_6)
FN:157,(anonymous_7)
FN:158,(anonymous_8)
FN:161,(anonymous_9)
FN:166,(anonymous_10)
FN:167,(anonymous_11)
FN:173,(anonymous_12)
FN:174,(anonymous_13)
FN:175,(anonymous_14)
FN:178,(anonymous_15)
FN:186,(anonymous_16)
FN:187,(anonymous_17)
FN:191,(anonymous_18)
FN:192,(anonymous_19)
FN:195,(anonymous_20)
FN:196,(anonymous_21)
FN:217,(anonymous_22)
FN:222,(anonymous_23)
FN:223,(anonymous_24)
FN:228,(anonymous_25)
FN:229,(anonymous_26)
FN:233,(anonymous_27)
FN:234,(anonymous_28)
FN:235,(anonymous_29)
FN:242,(anonymous_30)
FN:276,(anonymous_31)
FN:277,(anonymous_32)
FN:278,(anonymous_33)
FN:279,(anonymous_34)
FN:282,(anonymous_35)
FN:283,(anonymous_36)
FN:284,(anonymous_37)
FN:285,(anonymous_38)
FN:286,(anonymous_39)
FN:289,(anonymous_40)
FN:309,persistDayPlanDraft
FN:331,appendPriorityCategoryKeysIfMissing
FN:332,(anonymous_43)
FNF:44
FNH:0
FNDA:0,createInitialPriorityWindow
FNDA:0,createInitialState
FNDA:0,(anonymous_2)
FNDA:0,(anonymous_3)
FNDA:0,(anonymous_4)
FNDA:0,(anonymous_5)
FNDA:0,(anonymous_6)
FNDA:0,(anonymous_7)
FNDA:0,(anonymous_8)
FNDA:0,(anonymous_9)
FNDA:0,(anonymous_10)
FNDA:0,(anonymous_11)
FNDA:0,(anonymous_12)
FNDA:0,(anonymous_13)
FNDA:0,(anonymous_14)
FNDA:0,(anonymous_15)
FNDA:0,(anonymous_16)
FNDA:0,(anonymous_17)
FNDA:0,(anonymous_18)
FNDA:0,(anonymous_19)
FNDA:0,(anonymous_20)
FNDA:0,(anonymous_21)
FNDA:0,(anonymous_22)
FNDA:0,(anonymous_23)
FNDA:0,(anonymous_24)
FNDA:0,(anonymous_25)
FNDA:0,(anonymous_26)
FNDA:0,(anonymous_27)
FNDA:0,(anonymous_28)
FNDA:0,(anonymous_29)
FNDA:0,(anonymous_30)
FNDA:0,(anonymous_31)
FNDA:0,(anonymous_32)
FNDA:0,(anonymous_33)
FNDA:0,(anonymous_34)
FNDA:0,(anonymous_35)
FNDA:0,(anonymous_36)
FNDA:0,(anonymous_37)
FNDA:0,(anonymous_38)
FNDA:0,(anonymous_39)
FNDA:0,(anonymous_40)
FNDA:0,persistDayPlanDraft
FNDA:0,appendPriorityCategoryKeysIfMissing
FNDA:0,(anonymous_43)
DA:74,0
DA:75,0
DA:79,0
DA:98,0
DA:102,0
DA:103,0
DA:104,0
DA:105,0
DA:106,0
DA:109,0
DA:111,0
DA:115,0
DA:118,0
DA:121,0
DA:122,0
DA:124,0
DA:136,0
DA:150,0
DA:151,0
DA:154,0
DA:155,0
DA:158,0
DA:159,0
DA:161,0
DA:164,0
DA:167,0
DA:168,0
DA:169,0
DA:174,0
DA:175,0
DA:176,0
DA:178,0
DA:180,0
DA:182,0
DA:187,0
DA:188,0
DA:189,0
DA:192,0
DA:193,0
DA:194,0
DA:195,0
DA:196,0
DA:197,0
DA:198,0
DA:199,0
DA:200,0
DA:201,0
DA:202,0
DA:204,0
DA:205,0
DA:207,0
DA:208,0
DA:218,0
DA:223,0
DA:229,0
DA:230,0
DA:231,0
DA:233,0
DA:234,0
DA:236,0
DA:243,0
DA:244,0
DA:246,0
DA:250,0
DA:253,0
DA:254,0
DA:255,0
DA:256,0
DA:257,0
DA:258,0
DA:265,0
DA:269,0
DA:276,0
DA:277,0
DA:279,0
DA:283,0
DA:285,0
DA:286,0
DA:289,0
DA:290,0
DA:291,0
DA:310,0
DA:311,0
DA:312,0
DA:332,0
DA:333,0
DA:334,0
DA:335,0
DA:336,0
DA:337,0
DA:338,0
DA:339,0
DA:340,0
DA:343,0
LF:94
LH:0
BRDA:102,0,0,0
BRDA:102,0,1,0
BRDA:104,1,0,0
BRDA:104,1,1,0
BRDA:111,2,0,0
BRDA:111,2,1,0
BRDA:115,3,0,0
BRDA:115,3,1,0
BRDA:121,4,0,0
BRDA:121,4,1,0
BRDA:125,5,0,0
BRDA:125,5,1,0
BRDA:127,6,0,0
BRDA:127,6,1,0
BRDA:130,7,0,0
BRDA:130,7,1,0
BRDA:135,8,0,0
BRDA:135,8,1,0
BRDA:135,9,0,0
BRDA:135,9,1,0
BRDA:136,10,0,0
BRDA:136,10,1,0
BRDA:138,11,0,0
BRDA:138,11,1,0
BRDA:139,12,0,0
BRDA:139,12,1,0
BRDA:140,13,0,0
BRDA:140,13,1,0
BRDA:141,14,0,0
BRDA:141,14,1,0
BRDA:142,15,0,0
BRDA:142,15,1,0
BRDA:143,16,0,0
BRDA:143,16,1,0
BRDA:144,17,0,0
BRDA:144,17,1,0
BRDA:145,18,0,0
BRDA:145,18,1,0
BRDA:160,19,0,0
BRDA:160,19,1,0
BRDA:168,20,0,0
BRDA:168,20,1,0
BRDA:176,21,0,0
BRDA:176,21,1,0
BRDA:177,22,0,0
BRDA:177,22,1,0
BRDA:188,23,0,0
BRDA:188,23,1,0
BRDA:193,24,0,0
BRDA:193,24,1,0
BRDA:199,25,0,0
BRDA:199,25,1,0
BRDA:202,26,0,0
BRDA:202,26,1,0
BRDA:205,27,0,0
BRDA:205,27,1,0
BRDA:210,28,0,0
BRDA:210,28,1,0
BRDA:211,29,0,0
BRDA:211,29,1,0
BRDA:214,30,0,0
BRDA:214,30,1,0
BRDA:224,31,0,0
BRDA:224,31,1,0
BRDA:230,32,0,0
BRDA:230,32,1,0
BRDA:244,33,0,0
BRDA:244,33,1,0
BRDA:246,34,0,0
BRDA:246,34,1,0
BRDA:250,35,0,0
BRDA:250,35,1,0
BRDA:254,36,0,0
BRDA:254,36,1,0
BRDA:255,37,0,0
BRDA:255,37,1,0
BRDA:257,38,0,0
BRDA:257,38,1,0
BRDA:265,39,0,0
BRDA:265,39,1,0
BRDA:266,40,0,0
BRDA:266,40,1,0
BRDA:280,41,0,0
BRDA:280,41,1,0
BRDA:290,42,0,0
BRDA:290,42,1,0
BRDA:311,43,0,0
BRDA:311,43,1,0
BRDA:333,44,0,0
BRDA:333,44,1,0
BRDA:338,45,0,0
BRDA:338,45,1,0
BRDA:343,46,0,0
BRDA:343,46,1,0
BRF:94
BRH:0
end_of_record
TN:
SF:src/entities/day-plan/model/dayPlanRuntimeStore.ts
FN:25,(anonymous_0)
FN:32,(anonymous_1)
FN:36,(anonymous_2)
FN:49,(anonymous_3)
FN:53,(anonymous_4)
FN:56,(anonymous_5)
FN:61,(anonymous_6)
FN:69,(anonymous_7)
FNF:8
FNH:6
FNDA:1,(anonymous_0)
FNDA:1,(anonymous_1)
FNDA:2,(anonymous_2)
FNDA:1,(anonymous_3)
FNDA:0,(anonymous_4)
FNDA:0,(anonymous_5)
FNDA:8,(anonymous_6)
FNDA:9,(anonymous_7)
DA:23,1
DA:25,1
DA:33,1
DA:37,2
DA:38,2
DA:39,2
DA:40,2
DA:41,1
DA:43,2
DA:50,1
DA:54,0
DA:55,0
DA:56,0
DA:57,0
DA:62,8
DA:63,0
DA:64,0
DA:66,8
DA:70,9
LF:19
LH:13
BRDA:32,0,0,0
BRDA:40,1,0,1
BRDA:40,1,1,1
BRDA:54,2,0,0
BRDA:54,2,1,0
BRDA:62,3,0,0
BRDA:62,3,1,8
BRF:7
BRH:3
end_of_record
TN:
SF:src/entities/day-plan/model/dayPlanStore.ts
FN:16,createBlockId
FN:23,normalizePersisted
FN:129,(anonymous_2)
FN:130,(anonymous_3)
FN:153,(anonymous_4)
FN:184,(anonymous_5)
FN:204,(anonymous_6)
FN:213,(anonymous_7)
FN:225,(anonymous_8)
FN:231,(anonymous_9)
FN:237,(anonymous_10)
FN:238,(anonymous_11)
FN:245,(anonymous_12)
FN:246,(anonymous_13)
FN:247,(anonymous_14)
FN:256,(anonymous_15)
FN:261,(anonymous_16)
FN:266,(anonymous_17)
FN:278,(anonymous_18)
FN:282,(anonymous_19)
FN:287,(anonymous_20)
FN:299,(anonymous_21)
FN:313,(anonymous_22)
FN:318,(anonymous_23)
FN:326,(anonymous_24)
FN:339,(anonymous_25)
FN:341,(anonymous_26)
FN:346,(anonymous_27)
FN:347,(anonymous_28)
FN:351,(anonymous_29)
FN:353,(anonymous_30)
FN:360,(anonymous_31)
FN:403,(anonymous_32)
FN:404,(anonymous_33)
FN:405,(anonymous_34)
FN:406,(anonymous_35)
FN:415,(anonymous_36)
FN:440,(anonymous_37)
FN:443,(anonymous_38)
FN:448,(anonymous_39)
FN:449,(anonymous_40)
FN:460,selectFirstPendingBlock
FNF:42
FNH:14
FNDA:2,createBlockId
FNDA:1,normalizePersisted
FNDA:1,(anonymous_2)
FNDA:7,(anonymous_3)
FNDA:1,(anonymous_4)
FNDA:0,(anonymous_5)
FNDA:0,(anonymous_6)
FNDA:0,(anonymous_7)
FNDA:0,(anonymous_8)
FNDA:0,(anonymous_9)
FNDA:0,(anonymous_10)
FNDA:0,(anonymous_11)
FNDA:0,(anonymous_12)
FNDA:0,(anonymous_13)
FNDA:0,(anonymous_14)
FNDA:0,(anonymous_15)
FNDA:1,(anonymous_16)
FNDA:0,(anonymous_17)
FNDA:0,(anonymous_18)
FNDA:0,(anonymous_19)
FNDA:0,(anonymous_20)
FNDA:1,(anonymous_21)
FNDA:0,(anonymous_22)
FNDA:0,(anonymous_23)
FNDA:1,(anonymous_24)
FNDA:0,(anonymous_25)
FNDA:0,(anonymous_26)
FNDA:1,(anonymous_27)
FNDA:1,(anonymous_28)
FNDA:1,(anonymous_29)
FNDA:1,(anonymous_30)
FNDA:3,(anonymous_31)
FNDA:0,(anonymous_32)
FNDA:0,(anonymous_33)
FNDA:0,(anonymous_34)
FNDA:0,(anonymous_35)
FNDA:0,(anonymous_36)
FNDA:0,(anonymous_37)
FNDA:0,(anonymous_38)
FNDA:0,(anonymous_39)
FNDA:0,(anonymous_40)
FNDA:1,selectFirstPendingBlock
DA:17,2
DA:18,2
DA:19,2
DA:20,0
DA:36,1
DA:37,1
DA:39,1
DA:40,1
DA:41,1
DA:51,0
DA:52,0
DA:53,0
DA:63,0
DA:129,1
DA:130,1
DA:131,7
DA:132,7
DA:140,7
DA:141,7
DA:144,1
DA:154,1
DA:156,1
DA:157,1
DA:158,1
DA:159,1
DA:160,1
DA:161,1
DA:162,1
DA:164,1
DA:165,1
DA:166,1
DA:173,1
DA:174,1
DA:175,1
DA:176,1
DA:177,1
DA:179,1
DA:182,1
DA:184,0
DA:188,0
DA:192,1
DA:201,1
DA:205,0
DA:210,0
DA:220,0
DA:221,0
DA:223,0
DA:226,0
DA:231,0
DA:233,0
DA:235,0
DA:236,0
DA:237,0
DA:238,0
DA:240,0
DA:244,0
DA:245,0
DA:246,0
DA:247,0
DA:253,0
DA:257,0
DA:258,0
DA:262,1
DA:263,1
DA:265,1
DA:266,1
DA:267,1
DA:275,1
DA:279,0
DA:280,0
DA:281,0
DA:282,0
DA:283,0
DA:285,0
DA:286,0
DA:287,0
DA:288,0
DA:296,0
DA:300,1
DA:301,1
DA:303,1
DA:310,1
DA:314,0
DA:315,0
DA:317,0
DA:318,0
DA:319,0
DA:323,0
DA:327,1
DA:328,1
DA:329,1
DA:335,1
DA:336,1
DA:340,0
DA:341,0
DA:343,0
DA:347,1
DA:348,1
DA:352,1
DA:354,1
DA:357,1
DA:361,3
DA:362,3
DA:363,3
DA:364,3
DA:366,3
DA:367,3
DA:368,1
DA:371,0
DA:372,0
DA:374,0
DA:375,0
DA:377,0
DA:378,0
DA:379,0
DA:383,2
DA:384,0
DA:390,0
DA:393,2
DA:394,2
DA:395,0
DA:398,2
DA:400,2
DA:401,0
DA:402,0
DA:403,0
DA:404,0
DA:405,0
DA:406,0
DA:409,2
DA:410,2
DA:411,1
DA:415,1
DA:418,1
DA:422,1
DA:434,1
DA:435,1
DA:436,1
DA:437,1
DA:442,0
DA:443,0
DA:444,0
DA:446,0
DA:448,0
DA:449,0
DA:455,0
DA:461,1
DA:462,1
LF:148
LH:79
BRDA:19,0,0,2
BRDA:19,0,1,0
BRDA:39,1,0,1
BRDA:39,1,1,0
BRDA:46,2,0,1
BRDA:46,2,1,0
BRDA:51,3,0,0
BRDA:51,3,1,0
BRDA:55,4,0,0
BRDA:55,4,1,0
BRDA:56,5,0,0
BRDA:56,5,1,0
BRDA:57,6,0,0
BRDA:57,6,1,0
BRDA:58,7,0,0
BRDA:58,7,1,0
BRDA:154,8,0,0
BRDA:154,8,1,1
BRDA:164,9,0,1
BRDA:164,9,1,0
BRDA:165,10,0,1
BRDA:165,10,1,0
BRDA:167,11,0,1
BRDA:167,11,1,0
BRDA:169,12,0,1
BRDA:169,12,1,0
BRDA:170,13,0,1
BRDA:170,13,1,0
BRDA:179,14,0,0
BRDA:179,14,1,1
BRDA:182,15,0,0
BRDA:182,15,1,1
BRDA:183,16,0,1
BRDA:183,16,1,0
BRDA:183,16,2,0
BRDA:183,16,3,0
BRDA:221,17,0,0
BRDA:221,17,1,0
BRDA:233,18,0,0
BRDA:233,18,1,0
BRDA:237,19,0,0
BRDA:237,19,1,0
BRDA:240,20,0,0
BRDA:240,20,1,0
BRDA:249,21,0,0
BRDA:249,21,1,0
BRDA:249,22,0,0
BRDA:249,22,1,0
BRDA:263,23,0,0
BRDA:263,23,1,1
BRDA:271,24,0,0
BRDA:271,24,1,1
BRDA:279,25,0,0
BRDA:279,25,1,0
BRDA:283,26,0,0
BRDA:283,26,1,0
BRDA:292,27,0,0
BRDA:292,27,1,0
BRDA:292,28,0,0
BRDA:292,28,1,0
BRDA:301,29,0,0
BRDA:301,29,1,1
BRDA:301,30,0,1
BRDA:301,30,1,1
BRDA:306,31,0,0
BRDA:306,31,1,1
BRDA:317,32,0,0
BRDA:317,32,1,0
BRDA:321,33,0,0
BRDA:321,33,1,0
BRDA:328,34,0,0
BRDA:328,34,1,1
BRDA:341,35,0,0
BRDA:341,35,1,0
BRDA:354,36,0,1
BRDA:354,36,1,0
BRDA:366,37,0,3
BRDA:366,37,1,0
BRDA:367,38,0,1
BRDA:367,38,1,2
BRDA:371,39,0,0
BRDA:371,39,1,0
BRDA:374,40,0,0
BRDA:374,40,1,0
BRDA:378,41,0,0
BRDA:378,41,1,0
BRDA:383,42,0,0
BRDA:383,42,1,2
BRDA:383,43,0,2
BRDA:383,43,1,2
BRDA:394,44,0,0
BRDA:394,44,1,2
BRDA:400,45,0,0
BRDA:400,45,1,2
BRDA:402,46,0,0
BRDA:402,46,1,0
BRDA:410,47,0,1
BRDA:410,47,1,1
BRDA:418,48,0,1
BRDA:418,48,1,0
BRDA:418,49,0,1
BRDA:418,49,1,1
BRDA:429,50,0,0
BRDA:429,50,1,1
BRDA:430,51,0,0
BRDA:430,51,1,1
BRDA:431,52,0,1
BRDA:431,52,1,0
BRDA:444,53,0,0
BRDA:444,53,1,0
BRDA:451,54,0,0
BRDA:451,54,1,0
BRF:112
BRH:36
end_of_record
TN:
SF:src/entities/day-plan/model/planMode.ts
FNF:0
FNH:0
LF:0
LH:0
BRF:0
BRH:0
end_of_record
TN:
SF:src/entities/day-plan/model/types.ts
FNF:0
FNH:0
LF:0
LH:0
BRF:0
BRH:0
end_of_record
TN:
SF:src/entities/history/lib/historyCompletionMetrics.ts
FN:9,dayHasCompletionActivity
FN:15,getCategoryCompletions
FN:33,sumCategoryCompletions
FN:34,(anonymous_3)
FNF:4
FNH:4
FNDA:3,dayHasCompletionActivity
FNDA:2,getCategoryCompletions
FNDA:1,sumCategoryCompletions
FNDA:2,(anonymous_3)
DA:10,3
DA:11,2
DA:16,2
DA:17,2
DA:18,2
DA:19,2
DA:20,2
DA:21,2
DA:23,2
DA:25,1
DA:26,2
DA:27,2
DA:28,2
DA:30,1
DA:34,2
LF:15
LH:15
BRDA:10,0,0,1
BRDA:10,0,1,2
BRDA:11,1,0,2
BRDA:11,1,1,1
BRDA:17,2,0,2
BRDA:17,2,1,0
BRDA:19,3,0,2
BRDA:19,3,1,0
BRDA:20,4,0,0
BRDA:20,4,1,2
BRDA:20,5,0,2
BRDA:20,5,1,2
BRDA:23,6,0,1
BRDA:23,6,1,1
BRDA:25,7,0,1
BRDA:25,7,1,0
BRDA:27,8,0,0
BRDA:27,8,1,2
BRDA:28,9,0,2
BRDA:28,9,1,2
BRF:20
BRH:15
end_of_record
TN:
SF:src/entities/history/model/historyStore.ts
FN:29,parseDateKey
FN:40,dateToKey
FN:47,addDays
FN:54,toStartOfWeekMonday
FN:62,clampInt
FN:68,clampRate
FN:74,emptyDaily
FN:86,normalizeDaily
FN:99,normalizeAchievement
FN:112,buildDailyMap
FN:122,listDaily
FN:123,(anonymous_11)
FN:126,computeCurrentStreak
FN:141,heatLevel
FN:148,toWeekday
FN:154,isBetween
FN:158,toNowDateKey
FN:162,ensureAchievement
FN:163,(anonymous_18)
FN:186,(anonymous_19)
FN:192,(anonymous_20)
FN:205,(anonymous_21)
FN:243,(anonymous_22)
FN:258,(anonymous_23)
FN:266,(anonymous_24)
FN:270,(anonymous_25)
FN:306,(anonymous_26)
FN:311,(anonymous_27)
FN:332,(anonymous_28)
FN:346,(anonymous_29)
FN:351,(anonymous_30)
FN:354,(anonymous_31)
FN:380,(anonymous_32)
FNF:33
FNH:0
FNDA:0,parseDateKey
FNDA:0,dateToKey
FNDA:0,addDays
FNDA:0,toStartOfWeekMonday
FNDA:0,clampInt
FNDA:0,clampRate
FNDA:0,emptyDaily
FNDA:0,normalizeDaily
FNDA:0,normalizeAchievement
FNDA:0,buildDailyMap
FNDA:0,listDaily
FNDA:0,(anonymous_11)
FNDA:0,computeCurrentStreak
FNDA:0,heatLevel
FNDA:0,toWeekday
FNDA:0,isBetween
FNDA:0,toNowDateKey
FNDA:0,ensureAchievement
FNDA:0,(anonymous_18)
FNDA:0,(anonymous_19)
FNDA:0,(anonymous_20)
FNDA:0,(anonymous_21)
FNDA:0,(anonymous_22)
FNDA:0,(anonymous_23)
FNDA:0,(anonymous_24)
FNDA:0,(anonymous_25)
FNDA:0,(anonymous_26)
FNDA:0,(anonymous_27)
FNDA:0,(anonymous_28)
FNDA:0,(anonymous_29)
FNDA:0,(anonymous_30)
FNDA:0,(anonymous_31)
FNDA:0,(anonymous_32)
DA:30,0
DA:31,0
DA:32,0
DA:33,0
DA:34,0
DA:35,0
DA:36,0
DA:37,0
DA:41,0
DA:42,0
DA:43,0
DA:44,0
DA:48,0
DA:49,0
DA:50,0
DA:51,0
DA:55,0
DA:56,0
DA:57,0
DA:58,0
DA:59,0
DA:63,0
DA:64,0
DA:65,0
DA:69,0
DA:70,0
DA:71,0
DA:75,0
DA:87,0
DA:88,0
DA:100,0
DA:101,0
DA:102,0
DA:103,0
DA:113,0
DA:114,0
DA:115,0
DA:116,0
DA:117,0
DA:119,0
DA:123,0
DA:130,0
DA:131,0
DA:132,0
DA:133,0
DA:134,0
DA:135,0
DA:136,0
DA:138,0
DA:142,0
DA:143,0
DA:144,0
DA:145,0
DA:149,0
DA:150,0
DA:151,0
DA:155,0
DA:159,0
DA:163,0
DA:164,0
DA:186,0
DA:193,0
DA:194,0
DA:195,0
DA:196,0
DA:197,0
DA:206,0
DA:207,0
DA:209,0
DA:210,0
DA:211,0
DA:212,0
DA:213,0
DA:214,0
DA:217,0
DA:226,0
DA:227,0
DA:229,0
DA:232,0
DA:236,0
DA:238,0
DA:239,0
DA:240,0
DA:244,0
DA:245,0
DA:247,0
DA:251,0
DA:253,0
DA:254,0
DA:255,0
DA:259,0
DA:260,0
DA:261,0
DA:262,0
DA:263,0
DA:267,0
DA:268,0
DA:269,0
DA:270,0
DA:274,0
DA:275,0
DA:283,0
DA:284,0
DA:292,0
DA:293,0
DA:302,0
DA:303,0
DA:307,0
DA:308,0
DA:312,0
DA:313,0
DA:314,0
DA:315,0
DA:316,0
DA:317,0
DA:318,0
DA:319,0
DA:320,0
DA:321,0
DA:322,0
DA:329,0
DA:333,0
DA:334,0
DA:335,0
DA:336,0
DA:337,0
DA:338,0
DA:339,0
DA:340,0
DA:341,0
DA:344,0
DA:345,0
DA:346,0
DA:351,0
DA:356,0
DA:357,0
DA:358,0
DA:360,0
DA:361,0
DA:362,0
DA:363,0
DA:364,0
DA:365,0
DA:367,0
DA:368,0
DA:369,0
DA:370,0
DA:371,0
DA:377,0
DA:381,0
DA:382,0
DA:383,0
DA:384,0
DA:385,0
DA:387,0
DA:388,0
DA:389,0
DA:390,0
DA:391,0
DA:392,0
DA:393,0
DA:397,0
DA:399,0
DA:404,0
LF:164
LH:0
BRDA:31,0,0,0
BRDA:31,0,1,0
BRDA:36,1,0,0
BRDA:36,1,1,0
BRDA:49,2,0,0
BRDA:49,2,1,0
BRDA:56,3,0,0
BRDA:56,3,1,0
BRDA:62,4,0,0
BRDA:63,5,0,0
BRDA:63,5,1,0
BRDA:64,6,0,0
BRDA:64,6,1,0
BRDA:70,7,0,0
BRDA:70,7,1,0
BRDA:102,8,0,0
BRDA:102,8,1,0
BRDA:102,9,0,0
BRDA:102,9,1,0
BRDA:108,10,0,0
BRDA:108,10,1,0
BRDA:116,11,0,0
BRDA:116,11,1,0
BRDA:134,12,0,0
BRDA:134,12,1,0
BRDA:142,13,0,0
BRDA:142,13,1,0
BRDA:142,14,0,0
BRDA:142,14,1,0
BRDA:143,15,0,0
BRDA:143,15,1,0
BRDA:143,16,0,0
BRDA:143,16,1,0
BRDA:144,17,0,0
BRDA:144,17,1,0
BRDA:144,18,0,0
BRDA:144,18,1,0
BRDA:150,19,0,0
BRDA:150,19,1,0
BRDA:155,20,0,0
BRDA:155,20,1,0
BRDA:163,21,0,0
BRDA:163,21,1,0
BRDA:193,22,0,0
BRDA:193,22,1,0
BRDA:200,23,0,0
BRDA:200,23,1,0
BRDA:207,24,0,0
BRDA:207,24,1,0
BRDA:209,25,0,0
BRDA:209,25,1,0
BRDA:213,26,0,0
BRDA:213,26,1,0
BRDA:213,27,0,0
BRDA:213,27,1,0
BRDA:214,28,0,0
BRDA:214,28,1,0
BRDA:221,29,0,0
BRDA:221,29,1,0
BRDA:226,30,0,0
BRDA:226,30,1,0
BRDA:226,31,0,0
BRDA:226,31,1,0
BRDA:245,32,0,0
BRDA:245,32,1,0
BRDA:260,33,0,0
BRDA:260,33,1,0
BRDA:274,34,0,0
BRDA:274,34,1,0
BRDA:283,35,0,0
BRDA:283,35,1,0
BRDA:292,36,0,0
BRDA:292,36,1,0
BRDA:307,37,0,0
BRDA:307,37,1,0
BRDA:311,38,0,0
BRDA:312,39,0,0
BRDA:312,39,1,0
BRDA:320,40,0,0
BRDA:320,40,1,0
BRDA:321,41,0,0
BRDA:321,41,1,0
BRDA:336,42,0,0
BRDA:336,42,1,0
BRDA:339,43,0,0
BRDA:339,43,1,0
BRDA:340,44,0,0
BRDA:340,44,1,0
BRDA:344,45,0,0
BRDA:344,45,1,0
BRDA:361,46,0,0
BRDA:361,46,1,0
BRDA:381,47,0,0
BRDA:381,47,1,0
BRDA:390,48,0,0
BRDA:390,48,1,0
BRDA:390,49,0,0
BRDA:390,49,1,0
BRDA:392,50,0,0
BRDA:392,50,1,0
BRDA:392,51,0,0
BRDA:392,51,1,0
BRDA:399,52,0,0
BRDA:399,52,1,0
BRDA:401,53,0,0
BRDA:401,53,1,0
BRF:106
BRH:0
end_of_record
TN:
SF:src/entities/history/model/types.ts
FNF:0
FNH:0
LF:0
LH:0
BRF:0
BRH:0
end_of_record
TN:
SF:src/entities/local-notifications/model/localNotificationsStore.ts
FN:18,(anonymous_0)
FN:20,(anonymous_1)
FN:24,(anonymous_2)
FNF:3
FNH:0
FNDA:0,(anonymous_0)
FNDA:0,(anonymous_1)
FNDA:0,(anonymous_2)
DA:18,0
DA:21,0
DA:22,0
DA:25,0
DA:26,0
DA:27,0
LF:6
LH:0
BRF:0
BRH:0
end_of_record
TN:
SF:src/shared/lib/formatDurationMinKo.ts
FN:2,formatDurationMinKo
FNF:1
FNH:1
FNDA:5,formatDurationMinKo
DA:3,5
DA:4,5
DA:5,3
DA:6,2
DA:7,2
DA:8,2
DA:9,1
DA:11,1
LF:8
LH:8
BRDA:4,0,0,2
BRDA:4,0,1,3
BRDA:5,1,0,2
BRDA:5,1,1,1
BRDA:8,2,0,1
BRDA:8,2,1,1
BRF:6
BRH:6
end_of_record
TN:
SF:src/shared/lib/hooks/use-color-scheme.ts
FN:10,useColorScheme
FNF:1
FNH:0
FNDA:0,useColorScheme
DA:8,0
DA:11,0
DA:12,0
DA:13,0
DA:15,0
LF:5
LH:0
BRDA:12,0,0,0
BRDA:12,0,1,0
BRF:2
BRH:0
end_of_record
TN:
SF:src/shared/lib/hooks/use-color-scheme.web.ts
FN:7,useColorScheme
FN:10,(anonymous_1)
FNF:2
FNH:0
FNDA:0,useColorScheme
FNDA:0,(anonymous_1)
DA:8,0
DA:10,0
DA:11,0
DA:14,0
DA:16,0
DA:17,0
DA:20,0
LF:7
LH:0
BRDA:16,0,0,0
BRDA:16,0,1,0
BRF:2
BRH:0
end_of_record
TN:
SF:src/shared/lib/hooks/use-theme-color.ts
FN:4,useThemeColor
FNF:1
FNH:0
FNDA:0,useThemeColor
DA:8,0
DA:9,0
DA:11,0
DA:12,0
DA:14,0
LF:5
LH:0
BRDA:8,0,0,0
BRDA:8,0,1,0
BRDA:11,1,0,0
BRDA:11,1,1,0
BRF:4
BRH:0
end_of_record
TN:
SF:src/shared/lib/notifications/client.ts
FN:7,isNativeNotificationPlatform
FN:11,ensureConfigured
FN:16,(anonymous_2)
FN:44,getLocalNotificationPermissionSnapshot
FN:53,ensureLocalNotificationPermission
FN:64,scheduleLocalNotification
FN:91,scheduleDailyLocalNotification
FN:119,sendImmediateNotification
FN:138,cancelLocalNotificationsById
FN:146,addLocalNotificationResponseListener
FN:149,(anonymous_10)
FN:150,(anonymous_11)
FN:154,(anonymous_12)
FN:158,addLocalNotificationReceivedListener
FN:161,(anonymous_14)
FN:162,(anonymous_15)
FN:166,(anonymous_16)
FNF:17
FNH:0
FNDA:0,isNativeNotificationPlatform
FNDA:0,ensureConfigured
FNDA:0,(anonymous_2)
FNDA:0,getLocalNotificationPermissionSnapshot
FNDA:0,ensureLocalNotificationPermission
FNDA:0,scheduleLocalNotification
FNDA:0,scheduleDailyLocalNotification
FNDA:0,sendImmediateNotification
FNDA:0,cancelLocalNotificationsById
FNDA:0,addLocalNotificationResponseListener
FNDA:0,(anonymous_10)
FNDA:0,(anonymous_11)
FNDA:0,(anonymous_12)
FNDA:0,addLocalNotificationReceivedListener
FNDA:0,(anonymous_14)
FNDA:0,(anonymous_15)
FNDA:0,(anonymous_16)
DA:4,0
DA:5,0
DA:8,0
DA:12,0
DA:14,0
DA:15,0
DA:16,0
DA:23,0
DA:26,0
DA:27,0
DA:33,0
DA:45,0
DA:46,0
DA:47,0
DA:48,0
DA:49,0
DA:50,0
DA:54,0
DA:55,0
DA:57,0
DA:58,0
DA:60,0
DA:61,0
DA:70,0
DA:71,0
DA:73,0
DA:74,0
DA:76,0
DA:98,0
DA:99,0
DA:101,0
DA:102,0
DA:104,0
DA:124,0
DA:125,0
DA:127,0
DA:139,0
DA:140,0
DA:141,0
DA:142,0
DA:149,0
DA:150,0
DA:151,0
DA:152,0
DA:154,0
DA:161,0
DA:162,0
DA:163,0
DA:164,0
DA:166,0
LF:50
LH:0
BRDA:8,0,0,0
BRDA:8,0,1,0
BRDA:12,1,0,0
BRDA:12,1,1,0
BRDA:14,2,0,0
BRDA:14,2,1,0
BRDA:26,3,0,0
BRDA:26,3,1,0
BRDA:26,4,0,0
BRDA:26,4,1,0
BRDA:45,5,0,0
BRDA:45,5,1,0
BRDA:48,6,0,0
BRDA:48,6,1,0
BRDA:49,7,0,0
BRDA:49,7,1,0
BRDA:54,8,0,0
BRDA:54,8,1,0
BRDA:58,9,0,0
BRDA:58,9,1,0
BRDA:70,10,0,0
BRDA:70,10,1,0
BRDA:74,11,0,0
BRDA:74,11,1,0
BRDA:74,12,0,0
BRDA:74,12,1,0
BRDA:98,13,0,0
BRDA:98,13,1,0
BRDA:124,14,0,0
BRDA:124,14,1,0
BRDA:139,15,0,0
BRDA:139,15,1,0
BRDA:141,16,0,0
BRDA:141,16,1,0
BRDA:149,17,0,0
BRDA:149,17,1,0
BRDA:152,18,0,0
BRDA:152,18,1,0
BRDA:152,19,0,0
BRDA:152,19,1,0
BRDA:161,20,0,0
BRDA:161,20,1,0
BRDA:164,21,0,0
BRDA:164,21,1,0
BRDA:164,22,0,0
BRDA:164,22,1,0
BRF:46
BRH:0
end_of_record
TN:
SF:src/shared/lib/storage/customCatalogGroupStorage.ts
FN:16,isCustomCatalogGroupKey
FN:20,newCustomGroupId
FN:28,readRoot
FN:33,writeRoot
FN:37,normalize
FN:52,listCustomCatalogGroups
FN:57,createCustomCatalogGroup
FN:61,(anonymous_7)
FN:68,renameCustomCatalogGroup
FN:72,(anonymous_9)
FN:80,removeCustomCatalogGroup
FN:81,(anonymous_11)
FNF:12
FNH:0
FNDA:0,isCustomCatalogGroupKey
FNDA:0,newCustomGroupId
FNDA:0,readRoot
FNDA:0,writeRoot
FNDA:0,normalize
FNDA:0,listCustomCatalogGroups
FNDA:0,createCustomCatalogGroup
FNDA:0,(anonymous_7)
FNDA:0,renameCustomCatalogGroup
FNDA:0,(anonymous_9)
FNDA:0,removeCustomCatalogGroup
FNDA:0,(anonymous_11)
DA:12,0
DA:13,0
DA:17,0
DA:21,0
DA:23,0
DA:25,0
DA:29,0
DA:30,0
DA:34,0
DA:38,0
DA:39,0
DA:40,0
DA:41,0
DA:42,0
DA:43,0
DA:44,0
DA:45,0
DA:46,0
DA:47,0
DA:49,0
DA:53,0
DA:58,0
DA:59,0
DA:60,0
DA:61,0
DA:62,0
DA:63,0
DA:64,0
DA:65,0
DA:69,0
DA:70,0
DA:71,0
DA:72,0
DA:73,0
DA:74,0
DA:75,0
DA:76,0
DA:77,0
DA:81,0
DA:82,0
LF:40
LH:0
BRDA:17,0,0,0
BRDA:17,0,1,0
BRDA:17,0,2,0
BRDA:23,1,0,0
BRDA:23,1,1,0
BRDA:29,2,0,0
BRDA:29,2,1,0
BRDA:30,3,0,0
BRDA:30,3,1,0
BRDA:30,4,0,0
BRDA:30,4,1,0
BRDA:38,5,0,0
BRDA:38,5,1,0
BRDA:42,6,0,0
BRDA:42,6,1,0
BRDA:42,7,0,0
BRDA:42,7,1,0
BRDA:43,8,0,0
BRDA:43,8,1,0
BRDA:44,9,0,0
BRDA:44,9,1,0
BRDA:45,10,0,0
BRDA:45,10,1,0
BRDA:45,11,0,0
BRDA:45,11,1,0
BRDA:45,11,2,0
BRDA:59,12,0,0
BRDA:59,12,1,0
BRDA:62,13,0,0
BRDA:62,13,1,0
BRDA:70,14,0,0
BRDA:70,14,1,0
BRDA:73,15,0,0
BRDA:73,15,1,0
BRDA:74,16,0,0
BRDA:74,16,1,0
BRF:36
BRH:0
end_of_record
TN:
SF:src/shared/lib/storage/customFlowCatalogStorage.ts
FN:21,readRoot
FN:26,writeRoot
FN:30,normalizeEntries
FN:62,listCustomFlowCatalogEntries
FN:67,listCustomFlowCatalogIds
FN:68,(anonymous_5)
FN:72,appendCustomFlowCatalogEntry
FN:80,(anonymous_7)
FN:92,appendCustomFlowCatalogId
FN:97,updateCustomFlowCatalogGroup
FN:102,(anonymous_10)
FN:113,removeCustomFlowCatalogId
FN:115,(anonymous_12)
FN:120,reassignCustomFlowGroup
FN:124,(anonymous_14)
FNF:15
FNH:0
FNDA:0,readRoot
FNDA:0,writeRoot
FNDA:0,normalizeEntries
FNDA:0,listCustomFlowCatalogEntries
FNDA:0,listCustomFlowCatalogIds
FNDA:0,(anonymous_5)
FNDA:0,appendCustomFlowCatalogEntry
FNDA:0,(anonymous_7)
FNDA:0,appendCustomFlowCatalogId
FNDA:0,updateCustomFlowCatalogGroup
FNDA:0,(anonymous_10)
FNDA:0,removeCustomFlowCatalogId
FNDA:0,(anonymous_12)
FNDA:0,reassignCustomFlowGroup
FNDA:0,(anonymous_14)
DA:19,0
DA:22,0
DA:23,0
DA:27,0
DA:31,0
DA:32,0
DA:34,0
DA:35,0
DA:36,0
DA:37,0
DA:38,0
DA:40,0
DA:43,0
DA:44,0
DA:48,0
DA:49,0
DA:50,0
DA:51,0
DA:52,0
DA:53,0
DA:54,0
DA:58,0
DA:63,0
DA:68,0
DA:73,0
DA:74,0
DA:76,0
DA:79,0
DA:80,0
DA:81,0
DA:82,0
DA:83,0
DA:84,0
DA:85,0
DA:86,0
DA:88,0
DA:93,0
DA:98,0
DA:99,0
DA:100,0
DA:101,0
DA:102,0
DA:103,0
DA:104,0
DA:105,0
DA:107,0
DA:108,0
DA:109,0
DA:110,0
DA:114,0
DA:115,0
DA:116,0
DA:121,0
DA:122,0
DA:123,0
DA:124,0
DA:125,0
DA:126,0
DA:127,0
DA:129,0
LF:60
LH:0
BRDA:22,0,0,0
BRDA:22,0,1,0
BRDA:23,1,0,0
BRDA:23,1,1,0
BRDA:23,2,0,0
BRDA:23,2,1,0
BRDA:34,3,0,0
BRDA:34,3,1,0
BRDA:36,4,0,0
BRDA:36,4,1,0
BRDA:36,5,0,0
BRDA:36,5,1,0
BRDA:37,6,0,0
BRDA:37,6,1,0
BRDA:38,7,0,0
BRDA:38,7,1,0
BRDA:38,8,0,0
BRDA:38,8,1,0
BRDA:40,9,0,0
BRDA:40,9,1,0
BRDA:40,10,0,0
BRDA:40,10,1,0
BRDA:48,11,0,0
BRDA:48,11,1,0
BRDA:50,12,0,0
BRDA:50,12,1,0
BRDA:52,13,0,0
BRDA:52,13,1,0
BRDA:52,14,0,0
BRDA:52,14,1,0
BRDA:74,15,0,0
BRDA:74,15,1,0
BRDA:76,16,0,0
BRDA:76,16,1,0
BRDA:76,17,0,0
BRDA:76,17,1,0
BRDA:81,18,0,0
BRDA:81,18,1,0
BRDA:82,19,0,0
BRDA:82,19,1,0
BRDA:99,20,0,0
BRDA:99,20,1,0
BRDA:100,21,0,0
BRDA:100,21,1,0
BRDA:103,22,0,0
BRDA:103,22,1,0
BRDA:107,23,0,0
BRDA:107,23,1,0
BRDA:121,24,0,0
BRDA:121,24,1,0
BRDA:125,25,0,0
BRDA:125,25,1,0
BRDA:129,26,0,0
BRDA:129,26,1,0
BRF:54
BRH:0
end_of_record
TN:
SF:src/shared/lib/storage/dailyRhythmOnboardingStorage.ts
FN:8,loadDailyRhythmOnboardingCompleted
FN:15,markDailyRhythmOnboardingCompleted
FNF:2
FNH:0
FNDA:0,loadDailyRhythmOnboardingCompleted
FNDA:0,markDailyRhythmOnboardingCompleted
DA:9,0
DA:12,0
DA:16,0
LF:3
LH:0
BRF:0
BRH:0
end_of_record
TN:
SF:src/shared/lib/storage/dayPlanDraftStorage.ts
FN:21,loadDayPlanDraft
FN:25,saveDayPlanDraft
FNF:2
FNH:0
FNDA:0,loadDayPlanDraft
FNDA:0,saveDayPlanDraft
DA:22,0
DA:26,0
LF:2
LH:0
BRF:0
BRH:0
end_of_record
TN:
SF:src/shared/lib/storage/dayPlanStorage.ts
FN:20,loadDayPlan
FN:24,saveDayPlan
FNF:2
FNH:0
FNDA:0,loadDayPlan
FNDA:0,saveDayPlan
DA:21,0
DA:25,0
LF:2
LH:0
BRF:0
BRH:0
end_of_record
TN:
SF:src/shared/lib/storage/goalDetailSettingsStorage.ts
FN:13,readRoot
FN:25,ensureCommittedCategoryMigration
FN:43,loadGoalDetailCategoryConfig
FN:53,listGoalDetailCategoryConfigKeys
FN:59,hasGoalDetailCommittedCategory
FN:65,appendGoalDetailCommittedCategoryKeys
FN:66,(anonymous_6)
FN:71,(anonymous_7)
FN:78,saveGoalDetailCategoryConfig
FN:94,removeGoalDetailCategoryConfig
FN:102,(anonymous_10)
FN:111,loadGoalDetailBlockConfig
FN:120,saveGoalDetailBlockConfig
FNF:13
FNH:0
FNDA:0,readRoot
FNDA:0,ensureCommittedCategoryMigration
FNDA:0,loadGoalDetailCategoryConfig
FNDA:0,listGoalDetailCategoryConfigKeys
FNDA:0,hasGoalDetailCommittedCategory
FNDA:0,appendGoalDetailCommittedCategoryKeys
FNDA:0,(anonymous_6)
FNDA:0,(anonymous_7)
FNDA:0,saveGoalDetailCategoryConfig
FNDA:0,removeGoalDetailCategoryConfig
FNDA:0,(anonymous_10)
FNDA:0,loadGoalDetailBlockConfig
FNDA:0,saveGoalDetailBlockConfig
DA:15,0
DA:18,0
DA:26,0
DA:27,0
DA:29,0
DA:30,0
DA:32,0
DA:36,0
DA:44,0
DA:45,0
DA:46,0
DA:47,0
DA:54,0
DA:55,0
DA:60,0
DA:61,0
DA:62,0
DA:66,0
DA:67,0
DA:68,0
DA:69,0
DA:70,0
DA:71,0
DA:72,0
DA:82,0
DA:83,0
DA:84,0
DA:85,0
DA:86,0
DA:95,0
DA:96,0
DA:97,0
DA:98,0
DA:99,0
DA:100,0
DA:102,0
DA:103,0
DA:112,0
DA:113,0
DA:114,0
DA:115,0
DA:121,0
DA:122,0
DA:123,0
DA:124,0
DA:125,0
LF:46
LH:0
BRDA:15,0,0,0
BRDA:15,0,1,0
BRDA:18,1,0,0
BRDA:18,1,1,0
BRDA:18,2,0,0
BRDA:18,2,1,0
BRDA:27,3,0,0
BRDA:27,3,1,0
BRDA:30,4,0,0
BRDA:30,4,1,0
BRDA:32,5,0,0
BRDA:32,5,1,0
BRDA:32,6,0,0
BRDA:32,6,1,0
BRDA:34,7,0,0
BRDA:34,7,1,0
BRDA:44,8,0,0
BRDA:44,8,1,0
BRDA:46,9,0,0
BRDA:46,9,1,0
BRDA:47,10,0,0
BRDA:47,10,1,0
BRDA:55,11,0,0
BRDA:55,11,1,0
BRDA:62,12,0,0
BRDA:62,12,1,0
BRDA:67,13,0,0
BRDA:67,13,1,0
BRDA:70,14,0,0
BRDA:70,14,1,0
BRDA:82,15,0,0
BRDA:82,15,1,0
BRDA:84,16,0,0
BRDA:84,16,1,0
BRDA:89,17,0,0
BRDA:89,17,1,0
BRDA:96,18,0,0
BRDA:96,18,1,0
BRDA:98,19,0,0
BRDA:98,19,1,0
BRDA:99,20,0,0
BRDA:99,20,1,0
BRDA:102,21,0,0
BRDA:102,21,1,0
BRDA:106,22,0,0
BRDA:106,22,1,0
BRDA:112,23,0,0
BRDA:112,23,1,0
BRDA:114,24,0,0
BRDA:114,24,1,0
BRDA:115,25,0,0
BRDA:115,25,1,0
BRDA:121,26,0,0
BRDA:121,26,1,0
BRDA:123,27,0,0
BRDA:123,27,1,0
BRDA:127,28,0,0
BRDA:127,28,1,0
BRF:58
BRH:0
end_of_record
TN:
SF:src/shared/lib/storage/historyStorage.ts
FN:34,clampInt
FN:40,clampRate
FN:46,normalizeCategoryMinutes
FN:58,normalizeCategoryCounts
FN:72,normalizeDaily
FN:79,(anonymous_5)
FN:93,normalizeAchievement
FN:106,loadHistoryDailyStats
FN:110,(anonymous_8)
FN:111,(anonymous_9)
FN:112,(anonymous_10)
FN:115,saveHistoryDailyStats
FN:122,(anonymous_12)
FN:126,loadHistoryAchievements
FN:130,(anonymous_14)
FN:131,(anonymous_15)
FN:132,(anonymous_16)
FN:135,saveHistoryAchievements
FN:143,(anonymous_18)
FN:148,loadHistoryMeta
FN:157,saveHistoryMeta
FN:167,clearHistoryStorage
FNF:22
FNH:0
FNDA:0,clampInt
FNDA:0,clampRate
FNDA:0,normalizeCategoryMinutes
FNDA:0,normalizeCategoryCounts
FNDA:0,normalizeDaily
FNDA:0,(anonymous_5)
FNDA:0,normalizeAchievement
FNDA:0,loadHistoryDailyStats
FNDA:0,(anonymous_8)
FNDA:0,(anonymous_9)
FNDA:0,(anonymous_10)
FNDA:0,saveHistoryDailyStats
FNDA:0,(anonymous_12)
FNDA:0,loadHistoryAchievements
FNDA:0,(anonymous_14)
FNDA:0,(anonymous_15)
FNDA:0,(anonymous_16)
FNDA:0,saveHistoryAchievements
FNDA:0,(anonymous_18)
FNDA:0,loadHistoryMeta
FNDA:0,saveHistoryMeta
FNDA:0,clearHistoryStorage
DA:31,0
DA:32,0
DA:35,0
DA:36,0
DA:37,0
DA:41,0
DA:42,0
DA:43,0
DA:47,0
DA:48,0
DA:49,0
DA:50,0
DA:51,0
DA:52,0
DA:53,0
DA:55,0
DA:61,0
DA:62,0
DA:63,0
DA:64,0
DA:65,0
DA:66,0
DA:67,0
DA:69,0
DA:73,0
DA:74,0
DA:76,0
DA:79,0
DA:82,0
DA:94,0
DA:95,0
DA:96,0
DA:97,0
DA:107,0
DA:108,0
DA:109,0
DA:110,0
DA:111,0
DA:112,0
DA:116,0
DA:117,0
DA:118,0
DA:119,0
DA:120,0
DA:122,0
DA:123,0
DA:127,0
DA:128,0
DA:129,0
DA:130,0
DA:131,0
DA:132,0
DA:136,0
DA:137,0
DA:138,0
DA:139,0
DA:140,0
DA:142,0
DA:143,0
DA:145,0
DA:149,0
DA:150,0
DA:151,0
DA:158,0
DA:168,0
DA:169,0
DA:170,0
LF:67
LH:0
BRDA:34,0,0,0
BRDA:35,1,0,0
BRDA:35,1,1,0
BRDA:36,2,0,0
BRDA:36,2,1,0
BRDA:42,3,0,0
BRDA:42,3,1,0
BRDA:48,4,0,0
BRDA:48,4,1,0
BRDA:50,5,0,0
BRDA:50,5,1,0
BRDA:52,6,0,0
BRDA:52,6,1,0
BRDA:62,7,0,0
BRDA:62,7,1,0
BRDA:64,8,0,0
BRDA:64,8,1,0
BRDA:66,9,0,0
BRDA:66,9,1,0
BRDA:76,10,0,0
BRDA:76,10,1,0
BRDA:96,11,0,0
BRDA:96,11,1,0
BRDA:96,12,0,0
BRDA:96,12,1,0
BRDA:102,13,0,0
BRDA:102,13,1,0
BRDA:108,14,0,0
BRDA:108,14,1,0
BRDA:108,15,0,0
BRDA:108,15,1,0
BRDA:108,15,2,0
BRDA:110,16,0,0
BRDA:110,16,1,0
BRDA:119,17,0,0
BRDA:119,17,1,0
BRDA:128,18,0,0
BRDA:128,18,1,0
BRDA:128,19,0,0
BRDA:128,19,1,0
BRDA:128,19,2,0
BRDA:139,20,0,0
BRDA:139,20,1,0
BRDA:150,21,0,0
BRDA:150,21,1,0
BRDA:150,22,0,0
BRDA:150,22,1,0
BRDA:150,22,2,0
BRDA:152,23,0,0
BRDA:152,23,1,0
BRDA:161,24,0,0
BRDA:161,24,1,0
BRF:52
BRH:0
end_of_record
TN:
SF:src/shared/lib/storage/localStorageClient.ts
FN:18,trackNativeWrite
FN:20,(anonymous_1)
FN:25,getBrowserStorage
FN:42,initLocalStorageClient
FN:50,(anonymous_4)
FN:73,flushLocalStorageClientWrites
FN:79,(anonymous_6)
FN:90,(anonymous_7)
FN:95,(anonymous_8)
FN:108,(anonymous_9)
FN:113,(anonymous_10)
FN:126,(anonymous_11)
FN:137,(anonymous_12)
FNF:13
FNH:0
FNDA:0,trackNativeWrite
FNDA:0,(anonymous_1)
FNDA:0,getBrowserStorage
FNDA:0,initLocalStorageClient
FNDA:0,(anonymous_4)
FNDA:0,flushLocalStorageClientWrites
FNDA:0,(anonymous_6)
FNDA:0,(anonymous_7)
FNDA:0,(anonymous_8)
FNDA:0,(anonymous_9)
FNDA:0,(anonymous_10)
FNDA:0,(anonymous_11)
FNDA:0,(anonymous_12)
DA:12,0
DA:13,0
DA:14,0
DA:15,0
DA:16,0
DA:19,0
DA:20,0
DA:21,0
DA:26,0
DA:27,0
DA:28,0
DA:34,0
DA:36,0
DA:39,0
DA:40,0
DA:43,0
DA:44,0
DA:45,0
DA:47,0
DA:48,0
DA:50,0
DA:51,0
DA:52,0
DA:53,0
DA:54,0
DA:55,0
DA:56,0
DA:57,0
DA:58,0
DA:65,0
DA:66,0
DA:70,0
DA:74,0
DA:75,0
DA:78,0
DA:80,0
DA:81,0
DA:82,0
DA:84,0
DA:86,0
DA:91,0
DA:92,0
DA:93,0
DA:94,0
DA:95,0
DA:98,0
DA:100,0
DA:102,0
DA:109,0
DA:110,0
DA:111,0
DA:112,0
DA:113,0
DA:116,0
DA:118,0
DA:120,0
DA:127,0
DA:128,0
DA:130,0
DA:131,0
DA:133,0
DA:138,0
DA:139,0
LF:63
LH:0
BRDA:28,0,0,0
BRDA:28,0,1,0
BRDA:29,1,0,0
BRDA:29,1,1,0
BRDA:29,1,2,0
BRDA:29,1,3,0
BRDA:43,2,0,0
BRDA:43,2,1,0
BRDA:43,3,0,0
BRDA:43,3,1,0
BRDA:47,4,0,0
BRDA:47,4,1,0
BRDA:48,5,0,0
BRDA:48,5,1,0
BRDA:54,6,0,0
BRDA:54,6,1,0
BRDA:57,7,0,0
BRDA:57,7,1,0
BRDA:74,8,0,0
BRDA:74,8,1,0
BRDA:81,9,0,0
BRDA:81,9,1,0
BRDA:82,10,0,0
BRDA:82,10,1,0
BRDA:92,11,0,0
BRDA:92,11,1,0
BRDA:94,12,0,0
BRDA:94,12,1,0
BRDA:110,13,0,0
BRDA:110,13,1,0
BRDA:112,14,0,0
BRDA:112,14,1,0
BRDA:128,15,0,0
BRDA:128,15,1,0
BRF:34
BRH:0
end_of_record
TN:
SF:src/shared/lib/storage/migrateLegacyStorageKeys.ts
FN:14,migrateLegacyStorageKeys
FN:26,(anonymous_1)
FN:26,(anonymous_2)
FNF:3
FNH:0
FNDA:0,migrateLegacyStorageKeys
FNDA:0,(anonymous_1)
FNDA:0,(anonymous_2)
DA:15,0
DA:17,0
DA:18,0
DA:19,0
DA:21,0
DA:22,0
DA:23,0
DA:24,0
DA:25,0
DA:26,0
DA:29,0
DA:30,0
DA:34,0
LF:13
LH:0
BRDA:15,0,0,0
BRDA:15,0,1,0
BRDA:19,1,0,0
BRDA:19,1,1,0
BRDA:29,2,0,0
BRDA:29,2,1,0
BRDA:29,3,0,0
BRDA:29,3,1,0
BRDA:29,3,2,0
BRDA:29,3,3,0
BRF:10
BRH:0
end_of_record
TN:
SF:src/shared/lib/storage/priorityBagRemoveConfirmStorage.ts
FN:6,loadPriorityBagRemoveConfirmSkip
FN:11,savePriorityBagRemoveConfirmSkip
FNF:2
FNH:0
FNDA:0,loadPriorityBagRemoveConfirmSkip
FNDA:0,savePriorityBagRemoveConfirmSkip
DA:7,0
DA:8,0
DA:12,0
LF:3
LH:0
BRF:0
BRH:0
end_of_record
TN:
SF:src/shared/lib/storage/priorityCatalogFixedRoutinesStorage.ts
FN:9,loadPriorityCatalogFixedRoutineKeys
FN:13,(anonymous_1)
FN:16,savePriorityCatalogFixedRoutineKeys
FNF:3
FNH:0
FNDA:0,loadPriorityCatalogFixedRoutineKeys
FNDA:0,(anonymous_1)
FNDA:0,savePriorityCatalogFixedRoutineKeys
DA:10,0
DA:11,0
DA:12,0
DA:13,0
DA:17,0
LF:5
LH:0
BRDA:11,0,0,0
BRDA:11,0,1,0
BRDA:11,1,0,0
BRDA:11,1,1,0
BRDA:13,2,0,0
BRDA:13,2,1,0
BRDA:13,3,0,0
BRDA:13,3,1,0
BRF:8
BRH:0
end_of_record
TN:
SF:src/shared/lib/storage/settingsStorage.ts
FN:64,readRoot
FN:70,loadDayPlanScheduledNotifications
FN:75,(anonymous_2)
FN:86,saveDayPlanScheduledNotifications
FN:101,loadPriorityDayStartAlarm
FN:113,savePriorityDayStartAlarm
FN:124,isCategoryReminderRuleRow
FN:129,(anonymous_7)
FN:132,loadCategoryReminderRules
FN:144,saveCategoryReminderRules
FN:152,loadCategoryReminderScheduled
FN:157,(anonymous_11)
FN:167,saveCategoryReminderScheduled
FN:175,loadMedicineReminderScheduled
FN:180,(anonymous_14)
FN:190,saveMedicineReminderScheduled
FN:198,loadWaterReminderScheduled
FN:203,(anonymous_17)
FN:213,saveWaterReminderScheduled
FN:221,isGoalDetailIncompleteReminderRule
FN:226,(anonymous_20)
FN:234,loadGoalDetailIncompleteReminderRule
FN:243,saveGoalDetailIncompleteReminderRule
FN:254,loadGoalDetailIncompleteReminderScheduled
FN:259,(anonymous_24)
FN:269,saveGoalDetailIncompleteReminderScheduled
FNF:26
FNH:0
FNDA:0,readRoot
FNDA:0,loadDayPlanScheduledNotifications
FNDA:0,(anonymous_2)
FNDA:0,saveDayPlanScheduledNotifications
FNDA:0,loadPriorityDayStartAlarm
FNDA:0,savePriorityDayStartAlarm
FNDA:0,isCategoryReminderRuleRow
FNDA:0,(anonymous_7)
FNDA:0,loadCategoryReminderRules
FNDA:0,saveCategoryReminderRules
FNDA:0,loadCategoryReminderScheduled
FNDA:0,(anonymous_11)
FNDA:0,saveCategoryReminderScheduled
FNDA:0,loadMedicineReminderScheduled
FNDA:0,(anonymous_14)
FNDA:0,saveMedicineReminderScheduled
FNDA:0,loadWaterReminderScheduled
FNDA:0,(anonymous_17)
FNDA:0,saveWaterReminderScheduled
FNDA:0,isGoalDetailIncompleteReminderRule
FNDA:0,(anonymous_20)
FNDA:0,loadGoalDetailIncompleteReminderRule
FNDA:0,saveGoalDetailIncompleteReminderRule
FNDA:0,loadGoalDetailIncompleteReminderScheduled
FNDA:0,(anonymous_24)
FNDA:0,saveGoalDetailIncompleteReminderScheduled
DA:66,0
DA:67,0
DA:71,0
DA:72,0
DA:73,0
DA:74,0
DA:76,0
DA:89,0
DA:90,0
DA:96,0
DA:102,0
DA:103,0
DA:104,0
DA:105,0
DA:107,0
DA:114,0
DA:115,0
DA:125,0
DA:126,0
DA:127,0
DA:128,0
DA:129,0
DA:133,0
DA:134,0
DA:135,0
DA:136,0
DA:137,0
DA:138,0
DA:139,0
DA:141,0
DA:145,0
DA:146,0
DA:153,0
DA:154,0
DA:155,0
DA:156,0
DA:158,0
DA:168,0
DA:169,0
DA:176,0
DA:177,0
DA:178,0
DA:179,0
DA:181,0
DA:191,0
DA:192,0
DA:199,0
DA:200,0
DA:201,0
DA:202,0
DA:204,0
DA:214,0
DA:215,0
DA:222,0
DA:223,0
DA:224,0
DA:225,0
DA:226,0
DA:229,0
DA:235,0
DA:236,0
DA:237,0
DA:238,0
DA:240,0
DA:244,0
DA:245,0
DA:255,0
DA:256,0
DA:257,0
DA:258,0
DA:260,0
DA:272,0
DA:273,0
LF:73
LH:0
BRDA:66,0,0,0
BRDA:66,0,1,0
BRDA:67,1,0,0
BRDA:67,1,1,0
BRDA:67,2,0,0
BRDA:67,2,1,0
BRDA:73,3,0,0
BRDA:73,3,1,0
BRDA:77,4,0,0
BRDA:77,4,1,0
BRDA:77,4,2,0
BRDA:77,4,3,0
BRDA:77,4,4,0
BRDA:77,4,5,0
BRDA:104,5,0,0
BRDA:104,5,1,0
BRDA:104,6,0,0
BRDA:104,6,1,0
BRDA:109,7,0,0
BRDA:109,7,1,0
BRDA:125,8,0,0
BRDA:125,8,1,0
BRDA:125,9,0,0
BRDA:125,9,1,0
BRDA:127,10,0,0
BRDA:127,10,1,0
BRDA:128,11,0,0
BRDA:128,11,1,0
BRDA:135,12,0,0
BRDA:135,12,1,0
BRDA:135,13,0,0
BRDA:135,13,1,0
BRDA:138,14,0,0
BRDA:138,14,1,0
BRDA:138,15,0,0
BRDA:138,15,1,0
BRDA:155,16,0,0
BRDA:155,16,1,0
BRDA:159,17,0,0
BRDA:159,17,1,0
BRDA:159,17,2,0
BRDA:159,17,3,0
BRDA:178,18,0,0
BRDA:178,18,1,0
BRDA:182,19,0,0
BRDA:182,19,1,0
BRDA:182,19,2,0
BRDA:182,19,3,0
BRDA:201,20,0,0
BRDA:201,20,1,0
BRDA:205,21,0,0
BRDA:205,21,1,0
BRDA:205,21,2,0
BRDA:205,21,3,0
BRDA:222,22,0,0
BRDA:222,22,1,0
BRDA:222,23,0,0
BRDA:222,23,1,0
BRDA:224,24,0,0
BRDA:224,24,1,0
BRDA:225,25,0,0
BRDA:225,25,1,0
BRDA:237,26,0,0
BRDA:237,26,1,0
BRDA:237,27,0,0
BRDA:237,27,1,0
BRDA:257,28,0,0
BRDA:257,28,1,0
BRDA:261,29,0,0
BRDA:261,29,1,0
BRDA:261,29,2,0
BRDA:261,29,3,0
BRF:72
BRH:0
end_of_record
TN:
SF:src/shared/lib/storage/storageKeys.ts
FNF:0
FNH:0
DA:1,1
DA:28,1
DA:31,1
LF:3
LH:3
BRF:0
BRH:0
end_of_record
TN:
SF:src/shared/lib/storage/widgetDayPlanSync.ts
FN:9,syncDayPlanToWidget
FNF:1
FNH:0
FNDA:0,syncDayPlanToWidget
DA:10,0
DA:11,0
DA:12,0
DA:13,0
DA:14,0
LF:5
LH:0
BRDA:10,0,0,0
BRDA:10,0,1,0
BRDA:12,1,0,0
BRDA:12,1,1,0
BRF:4
BRH:0
end_of_record
TN:
SF:src/shared/lib/support/openSupportMail.ts
FN:9,showSupportMailFallback
FN:19,(anonymous_1)
FN:25,(anonymous_2)
FN:41,openSupportMailComposer
FNF:4
FNH:0
FNDA:0,showSupportMailFallback
FNDA:0,(anonymous_1)
FNDA:0,(anonymous_2)
FNDA:0,openSupportMailComposer
DA:10,0
DA:11,0
DA:12,0
DA:13,0
DA:20,0
DA:26,0
DA:27,0
DA:28,0
DA:29,0
DA:31,0
DA:42,0
DA:43,0
DA:44,0
DA:46,0
DA:47,0
DA:48,0
DA:49,0
DA:54,0
DA:60,0
DA:61,0
DA:62,0
DA:67,0
LF:22
LH:0
BRDA:48,0,0,0
BRDA:48,0,1,0
BRF:2
BRH:0
end_of_record
TN:
SF:src/shared/lib/support/supportMailContent.ts
FN:10,getSupportMailSubject
FN:18,getSupportMailBody
FN:19,(anonymous_2)
FN:50,getDisplayedAppVersionLabel
FNF:4
FNH:4
FNDA:1,getSupportMailSubject
FNDA:1,getSupportMailBody
FNDA:1,(anonymous_2)
FNDA:1,getDisplayedAppVersionLabel
DA:7,1
DA:11,1
DA:19,1
DA:20,1
DA:21,1
DA:22,1
DA:23,1
DA:24,0
DA:25,0
DA:27,0
DA:28,0
DA:30,0
DA:34,1
DA:36,1
DA:38,1
DA:40,1
DA:51,1
LF:17
LH:12
BRDA:20,0,0,1
BRDA:20,0,1,0
BRDA:23,1,0,1
BRDA:23,1,1,0
BRDA:23,2,0,1
BRDA:23,2,1,1
BRDA:24,3,0,0
BRDA:24,3,1,0
BRDA:25,4,0,0
BRDA:25,4,1,0
BRDA:27,5,0,0
BRDA:27,5,1,0
BRDA:28,6,0,0
BRDA:28,6,1,0
BRDA:30,7,0,0
BRDA:30,7,1,0
BRDA:34,8,0,1
BRDA:34,8,1,0
BRDA:35,9,0,0
BRDA:35,9,1,0
BRDA:35,10,0,0
BRDA:35,10,1,0
BRDA:36,11,0,1
BRDA:36,11,1,0
BRDA:38,12,0,1
BRDA:38,12,1,0
BRDA:38,12,2,0
BRDA:51,13,0,1
BRDA:51,13,1,0
BRDA:51,13,2,0
BRF:30
BRH:8
end_of_record
TN:
SF:src/shared/lib/ui/tabPillColors.ts
FN:2,tabPillColors
FNF:1
FNH:1
FNDA:2,tabPillColors
DA:3,2
DA:4,1
DA:13,1
LF:3
LH:3
BRDA:3,0,0,1
BRDA:3,0,1,1
BRF:2
BRH:2
end_of_record
